Loading training data from ../Training-Data-Generation/symbolic-regression-data/training/public_class_java_util_ArrayList_E_.json
Max samples per file: 10000
------------------------------------------------------------
Loading public_class_java_util_ArrayList_E_.json... (1000 samples)
------------------------------------------------------------
Loaded 1000 total samples from 1 files
Learning PushGP programs for 12 methods: ['size#0', 'set#int_obj', 'indexOf#obj', 'remove#obj', 'contains#obj', 'get#int', 'remove#int', 'lastIndexOf#obj', 'clear#0', 'isEmpty#0', 'add#obj', 'add#int_obj']
Gen 0: Fitness=0.459748, Acc=0.172, Complexity=0.005
  size#0: ['INT.SUB']
  set#int_obj: [['DS.LAST_INDEX_OF'], 'BOOL.CONST.True', 'BOOL.NOT']
  indexOf#obj: ['DS.LAST_INDEX_OF']
  remove#obj: ['INT.CONST.1', 'BOOL.CONST.False', 'INT.CONST.1']
  contains#obj: [['DS.INSERT.AT.INDEX'], 'INT.CONST.1']
  get#int: ['BOOL.CONST.False']
  remove#int: ['BOOL.NOT']
  lastIndexOf#obj: ['INT.CONST.0']
  clear#0: ['ITE']
  isEmpty#0: ['POP.ANY']
  add#obj: ['INT.CONST.0', 'BOOL.NOT', 'DS.SET.INDEX', 'BOOL.CONST.True']
  add#int_obj: [['DS.REMOVE.INDEX'], ['DS.SET.INDEX', 'DS.LAST_INDEX_OF'], [['BOOL.AND']], ['ITE']]
Gen 25: Fitness=0.171191, Acc=0.576, Complexity=0.007
  size#0: ['DS.SIZE', 'DUP.ANY']
  set#int_obj: [['BOOL.NOT', 'INT.CONST.1', 'DUP.ANY'], 'DS.INSERT.AT.INDEX']
  indexOf#obj: ['DS.CLEAR', 'ITE', ['INT.CONST.-1']]
  get#int: ['INT.CONST.0', 'DS.SET.INDEX']
  clear#0: ['BOOL.OR']
  isEmpty#0: ['BOOL.CONST.True', 'INT.CONST.1']
  add#int_obj: ['DS.SET.INDEX']
  remove#obj: ['DS.SET.INDEX', ['DS.LAST_INDEX_OF', 'BOOL.CONST.False']]
  contains#obj: ['DS.LAST_INDEX_OF', 'BOOL.CONST.False', ['POP.ANY']]
  remove#int: [['BOOL.AND', 'INT.LT', 'DS.REMOVE.INDEX', 'INT.ADD'], 'BOOL.CONST.True', 'DS.INSERT.AT.INDEX']
  lastIndexOf#obj: ['DS.CLEAR', [['INT.ADD']], 'DS.LAST_INDEX_OF', 'DS.INDEX_OF', 'DS.LAST_INDEX_OF']
  add#obj: ['ITE', 'BOOL.CONST.True']
Gen 50: Fitness=0.161177, Acc=0.580, Complexity=0.008
  size#0: ['DS.SIZE', 'DUP.ANY']
  set#int_obj: [['BOOL.NOT', 'DS.GET.INDEX', 'DUP.ANY'], ['POP.ANY']]
  indexOf#obj: ['DS.CLEAR', 'INT.CONST.-1', 'INT.EQ', ['INT.CONST.-1']]
  get#int: ['INT.CONST.0', [['BOOL.AND'], [['DS.CLEAR'], ['DS.GET.INDEX']], ['DS.CLEAR', 'DS.GET.INDEX'], 'BOOL.CONST.True']]
  clear#0: ['BOOL.OR']
  isEmpty#0: ['BOOL.CONST.True', 'INT.CONST.1']
  add#int_obj: ['DS.SET.INDEX']
  remove#obj: ['DS.SET.INDEX', ['DS.LAST_INDEX_OF', 'BOOL.CONST.False']]
  contains#obj: ['POP.ANY', 'BOOL.CONST.False', ['INT.LT']]
  remove#int: [['BOOL.AND', 'INT.LT', 'DS.REMOVE.INDEX', 'INT.ADD'], 'BOOL.CONST.True', 'DS.INSERT.AT.INDEX']
  lastIndexOf#obj: [['INT.CONST.-1'], [['INT.ADD']], 'ITE', 'DS.INDEX_OF', 'INT.CONST.-1']
  add#obj: ['DS.INDEX_OF', 'BOOL.CONST.True']
Gen 75: Fitness=0.139209, Acc=0.605, Complexity=0.009
  size#0: ['DS.SIZE', 'BOOL.NOT']
  set#int_obj: ['DS.GET.INDEX', ['DS.SET.INDEX', 'DUP.ANY', 'BOOL.CONST.False']]
  indexOf#obj: ['DS.CLEAR', 'DS.INSERT.AT.INDEX', ['INT.CONST.-1']]
  get#int: ['DS.INDEX_OF', 'BOOL.CONST.True', 'DS.GET.INDEX']
  clear#0: ['DS.CLEAR', 'BOOL.OR']
  isEmpty#0: ['BOOL.CONST.True']
  add#int_obj: ['DS.SET.INDEX']
  remove#obj: [[['DS.REMOVE.INDEX'], 'DUP.ANY'], ['BOOL.CONST.True', 'BOOL.CONST.False']]
  contains#obj: ['DS.LAST_INDEX_OF', [[['DS.SET.INDEX'], 'DS.SIZE'], 'BOOL.CONST.False', ['BOOL.AND']]]
  remove#int: ['BOOL.CONST.False', ['DS.REMOVE.INDEX']]
  lastIndexOf#obj: ['BOOL.NOT', [['INT.ADD']], 'DS.LAST_INDEX_OF', [[['BOOL.CONST.True', ['BOOL.AND'], 'INT.CONST.-1', 'DS.GET.INDEX']], ['INT.EQ']], 'INT.SUB']
  add#obj: ['DS.INDEX_OF', ['DS.SIZE', 'DS.SIZE', 'BOOL.OR', [[['DS.INSERT.AT.INDEX']]]], [[['DS.INSERT.AT.INDEX']], ['DS.REMOVE.INDEX'], ['DS.SET.INDEX'], 'BOOL.CONST.True']]
Gen 100: Fitness=0.113755, Acc=0.676, Complexity=0.009
  size#0: ['DS.SIZE', 'BOOL.NOT']
  set#int_obj: ['DS.GET.INDEX', ['DS.SET.INDEX', 'DUP.ANY', 'DS.REMOVE.INDEX']]
  indexOf#obj: ['DS.INSERT.AT.INDEX', 'BOOL.OR', ['INT.CONST.-1']]
  get#int: ['DS.INDEX_OF', ['INT.CONST.0'], 'DS.GET.INDEX']
  clear#0: ['BOOL.OR', 'DS.CLEAR']
  isEmpty#0: [[['INT.CONST.0'], ['BOOL.CONST.True']], 'BOOL.CONST.True']
  add#int_obj: ['INT.ADD', 'INT.ADD', 'BOOL.OR', [['DS.SET.INDEX']]]
  remove#obj: ['BOOL.CONST.False', 'INT.EQ']
  contains#obj: ['DS.INSERT.AT.INDEX', [[['DS.SET.INDEX'], 'DS.SIZE'], 'BOOL.CONST.False', ['BOOL.AND']]]
  remove#int: ['DS.GET.INDEX']
  lastIndexOf#obj: ['BOOL.NOT', [['INT.ADD']], 'DS.LAST_INDEX_OF', [[['BOOL.CONST.True', ['BOOL.AND'], 'INT.CONST.-1', 'DS.GET.INDEX']], ['INT.EQ']], 'INT.SUB']
  add#obj: [['DS.SIZE', 'DS.SIZE', 'INT.ADD', [[['DS.INSERT.AT.INDEX']]]], ['DS.INSERT.AT.INDEX', ['DS.LAST_INDEX_OF'], ['DS.SET.INDEX'], 'BOOL.CONST.True']]
Gen 125: Fitness=0.104542, Acc=0.689, Complexity=0.009
  size#0: ['DS.SIZE', 'BOOL.NOT']
  set#int_obj: [['ITE'], ['DS.SET.INDEX', 'DUP.ANY', 'DS.REMOVE.INDEX']]
  indexOf#obj: [['INT.ADD'], ['INT.CONST.-1']]
  get#int: ['DS.GET.INDEX', ['ITE'], ['INT.ADD']]
  clear#0: ['DS.INDEX_OF', 'DS.CLEAR']
  isEmpty#0: [[['INT.CONST.0'], ['BOOL.CONST.True']], ['BOOL.CONST.True']]
  add#int_obj: [['ITE'], 'INT.ADD', 'DS.REMOVE.INDEX']
  remove#obj: ['BOOL.CONST.False', 'INT.EQ']
  contains#obj: ['DS.INSERT.AT.INDEX', [[['DS.SET.INDEX'], 'DS.SIZE'], 'BOOL.CONST.False', ['BOOL.AND']]]
  remove#int: ['DS.GET.INDEX']
  lastIndexOf#obj: ['BOOL.CONST.False', [[['INT.CONST.1']]], 'DS.LAST_INDEX_OF', [[['BOOL.CONST.True', ['BOOL.AND'], 'INT.CONST.-1', 'DUP.ANY']], ['INT.EQ']]]
  add#obj: [['DS.SIZE', 'DS.INSERT.AT.INDEX', 'DS.INSERT.AT.INDEX', [[['DS.INSERT.AT.INDEX']]]], ['BOOL.CONST.False', ['DS.LAST_INDEX_OF'], ['DS.SET.INDEX'], 'BOOL.CONST.True']]
Gen 150: Fitness=0.071082, Acc=0.765, Complexity=0.009
  size#0: ['DS.SIZE', 'DS.SIZE']
  set#int_obj: ['DS.GET.INDEX']
  indexOf#obj: [[[['DS.LAST_INDEX_OF'], ['ITE'], ['BOOL.AND'], 'BOOL.NOT']], 'INT.ADD']
  get#int: ['DS.GET.INDEX', ['INT.CONST.0'], 'DS.GET.INDEX']
  clear#0: ['DS.SIZE', 'DS.CLEAR', 'BOOL.OR', 'INT.CONST.1', 'DS.SET.INDEX']
  isEmpty#0: [['DS.LAST_INDEX_OF', ['DS.LAST_INDEX_OF']], 'BOOL.CONST.True']
  add#int_obj: ['DS.INSERT.AT.INDEX', 'INT.ADD', 'INT.ADD', 'BOOL.AND']
  remove#obj: ['BOOL.CONST.False', 'INT.EQ']
  contains#obj: ['BOOL.CONST.True', ['DS.GET.INDEX', 'BOOL.CONST.False', ['DS.GET.INDEX']]]
  remove#int: ['DS.GET.INDEX']
  lastIndexOf#obj: ['BOOL.CONST.False', 'DS.INDEX_OF', 'DS.LAST_INDEX_OF', ['BOOL.AND'], ['INT.LT'], 'INT.SUB']
  add#obj: [['DS.SIZE', 'DS.INSERT.AT.INDEX', 'DS.SIZE', 'INT.CONST.-1'], ['DS.LAST_INDEX_OF', 'INT.LT', ['INT.CONST.0'], 'BOOL.CONST.True']]
Gen 175: Fitness=0.068681, Acc=0.770, Complexity=0.009
  size#0: ['DS.SIZE', 'DS.SIZE']
  set#int_obj: ['DS.GET.INDEX']
  indexOf#obj: [[[['DS.LAST_INDEX_OF'], ['ITE'], ['BOOL.AND'], 'BOOL.NOT']], 'INT.ADD']
  get#int: ['DS.GET.INDEX', ['INT.CONST.0'], 'DS.GET.INDEX']
  clear#0: ['DS.SIZE', 'DS.CLEAR', 'BOOL.OR', 'INT.CONST.1', 'DS.SET.INDEX']
  isEmpty#0: [['DS.LAST_INDEX_OF', ['DS.LAST_INDEX_OF']], 'BOOL.CONST.True']
  add#int_obj: ['DS.INSERT.AT.INDEX', 'BOOL.NOT', 'INT.ADD', 'BOOL.AND']
  remove#obj: ['BOOL.CONST.False']
  contains#obj: ['BOOL.CONST.True', ['DS.GET.INDEX', 'BOOL.CONST.False', ['DS.GET.INDEX']]]
  remove#int: ['BOOL.AND', 'DS.GET.INDEX']
  lastIndexOf#obj: [['INT.LT'], 'DS.LAST_INDEX_OF', ['BOOL.AND'], ['INT.LT'], 'INT.SUB']
  add#obj: [['DS.SIZE', 'DS.INSERT.AT.INDEX', 'DS.SIZE', 'INT.CONST.-1'], ['DS.LAST_INDEX_OF', 'INT.LT', ['INT.CONST.0'], 'BOOL.CONST.True']]
Gen 200: Fitness=0.065126, Acc=0.780, Complexity=0.008
  size#0: ['DS.SIZE']
  set#int_obj: ['BOOL.CONST.True', 'DS.GET.INDEX']
  indexOf#obj: [['DS.INDEX_OF'], 'BOOL.NOT']
  get#int: ['DS.GET.INDEX', 'INT.SUB']
  clear#0: ['DS.SIZE', 'DS.CLEAR', ['ITE'], 'ITE', 'INT.CONST.1', 'DS.SET.INDEX']
  isEmpty#0: ['POP.ANY', ['DS.INSERT.AT.INDEX', ['DS.LAST_INDEX_OF']], 'BOOL.CONST.True']
  add#int_obj: ['DS.INSERT.AT.INDEX', 'INT.ADD', 'DS.GET.INDEX', ['DUP.ANY']]
  remove#obj: ['BOOL.CONST.False', 'INT.EQ']
  contains#obj: ['POP.ANY', ['DS.GET.INDEX', 'BOOL.CONST.False', ['DS.GET.INDEX']]]
  remove#int: ['DS.GET.INDEX']
  lastIndexOf#obj: ['DS.LAST_INDEX_OF', 'DS.INDEX_OF', 'DS.LAST_INDEX_OF', ['BOOL.AND'], ['INT.LT'], 'INT.SUB']
  add#obj: [['DS.SIZE', 'DS.INSERT.AT.INDEX', 'DS.SIZE', 'DS.SIZE'], ['POP.ANY', 'INT.LT', ['INT.CONST.0'], 'BOOL.CONST.True']]
Gen 225: Fitness=0.063556, Acc=0.778, Complexity=0.009
  size#0: ['DS.SIZE']
  set#int_obj: ['DS.GET.INDEX', 'DS.GET.INDEX']
  indexOf#obj: ['DS.INDEX_OF', ['BOOL.CONST.False']]
  get#int: ['DS.GET.INDEX', 'INT.SUB']
  clear#0: ['DS.SIZE', 'DS.CLEAR', 'DS.REMOVE.INDEX']
  isEmpty#0: ['DS.INDEX_OF', 'DS.INDEX_OF', 'BOOL.CONST.True']
  add#int_obj: ['DS.INSERT.AT.INDEX', 'ITE', 'BOOL.NOT']
  remove#obj: ['BOOL.CONST.False', 'BOOL.CONST.False', ['POP.ANY'], 'INT.EQ']
  contains#obj: ['POP.ANY', ['DS.GET.INDEX', 'BOOL.CONST.False', ['DS.GET.INDEX']]]
  remove#int: ['BOOL.AND', 'DS.GET.INDEX']
  lastIndexOf#obj: ['BOOL.AND', [['POP.ANY']], ['DS.SIZE'], 'INT.CONST.-1', 'DS.REMOVE.INDEX', 'INT.CONST.-1']
  add#obj: [['DS.SIZE', 'DS.INSERT.AT.INDEX', 'DS.SIZE', ['BOOL.CONST.True', 'INT.LT', 'DS.LAST_INDEX_OF']], 'BOOL.OR', ['POP.ANY', 'INT.LT', ['DS.SET.INDEX'], 'BOOL.CONST.True']]
Gen 250: Fitness=0.063037, Acc=0.777, Complexity=0.008
  size#0: ['DS.SIZE']
  set#int_obj: ['DS.GET.INDEX', 'DS.GET.INDEX']
  indexOf#obj: ['DS.INDEX_OF']
  get#int: ['DS.GET.INDEX']
  clear#0: ['INT.LT', 'DS.SET.INDEX', 'POP.ANY', 'DS.CLEAR']
  isEmpty#0: ['DS.INDEX_OF', 'BOOL.AND', 'BOOL.CONST.True']
  add#int_obj: ['DS.INSERT.AT.INDEX', 'DS.GET.INDEX', 'BOOL.NOT']
  remove#obj: ['DS.INDEX_OF', 'BOOL.CONST.False', ['POP.ANY'], 'INT.EQ']
  contains#obj: ['POP.ANY', ['DS.GET.INDEX', 'BOOL.CONST.False', ['DS.GET.INDEX']]]
  remove#int: [['BOOL.NOT'], 'DS.GET.INDEX']
  lastIndexOf#obj: ['DS.INDEX_OF', [['BOOL.CONST.True']], ['INT.EQ'], 'INT.CONST.-1', 'DS.REMOVE.INDEX', 'INT.CONST.-1']
  add#obj: [['DS.SIZE', 'DS.INSERT.AT.INDEX', 'DS.SIZE', ['BOOL.CONST.True', 'INT.LT', 'DS.LAST_INDEX_OF']], 'BOOL.OR', ['POP.ANY', 'INT.LT', ['DS.SET.INDEX'], 'BOOL.CONST.True']]
Gen 275: Fitness=0.060396, Acc=0.788, Complexity=0.012
  size#0: ['DS.SIZE', 'DS.SIZE']
  set#int_obj: ['DS.GET.INDEX', ['DUP.ANY'], 'DS.GET.INDEX', 'INT.CONST.0', 'DS.GET.INDEX']
  indexOf#obj: ['DS.INDEX_OF', 'BOOL.NOT', 'ITE']
  get#int: ['INT.LT', 'INT.LT', ['DS.GET.INDEX'], 'DUP.ANY']
  clear#0: ['BOOL.CONST.False', 'INT.CONST.0', 'DS.CLEAR', 'DS.REMOVE.INDEX', 'DS.CLEAR', 'BOOL.AND', 'DUP.ANY', 'DS.INDEX_OF', 'INT.CONST.0', 'DUP.ANY', 'BOOL.AND', 'BOOL.CONST.False', 'DS.SET.INDEX']
  isEmpty#0: ['INT.SUB', 'POP.ANY', 'INT.LT', 'BOOL.OR', 'BOOL.CONST.True']
  add#int_obj: ['DS.INSERT.AT.INDEX', ['DUP.ANY']]
  remove#obj: ['POP.ANY', 'BOOL.CONST.False', 'DS.INSERT.AT.INDEX', 'INT.EQ', 'DS.GET.INDEX']
  contains#obj: ['POP.ANY', [['POP.ANY'], 'BOOL.CONST.False', 'INT.LT']]
  remove#int: ['BOOL.AND', ['DS.GET.INDEX']]
  lastIndexOf#obj: ['DS.INDEX_OF', [['BOOL.CONST.True']], ['INT.EQ'], ['BOOL.OR'], [['INT.CONST.-1'], 'INT.LT'], 'INT.CONST.-1']
  add#obj: [['DS.SIZE', 'DS.INSERT.AT.INDEX', 'DS.SIZE', 'INT.CONST.-1'], 'BOOL.OR', ['POP.ANY', 'INT.LT', ['DS.SET.INDEX'], 'BOOL.CONST.True']]
Gen 300: Fitness=0.058496, Acc=0.793, Complexity=0.010
  size#0: ['INT.SUB', 'DS.SIZE']
  set#int_obj: ['DS.GET.INDEX', ['DUP.ANY'], 'DS.GET.INDEX', 'INT.CONST.0', 'INT.SUB']
  indexOf#obj: ['DS.INDEX_OF', ['INT.SUB']]
  get#int: ['INT.LT', ['DS.GET.INDEX'], ['INT.ADD']]
  clear#0: ['BOOL.CONST.False', 'DS.CLEAR', 'INT.CONST.0', 'DS.REMOVE.INDEX', 'DS.CLEAR', 'BOOL.AND', 'DS.CLEAR', 'DS.REMOVE.INDEX']
  isEmpty#0: ['INT.SUB', 'POP.ANY', 'BOOL.NOT', 'BOOL.CONST.True']
  add#int_obj: ['DS.INSERT.AT.INDEX', 'ITE', 'BOOL.NOT', 'POP.ANY']
  remove#obj: ['POP.ANY', 'BOOL.CONST.False', 'BOOL.OR', 'BOOL.CONST.True', 'DS.LAST_INDEX_OF']
  contains#obj: ['POP.ANY', ['DS.GET.INDEX', 'BOOL.CONST.False', ['DS.GET.INDEX']]]
  remove#int: [['INT.LT'], 'DS.GET.INDEX']
  lastIndexOf#obj: ['DS.LAST_INDEX_OF', 'INT.LT', 'INT.CONST.-1', 'INT.EQ', 'INT.CONST.-1']
  add#obj: [['DS.SIZE', 'DS.INSERT.AT.INDEX', 'DS.SIZE', 'INT.CONST.-1'], 'BOOL.CONST.True']
Gen 325: Fitness=0.057634, Acc=0.793, Complexity=0.009
  size#0: ['DS.SIZE', 'DS.SIZE']
  set#int_obj: ['DS.GET.INDEX', ['DUP.ANY'], 'DS.GET.INDEX', 'INT.CONST.0', 'INT.SUB']
  indexOf#obj: ['DS.INDEX_OF', ['BOOL.CONST.False']]
  get#int: ['BOOL.CONST.False', 'INT.LT', ['DS.GET.INDEX'], 'DUP.ANY']
  clear#0: ['BOOL.CONST.False', 'DS.CLEAR', 'INT.CONST.0', 'ITE']
  isEmpty#0: ['INT.CONST.-1', 'DS.SET.INDEX', 'BOOL.NOT', 'BOOL.CONST.True']
  add#int_obj: ['DS.INSERT.AT.INDEX', 'ITE', 'BOOL.OR', 'INT.CONST.-1']
  remove#obj: ['POP.ANY', 'BOOL.CONST.False', 'BOOL.OR', 'BOOL.CONST.True', 'DS.LAST_INDEX_OF']
  contains#obj: ['POP.ANY', ['DS.GET.INDEX', 'BOOL.CONST.False', ['DS.GET.INDEX']]]
  remove#int: [['INT.LT'], 'DS.GET.INDEX']
  lastIndexOf#obj: ['DS.LAST_INDEX_OF', 'INT.LT', 'INT.CONST.-1']
  add#obj: [['DS.SIZE', 'DS.INSERT.AT.INDEX', 'DS.SIZE', 'INT.CONST.-1'], 'BOOL.CONST.True']
Gen 350: Fitness=0.055637, Acc=0.804, Complexity=0.010
  size#0: ['DS.SIZE']
  set#int_obj: ['DS.GET.INDEX', ['DUP.ANY'], 'DS.GET.INDEX', 'INT.CONST.0', 'INT.SUB']
  indexOf#obj: ['DS.INDEX_OF']
  get#int: ['INT.LT', ['DS.GET.INDEX'], 'INT.LT']
  clear#0: ['BOOL.CONST.False', 'DS.CLEAR', 'DS.REMOVE.INDEX', ['DS.INDEX_OF'], 'DS.CLEAR', 'BOOL.AND', ['DS.SIZE', 'DS.INDEX_OF', 'DS.SET.INDEX', 'DUP.ANY'], 'DS.REMOVE.INDEX']
  isEmpty#0: [['BOOL.CONST.True'], 'DS.INSERT.AT.INDEX', 'INT.CONST.1', 'DS.GET.INDEX']
  add#int_obj: ['DS.INSERT.AT.INDEX', ['INT.CONST.0'], 'BOOL.OR', 'INT.CONST.-1']
  remove#obj: ['POP.ANY', 'BOOL.CONST.False', 'BOOL.OR', 'BOOL.CONST.True', 'DS.LAST_INDEX_OF']
  contains#obj: ['DS.LAST_INDEX_OF', ['BOOL.AND', 'BOOL.CONST.False', 'DS.GET.INDEX']]
  remove#int: ['ITE', 'DS.GET.INDEX']
  lastIndexOf#obj: ['DS.LAST_INDEX_OF', 'INT.CONST.-1', 'INT.ADD', 'INT.CONST.-1']
  add#obj: [['DS.SIZE', 'DS.INSERT.AT.INDEX', 'DS.SIZE', 'INT.CONST.-1'], 'BOOL.CONST.True']
Gen 375: Fitness=0.055233, Acc=0.806, Complexity=0.009
  size#0: ['DS.SIZE', 'DS.SIZE']
  set#int_obj: ['DS.GET.INDEX', ['DUP.ANY'], 'DS.GET.INDEX', 'INT.CONST.0', 'INT.SUB']
  indexOf#obj: ['DS.INDEX_OF', 'BOOL.AND']
  get#int: ['BOOL.AND', ['DS.GET.INDEX'], 'INT.LT']
  clear#0: ['DS.CLEAR', 'BOOL.CONST.False']
  isEmpty#0: [['BOOL.CONST.True'], 'DS.INSERT.AT.INDEX', 'INT.CONST.1', 'DS.GET.INDEX']
  add#int_obj: ['DS.INSERT.AT.INDEX', 'DS.INSERT.AT.INDEX', 'BOOL.OR', ['DS.INDEX_OF'], 'BOOL.CONST.False', ['INT.CONST.0'], 'BOOL.OR', 'INT.CONST.-1']
  remove#obj: ['POP.ANY', 'BOOL.CONST.False', 'BOOL.OR', 'BOOL.CONST.True', 'DS.LAST_INDEX_OF']
  contains#obj: ['INT.LT', 'DS.LAST_INDEX_OF', ['BOOL.AND', 'BOOL.CONST.False', 'DS.GET.INDEX']]
  remove#int: ['DS.GET.INDEX']
  lastIndexOf#obj: ['DS.LAST_INDEX_OF', 'DS.INSERT.AT.INDEX', 'INT.ADD', 'INT.CONST.-1']
  add#obj: [['DS.SIZE', 'DS.INSERT.AT.INDEX', 'DS.SIZE', 'DS.GET.INDEX'], 'BOOL.CONST.True']
Gen 400: Fitness=0.054700, Acc=0.807, Complexity=0.009
  size#0: ['DS.SIZE', 'DS.SIZE']
  set#int_obj: ['DS.GET.INDEX', ['DUP.ANY'], 'DS.GET.INDEX', 'INT.CONST.0', 'INT.SUB']
  indexOf#obj: ['DS.INDEX_OF', 'BOOL.AND']
  get#int: ['INT.EQ', 'BOOL.CONST.False', ['DS.GET.INDEX'], 'INT.LT']
  clear#0: ['DS.CLEAR', 'BOOL.CONST.False']
  isEmpty#0: [['BOOL.CONST.True'], 'DS.INSERT.AT.INDEX', 'INT.CONST.1', 'DS.GET.INDEX']
  add#int_obj: ['DS.INSERT.AT.INDEX', 'DS.GET.INDEX', 'BOOL.OR', ['DS.LAST_INDEX_OF'], 'POP.ANY', 'DS.INDEX_OF', 'DS.SIZE', 'INT.CONST.-1']
  remove#obj: ['POP.ANY', 'BOOL.CONST.False', 'BOOL.OR', 'BOOL.CONST.True', 'DS.LAST_INDEX_OF']
  contains#obj: ['DS.LAST_INDEX_OF', 'INT.LT', ['BOOL.AND', 'BOOL.CONST.False', 'DS.GET.INDEX']]
  remove#int: ['DS.GET.INDEX']
  lastIndexOf#obj: ['DS.LAST_INDEX_OF', 'DS.INSERT.AT.INDEX', 'INT.ADD', 'INT.CONST.-1']
  add#obj: [['DS.SIZE', 'DS.INSERT.AT.INDEX', 'DS.SIZE', 'INT.CONST.-1'], 'BOOL.CONST.True']
Gen 425: Fitness=0.049694, Acc=0.824, Complexity=0.009
  size#0: ['DS.SIZE', 'DS.SET.INDEX', 'DS.SIZE']
  set#int_obj: ['DS.GET.INDEX', ['DUP.ANY'], 'DS.GET.INDEX', 'INT.CONST.0', 'INT.SUB']
  indexOf#obj: ['DS.INDEX_OF', 'BOOL.AND']
  get#int: ['INT.EQ', 'BOOL.CONST.False', ['DS.GET.INDEX'], 'INT.LT']
  clear#0: ['DS.CLEAR', 'POP.ANY']
  isEmpty#0: [['BOOL.CONST.True'], 'BOOL.CONST.False', 'DS.INDEX_OF', 'DS.GET.INDEX']
  add#int_obj: ['DS.INSERT.AT.INDEX', 'DUP.ANY', ['INT.CONST.-1'], 'POP.ANY', 'BOOL.AND', [['DS.INDEX_OF']], 'BOOL.OR', 'INT.CONST.-1']
  remove#obj: ['POP.ANY', 'BOOL.CONST.False', 'BOOL.OR', 'INT.SUB', 'INT.EQ']
  contains#obj: ['DS.LAST_INDEX_OF', ['BOOL.AND', 'BOOL.CONST.False', 'DS.GET.INDEX']]
  remove#int: ['DS.GET.INDEX']
  lastIndexOf#obj: ['DS.LAST_INDEX_OF', 'DS.INSERT.AT.INDEX', 'INT.ADD', 'INT.CONST.-1']
  add#obj: [['DS.SIZE', 'DS.INSERT.AT.INDEX', 'DS.SIZE', 'INT.CONST.-1'], 'BOOL.CONST.True']
Gen 450: Fitness=0.028755, Acc=0.906, Complexity=0.010
  size#0: ['DS.SIZE', 'DS.SIZE']
  set#int_obj: ['DS.GET.INDEX', ['DS.SIZE'], 'DS.GET.INDEX', 'INT.SUB', ['DUP.ANY'], 'DS.GET.INDEX', 'INT.CONST.0', 'INT.SUB']
  indexOf#obj: ['DS.INDEX_OF', 'DS.INDEX_OF']
  get#int: ['BOOL.CONST.True', 'INT.ADD', ['DS.GET.INDEX'], 'INT.LT']
  clear#0: ['BOOL.AND', [['DS.CLEAR']]]
  isEmpty#0: ['INT.LT', 'INT.CONST.0', 'DS.SIZE', 'INT.EQ', 'DUP.ANY']
  add#int_obj: ['DS.INSERT.AT.INDEX', 'DUP.ANY', ['DS.INSERT.AT.INDEX'], 'POP.ANY', 'DS.SET.INDEX', ['INT.CONST.0'], 'BOOL.OR', 'INT.CONST.-1']
  remove#obj: ['POP.ANY', 'BOOL.CONST.False', 'BOOL.OR', 'INT.SUB', 'INT.EQ']
  contains#obj: ['DS.LAST_INDEX_OF', ['BOOL.AND', 'BOOL.CONST.False', 'DS.GET.INDEX']]
  remove#int: ['DS.GET.INDEX']
  lastIndexOf#obj: ['DS.LAST_INDEX_OF', 'DS.INSERT.AT.INDEX', 'INT.ADD', 'INT.CONST.-1']
  add#obj: [['DS.SIZE', 'DS.INSERT.AT.INDEX', 'DS.SIZE', 'INT.CONST.-1'], 'BOOL.CONST.True']
Gen 475: Fitness=0.027631, Acc=0.910, Complexity=0.009
  size#0: ['DS.SIZE']
  set#int_obj: ['DS.GET.INDEX', ['DS.SIZE'], 'DS.GET.INDEX', 'INT.SUB', ['DUP.ANY'], 'DS.GET.INDEX', 'INT.CONST.0', 'INT.SUB']
  indexOf#obj: ['DS.INDEX_OF']
  get#int: ['INT.EQ', 'INT.ADD', ['DS.GET.INDEX'], 'INT.SUB']
  clear#0: ['BOOL.AND', [['DS.CLEAR']], 'DS.REMOVE.INDEX']
  isEmpty#0: ['INT.EQ', 'INT.CONST.0', 'DS.SIZE', 'INT.EQ', 'INT.CONST.0']
  add#int_obj: ['DS.INSERT.AT.INDEX', 'INT.CONST.1', 'DS.SET.INDEX', ['INT.CONST.0'], 'BOOL.OR', 'INT.CONST.-1']
  remove#obj: ['POP.ANY', 'BOOL.CONST.False', 'BOOL.OR', 'INT.SUB', 'INT.EQ']
  contains#obj: ['DS.LAST_INDEX_OF', ['BOOL.AND', 'BOOL.CONST.False', 'DS.GET.INDEX']]
  remove#int: ['DS.GET.INDEX']
  lastIndexOf#obj: ['DS.LAST_INDEX_OF', 'DS.INSERT.AT.INDEX', 'ITE', 'INT.CONST.-1']
  add#obj: [['DS.SIZE', ['DS.INSERT.AT.INDEX'], 'DS.SIZE', ['BOOL.CONST.False']], 'BOOL.CONST.True']
Gen 500: Fitness=0.027421, Acc=0.910, Complexity=0.009
  size#0: ['DS.SIZE']
  set#int_obj: ['DS.GET.INDEX', ['DS.SIZE'], 'DS.GET.INDEX', 'INT.SUB', ['DUP.ANY'], 'DS.GET.INDEX', 'INT.CONST.0', 'INT.SUB']
  indexOf#obj: ['DS.INDEX_OF', 'BOOL.OR']
  get#int: ['INT.ADD', ['DS.GET.INDEX']]
  clear#0: ['BOOL.NOT', [['DS.CLEAR']], 'INT.ADD']
  isEmpty#0: ['INT.EQ', 'INT.CONST.0', 'DS.SIZE', 'INT.EQ', 'INT.CONST.0']
  add#int_obj: ['DS.INSERT.AT.INDEX', 'INT.CONST.1', 'DS.SET.INDEX', ['INT.CONST.0'], 'BOOL.OR']
  remove#obj: ['POP.ANY', 'BOOL.CONST.False', 'BOOL.OR', 'INT.SUB', 'INT.LT']
  contains#obj: ['DS.LAST_INDEX_OF', ['BOOL.AND', 'BOOL.CONST.False', 'DS.GET.INDEX']]
  remove#int: ['DS.GET.INDEX']
  lastIndexOf#obj: ['DS.LAST_INDEX_OF', 'DS.INSERT.AT.INDEX', 'ITE', 'INT.CONST.-1']
  add#obj: [['DS.SIZE', ['DS.INSERT.AT.INDEX'], 'DS.SIZE', ['BOOL.CONST.False']], 'BOOL.CONST.True']
Gen 525: Fitness=0.026847, Acc=0.910, Complexity=0.009
  size#0: ['DS.SIZE']
  set#int_obj: ['DS.GET.INDEX', ['DS.SIZE'], 'DS.GET.INDEX', 'INT.SUB', ['DUP.ANY'], 'DS.GET.INDEX', 'INT.CONST.0', 'INT.SUB']
  indexOf#obj: ['BOOL.OR', 'DS.INDEX_OF']
  get#int: [['DS.GET.INDEX']]
  clear#0: ['BOOL.AND', [['DS.CLEAR']], 'DS.REMOVE.INDEX']
  isEmpty#0: ['INT.EQ', 'INT.CONST.0', 'DS.SIZE', 'INT.EQ', 'INT.CONST.0']
  add#int_obj: ['DS.INSERT.AT.INDEX', 'INT.CONST.0', 'DS.SET.INDEX', ['INT.CONST.0'], 'BOOL.OR', 'INT.CONST.-1']
  remove#obj: ['DS.INDEX_OF', ['BOOL.CONST.True'], 'BOOL.OR', ['DS.REMOVE.INDEX', ['BOOL.CONST.False']], 'INT.SUB', 'INT.LT']
  contains#obj: ['DS.LAST_INDEX_OF', ['BOOL.AND', 'BOOL.CONST.False', 'DS.GET.INDEX']]
  remove#int: ['DS.GET.INDEX']
  lastIndexOf#obj: ['DS.LAST_INDEX_OF', 'DS.INSERT.AT.INDEX', 'ITE', 'INT.CONST.-1']
  add#obj: [['DS.SIZE', ['DS.INSERT.AT.INDEX'], 'DS.SIZE', ['BOOL.CONST.False']], 'BOOL.CONST.True']
Gen 550: Fitness=0.026367, Acc=0.912, Complexity=0.010
  size#0: ['DS.SIZE']
  set#int_obj: ['DS.GET.INDEX', ['DS.SIZE'], 'DS.GET.INDEX', 'INT.SUB', ['DUP.ANY'], 'DS.GET.INDEX', 'INT.CONST.0', 'INT.SUB']
  indexOf#obj: ['BOOL.OR', 'DS.INDEX_OF']
  get#int: ['BOOL.CONST.False', ['DS.GET.INDEX']]
  clear#0: ['BOOL.AND', [['DS.CLEAR']], 'DS.REMOVE.INDEX']
  isEmpty#0: ['INT.EQ', 'INT.CONST.0', 'DS.SIZE', 'INT.EQ', 'INT.CONST.0']
  add#int_obj: ['DS.INSERT.AT.INDEX', 'INT.CONST.0', 'DS.SET.INDEX', ['INT.CONST.0'], 'BOOL.OR', 'INT.CONST.-1']
  remove#obj: ['DS.INDEX_OF', ['BOOL.CONST.True'], 'BOOL.OR', ['DS.REMOVE.INDEX', ['BOOL.CONST.False']], 'INT.SUB', 'INT.LT']
  contains#obj: ['DS.LAST_INDEX_OF', ['BOOL.AND', 'BOOL.CONST.False', 'DS.GET.INDEX']]
  remove#int: ['DS.GET.INDEX']
  lastIndexOf#obj: ['DS.LAST_INDEX_OF', 'DS.INSERT.AT.INDEX', 'ITE', 'INT.CONST.-1']
  add#obj: [['DS.SIZE', ['DS.INSERT.AT.INDEX'], 'DS.SIZE', ['BOOL.CONST.False']], 'BOOL.CONST.True']
Gen 575: Fitness=0.026120, Acc=0.911, Complexity=0.009
  size#0: ['DS.SIZE']
  set#int_obj: ['DS.GET.INDEX', ['DS.SIZE'], 'DS.GET.INDEX', 'INT.SUB', ['DUP.ANY'], 'DS.GET.INDEX', 'INT.CONST.0', 'INT.SUB']
  indexOf#obj: [['INT.SUB'], 'DS.INDEX_OF']
  get#int: ['BOOL.CONST.False', ['DS.GET.INDEX']]
  clear#0: [[['DS.CLEAR']], 'BOOL.AND', 'DS.REMOVE.INDEX']
  isEmpty#0: [['DS.SIZE'], 'INT.CONST.0', 'INT.EQ', 'INT.CONST.0']
  add#int_obj: ['DS.INSERT.AT.INDEX', 'INT.CONST.1', 'INT.CONST.-1']
  remove#obj: ['DS.INDEX_OF', ['BOOL.CONST.True'], 'BOOL.AND', ['DS.REMOVE.INDEX', ['BOOL.CONST.False']], 'INT.SUB', 'INT.LT']
  contains#obj: ['DS.LAST_INDEX_OF', ['BOOL.AND', 'BOOL.CONST.False', 'DS.GET.INDEX']]
  remove#int: ['DS.GET.INDEX']
  lastIndexOf#obj: ['DS.LAST_INDEX_OF', 'DS.INSERT.AT.INDEX', 'INT.CONST.-1', 'ITE']
  add#obj: [['DS.SIZE', ['DS.INSERT.AT.INDEX'], 'DS.SIZE', ['BOOL.CONST.False']], 'BOOL.CONST.True']
Gen 600: Fitness=0.026057, Acc=0.912, Complexity=0.009
  size#0: ['DS.SIZE']
  set#int_obj: ['DS.GET.INDEX', ['DS.SIZE'], 'DS.GET.INDEX', 'INT.SUB', ['DUP.ANY'], 'DS.GET.INDEX', 'INT.CONST.0', 'INT.SUB']
  indexOf#obj: ['DS.INDEX_OF', ['INT.SUB']]
  get#int: ['BOOL.CONST.False', ['DS.GET.INDEX']]
  clear#0: ['BOOL.AND', [['DS.CLEAR']], 'INT.EQ', 'DS.REMOVE.INDEX']
  isEmpty#0: [['DS.SIZE'], 'INT.CONST.0', 'INT.EQ']
  add#int_obj: ['DS.INSERT.AT.INDEX', 'INT.CONST.1', 'DS.GET.INDEX', 'INT.CONST.-1']
  remove#obj: ['DS.INDEX_OF', ['BOOL.CONST.True'], 'BOOL.AND', ['DS.REMOVE.INDEX', ['BOOL.CONST.False']], 'INT.SUB', 'INT.LT']
  contains#obj: ['DS.LAST_INDEX_OF', ['BOOL.AND', 'BOOL.CONST.False', 'DS.GET.INDEX']]
  remove#int: ['DS.GET.INDEX']
  lastIndexOf#obj: ['DS.LAST_INDEX_OF', 'DS.INSERT.AT.INDEX', 'INT.CONST.-1', 'ITE']
  add#obj: [['DS.SIZE', ['DS.INSERT.AT.INDEX'], 'DS.SIZE', ['BOOL.CONST.False']], 'BOOL.CONST.True']
Gen 625: Fitness=0.025761, Acc=0.912, Complexity=0.008
  size#0: ['DS.SIZE']
  set#int_obj: ['DS.GET.INDEX', ['DS.SIZE'], 'DS.GET.INDEX', 'INT.SUB', ['DUP.ANY'], 'DS.GET.INDEX', 'INT.CONST.0', 'INT.SUB']
  indexOf#obj: [['INT.SUB'], 'DS.INDEX_OF']
  get#int: ['BOOL.CONST.False', ['DS.GET.INDEX']]
  clear#0: ['BOOL.AND', [['DS.CLEAR']]]
  isEmpty#0: [['DS.SIZE'], 'INT.CONST.0', 'INT.EQ', 'INT.CONST.0']
  add#int_obj: ['DS.INSERT.AT.INDEX', 'INT.CONST.1', 'DS.GET.INDEX', 'INT.CONST.-1']
  remove#obj: ['DS.INDEX_OF', ['DS.REMOVE.INDEX', ['BOOL.CONST.False']], 'DS.GET.INDEX']
  contains#obj: ['DS.LAST_INDEX_OF', ['BOOL.AND', 'BOOL.CONST.False', 'DS.GET.INDEX']]
  remove#int: ['DS.GET.INDEX']
  lastIndexOf#obj: ['DS.LAST_INDEX_OF', 'DS.INSERT.AT.INDEX', 'INT.CONST.-1', 'ITE']
  add#obj: [['DS.SIZE', ['DS.INSERT.AT.INDEX'], 'DS.SIZE', ['BOOL.CONST.False']], 'BOOL.CONST.True']
Gen 650: Fitness=0.025566, Acc=0.912, Complexity=0.008
  size#0: ['DS.SIZE']
  set#int_obj: ['DS.GET.INDEX', ['DS.SIZE'], 'DS.GET.INDEX', 'INT.SUB', ['DUP.ANY'], 'DS.GET.INDEX', 'INT.CONST.0', 'INT.SUB']
  indexOf#obj: ['DS.INDEX_OF']
  get#int: ['BOOL.CONST.False', ['DS.GET.INDEX']]
  clear#0: [[['DS.CLEAR']]]
  isEmpty#0: [['DS.SIZE'], 'INT.CONST.0', 'INT.EQ', 'DS.SET.INDEX']
  add#int_obj: ['DS.INSERT.AT.INDEX', 'INT.CONST.1', 'DS.GET.INDEX', 'INT.CONST.-1']
  remove#obj: ['DS.INDEX_OF', 'BOOL.AND', ['DS.REMOVE.INDEX', ['BOOL.CONST.False']], 'DS.REMOVE.INDEX']
  contains#obj: ['DS.LAST_INDEX_OF', ['BOOL.AND', 'BOOL.CONST.False', 'DS.GET.INDEX']]
  remove#int: ['DS.GET.INDEX']
  lastIndexOf#obj: ['DS.LAST_INDEX_OF', 'DUP.ANY', 'INT.CONST.-1']
  add#obj: [['DS.SIZE', ['DS.INSERT.AT.INDEX'], 'DS.SIZE', ['BOOL.CONST.False']], 'BOOL.CONST.True']
Gen 675: Fitness=0.025241, Acc=0.912, Complexity=0.008
  size#0: ['DS.SIZE']
  set#int_obj: ['DUP.ANY', ['DS.GET.INDEX'], 'DS.GET.INDEX', 'INT.SUB', ['BOOL.AND'], 'DS.GET.INDEX', 'DUP.ANY']
  indexOf#obj: ['DS.INDEX_OF']
  get#int: ['BOOL.CONST.False', ['DS.GET.INDEX']]
  clear#0: [[['DS.CLEAR']], 'BOOL.AND']
  isEmpty#0: [['DS.SIZE'], 'INT.CONST.0', 'INT.EQ']
  add#int_obj: ['DS.INSERT.AT.INDEX', 'INT.CONST.1', 'INT.CONST.-1', 'DS.GET.INDEX']
  remove#obj: ['DS.INDEX_OF', 'BOOL.AND', ['DS.REMOVE.INDEX', ['BOOL.CONST.False']], 'DS.REMOVE.INDEX']
  contains#obj: ['DS.LAST_INDEX_OF', 'INT.ADD', ['BOOL.AND', 'BOOL.CONST.False', 'DS.GET.INDEX']]
  remove#int: ['DS.GET.INDEX']
  lastIndexOf#obj: ['DS.LAST_INDEX_OF', 'ITE', 'INT.CONST.-1']
  add#obj: [['DS.SIZE', ['DS.INSERT.AT.INDEX'], 'DS.SIZE', ['BOOL.CONST.False']], 'BOOL.CONST.True']
Gen 700: Fitness=0.025041, Acc=0.912, Complexity=0.007
  size#0: ['DS.SIZE']
  set#int_obj: ['DUP.ANY', ['DS.GET.INDEX'], 'DS.GET.INDEX', 'INT.SUB', [['INT.ADD']], 'DS.GET.INDEX']
  indexOf#obj: ['DS.INDEX_OF']
  get#int: ['BOOL.CONST.False', ['DS.GET.INDEX']]
  clear#0: [[['DS.CLEAR']], 'BOOL.AND']
  isEmpty#0: [['DS.SIZE'], 'INT.CONST.0', 'INT.EQ']
  add#int_obj: ['DS.INSERT.AT.INDEX', 'INT.CONST.1', 'DS.GET.INDEX', 'INT.CONST.-1']
  remove#obj: ['DS.INDEX_OF', ['DS.REMOVE.INDEX', ['BOOL.CONST.False']], 'DS.REMOVE.INDEX']
  contains#obj: ['DS.LAST_INDEX_OF', ['BOOL.CONST.False', 'BOOL.CONST.False', 'DS.GET.INDEX'], 'BOOL.OR']
  remove#int: ['DS.GET.INDEX']
  lastIndexOf#obj: ['DS.LAST_INDEX_OF', 'INT.ADD', 'INT.CONST.-1']
  add#obj: [['DS.SIZE', ['DS.INSERT.AT.INDEX'], 'DS.SIZE', ['BOOL.CONST.False']], 'BOOL.CONST.True']
Gen 725: Fitness=0.024812, Acc=0.913, Complexity=0.008
  size#0: ['DS.SIZE']
  set#int_obj: ['DUP.ANY', ['DS.GET.INDEX'], 'DS.GET.INDEX', 'INT.SUB', ['BOOL.AND'], 'DS.GET.INDEX', 'DUP.ANY']
  indexOf#obj: ['DS.INDEX_OF']
  get#int: ['BOOL.CONST.False', ['DS.GET.INDEX']]
  clear#0: [[['DS.CLEAR']], 'DS.INDEX_OF']
  isEmpty#0: [['DS.SIZE'], 'INT.CONST.0', 'INT.EQ']
  add#int_obj: ['DS.INSERT.AT.INDEX', 'INT.CONST.1', 'DS.GET.INDEX']
  remove#obj: ['DS.INDEX_OF', ['BOOL.AND'], 'BOOL.CONST.False', 'DS.REMOVE.INDEX']
  contains#obj: ['DS.LAST_INDEX_OF', ['BOOL.AND', 'BOOL.CONST.False', 'DS.GET.INDEX'], ['INT.CONST.-1']]
  remove#int: ['BOOL.CONST.True', 'DS.GET.INDEX']
  lastIndexOf#obj: ['DS.LAST_INDEX_OF', 'ITE', 'INT.CONST.-1']
  add#obj: [['DS.SIZE', ['DS.INSERT.AT.INDEX'], 'DS.SIZE', ['BOOL.CONST.False']], 'BOOL.CONST.True']
Gen 750: Fitness=0.024603, Acc=0.913, Complexity=0.007
  size#0: ['DS.SIZE']
  set#int_obj: ['DUP.ANY', ['DS.GET.INDEX'], 'DS.GET.INDEX', ['BOOL.AND'], 'DS.GET.INDEX']
  indexOf#obj: ['DS.INDEX_OF']
  get#int: ['BOOL.CONST.False', ['DS.GET.INDEX']]
  clear#0: ['BOOL.AND', [['DS.CLEAR']], 'BOOL.AND']
  isEmpty#0: [['DS.SIZE'], 'INT.CONST.0', 'INT.EQ']
  add#int_obj: ['DS.INSERT.AT.INDEX', 'INT.CONST.1', 'DS.GET.INDEX']
  remove#obj: ['DS.INDEX_OF', 'BOOL.AND', ['DS.REMOVE.INDEX', ['BOOL.CONST.False']], 'DS.REMOVE.INDEX']
  contains#obj: ['DS.LAST_INDEX_OF', ['BOOL.AND', 'BOOL.CONST.False', 'DS.GET.INDEX']]
  remove#int: ['BOOL.CONST.True', 'DS.GET.INDEX']
  lastIndexOf#obj: ['DS.LAST_INDEX_OF', 'INT.CONST.-1']
  add#obj: [['DS.SIZE', ['DS.INSERT.AT.INDEX'], 'DS.SIZE', ['BOOL.CONST.False']], 'BOOL.CONST.True']
Gen 775: Fitness=0.024503, Acc=0.913, Complexity=0.007
  size#0: ['DS.SIZE']
  set#int_obj: ['DUP.ANY', ['DS.GET.INDEX'], 'DS.GET.INDEX', ['BOOL.AND'], 'DS.GET.INDEX']
  indexOf#obj: ['DS.INDEX_OF']
  get#int: ['BOOL.CONST.False', ['DS.GET.INDEX']]
  clear#0: [[['DS.CLEAR']], 'BOOL.AND']
  isEmpty#0: [['DS.SIZE'], 'INT.CONST.0', 'INT.EQ']
  add#int_obj: ['DS.INSERT.AT.INDEX', 'INT.CONST.1', 'DS.GET.INDEX']
  remove#obj: ['DS.INDEX_OF', 'BOOL.AND', ['DS.REMOVE.INDEX', ['BOOL.CONST.False']], 'DS.REMOVE.INDEX']
  contains#obj: ['DS.LAST_INDEX_OF', ['BOOL.AND', 'BOOL.CONST.False', 'DS.GET.INDEX']]
  remove#int: ['BOOL.CONST.True', 'DS.GET.INDEX']
  lastIndexOf#obj: ['DS.LAST_INDEX_OF', 'INT.CONST.-1']
  add#obj: [['DS.SIZE', ['DS.INSERT.AT.INDEX'], 'DS.SIZE', ['BOOL.CONST.False']], 'BOOL.CONST.True']
Gen 800: Fitness=0.024217, Acc=0.914, Complexity=0.007
  size#0: ['DS.SIZE']
  set#int_obj: ['BOOL.CONST.True', ['DS.GET.INDEX'], 'DUP.ANY', 'DS.GET.INDEX']
  indexOf#obj: ['DS.INDEX_OF']
  get#int: ['BOOL.CONST.False', ['DS.GET.INDEX']]
  clear#0: ['BOOL.AND', [['DS.CLEAR']], 'INT.ADD']
  isEmpty#0: [['DS.SIZE'], 'INT.CONST.0', 'INT.EQ']
  add#int_obj: ['DS.INSERT.AT.INDEX', 'INT.CONST.1', 'DS.GET.INDEX']
  remove#obj: ['DS.INDEX_OF', 'BOOL.CONST.True', ['DS.REMOVE.INDEX', ['BOOL.CONST.False']], 'DS.REMOVE.INDEX']
  contains#obj: ['DS.LAST_INDEX_OF', ['BOOL.AND', 'BOOL.CONST.False', 'DS.GET.INDEX']]
  remove#int: ['BOOL.CONST.True', 'DS.GET.INDEX']
  lastIndexOf#obj: ['DS.LAST_INDEX_OF', 'INT.CONST.-1']
  add#obj: [['DS.SIZE', ['DS.INSERT.AT.INDEX'], 'DS.SIZE', ['BOOL.CONST.False']], 'BOOL.CONST.True']
Gen 825: Fitness=0.024199, Acc=0.914, Complexity=0.007
  size#0: ['DS.SIZE']
  set#int_obj: ['BOOL.CONST.True', ['DS.GET.INDEX'], 'DUP.ANY', 'DS.GET.INDEX']
  indexOf#obj: ['DS.INDEX_OF']
  get#int: ['BOOL.CONST.False', ['DS.GET.INDEX']]
  clear#0: ['BOOL.AND', [['DS.CLEAR']], 'INT.ADD']
  isEmpty#0: [['DS.SIZE'], 'INT.CONST.0', 'INT.EQ']
  add#int_obj: ['DS.INSERT.AT.INDEX', 'INT.CONST.1', 'DS.GET.INDEX']
  remove#obj: ['DS.INDEX_OF', 'BOOL.CONST.True', ['DS.REMOVE.INDEX', ['BOOL.CONST.False']], 'DS.REMOVE.INDEX']
  contains#obj: ['DS.LAST_INDEX_OF', ['BOOL.AND', 'BOOL.CONST.False', 'DS.GET.INDEX']]
  remove#int: ['BOOL.CONST.True', 'DS.GET.INDEX']
  lastIndexOf#obj: ['DS.LAST_INDEX_OF', 'INT.CONST.-1']
  add#obj: [['DS.SIZE', ['DS.INSERT.AT.INDEX'], 'DS.SET.INDEX', ['BOOL.CONST.False']], 'BOOL.CONST.True']
Gen 850: Fitness=0.023835, Acc=0.913, Complexity=0.007
  size#0: ['DS.SIZE']
  set#int_obj: ['BOOL.CONST.False', ['DS.GET.INDEX'], 'DUP.ANY', 'DS.GET.INDEX']
  indexOf#obj: ['DS.INDEX_OF']
  get#int: ['BOOL.CONST.False', ['DS.GET.INDEX']]
  clear#0: [[['DS.CLEAR']], 'INT.ADD']
  isEmpty#0: [['DS.SIZE'], 'INT.CONST.0', 'INT.EQ']
  add#int_obj: ['DS.INSERT.AT.INDEX', 'INT.CONST.1', 'DS.GET.INDEX']
  remove#obj: ['DS.INDEX_OF', 'BOOL.CONST.True', ['DS.REMOVE.INDEX', ['BOOL.CONST.False']], 'DS.REMOVE.INDEX']
  contains#obj: ['DS.LAST_INDEX_OF', ['BOOL.AND', 'BOOL.CONST.False', 'DS.GET.INDEX']]
  remove#int: ['BOOL.CONST.True', 'DS.GET.INDEX']
  lastIndexOf#obj: ['DS.LAST_INDEX_OF', 'INT.CONST.-1']
  add#obj: [['DS.SIZE', ['DS.INSERT.AT.INDEX'], 'DS.SIZE', ['BOOL.CONST.False']], 'BOOL.CONST.True']
Gen 875: Fitness=0.023817, Acc=0.913, Complexity=0.007
  size#0: ['DS.SIZE']
  set#int_obj: ['BOOL.CONST.False', ['DS.GET.INDEX'], 'DUP.ANY', 'DS.GET.INDEX']
  indexOf#obj: ['DS.INDEX_OF']
  get#int: ['BOOL.CONST.False', ['DS.GET.INDEX']]
  clear#0: [[['DS.CLEAR']]]
  isEmpty#0: [['DS.SIZE'], 'INT.CONST.0', 'INT.EQ']
  add#int_obj: ['DS.INSERT.AT.INDEX', 'INT.CONST.1', 'DS.GET.INDEX', 'DS.GET.INDEX']
  remove#obj: ['DS.INDEX_OF', 'BOOL.CONST.True', ['DS.REMOVE.INDEX', ['BOOL.CONST.False']], 'DS.REMOVE.INDEX']
  contains#obj: ['DS.LAST_INDEX_OF', ['BOOL.AND', 'BOOL.CONST.False', 'DS.GET.INDEX']]
  remove#int: ['BOOL.CONST.True', 'DS.GET.INDEX']
  lastIndexOf#obj: ['DS.LAST_INDEX_OF', 'INT.CONST.-1']
  add#obj: [['DS.SIZE', ['DS.INSERT.AT.INDEX'], 'DS.SET.INDEX', ['BOOL.CONST.False']], 'BOOL.CONST.True']
Gen 900: Fitness=0.023712, Acc=0.913, Complexity=0.007
  size#0: ['DS.SIZE']
  set#int_obj: ['BOOL.CONST.False', ['DS.GET.INDEX'], 'DUP.ANY', 'DS.GET.INDEX']
  indexOf#obj: ['DS.INDEX_OF']
  get#int: ['BOOL.CONST.False', ['DS.GET.INDEX']]
  clear#0: [[['DS.CLEAR']]]
  isEmpty#0: [['DS.SIZE'], 'INT.CONST.0', 'INT.EQ']
  add#int_obj: ['DS.INSERT.AT.INDEX', 'INT.CONST.1', 'DS.GET.INDEX', 'DS.GET.INDEX']
  remove#obj: ['DS.INDEX_OF', 'BOOL.CONST.True', ['DS.REMOVE.INDEX', ['BOOL.CONST.False']]]
  contains#obj: ['DS.LAST_INDEX_OF', ['BOOL.AND', 'BOOL.CONST.False', 'DS.GET.INDEX']]
  remove#int: ['BOOL.CONST.True', 'DS.GET.INDEX']
  lastIndexOf#obj: [['POP.ANY'], 'INT.CONST.-1']
  add#obj: [['DS.SIZE', ['DS.INSERT.AT.INDEX'], 'DS.SET.INDEX', ['BOOL.CONST.False']], 'BOOL.CONST.True']
Gen 925: Fitness=0.023612, Acc=0.913, Complexity=0.006
  size#0: ['DS.SIZE']
  set#int_obj: ['BOOL.CONST.False', ['DS.GET.INDEX'], 'DUP.ANY', 'DS.GET.INDEX']
  indexOf#obj: ['DS.INDEX_OF']
  get#int: ['BOOL.CONST.False', ['DS.GET.INDEX']]
  clear#0: [[['DS.CLEAR']]]
  isEmpty#0: [['DS.SIZE'], 'INT.CONST.0', 'INT.EQ']
  add#int_obj: ['DS.INSERT.AT.INDEX', 'DS.SIZE', 'DS.GET.INDEX']
  remove#obj: ['DS.INDEX_OF', 'BOOL.CONST.True', ['DS.REMOVE.INDEX', ['BOOL.CONST.False']]]
  contains#obj: ['DS.LAST_INDEX_OF', ['BOOL.AND', 'BOOL.CONST.False', 'DS.GET.INDEX']]
  remove#int: ['BOOL.CONST.True', 'DS.GET.INDEX']
  lastIndexOf#obj: [['POP.ANY'], 'INT.CONST.-1']
  add#obj: [['DS.SIZE', ['DS.INSERT.AT.INDEX'], 'DS.SET.INDEX', ['BOOL.CONST.False']], 'BOOL.CONST.True']
Gen 950: Fitness=0.023612, Acc=0.913, Complexity=0.006
  size#0: ['DS.SIZE']
  set#int_obj: ['BOOL.CONST.False', ['DS.GET.INDEX'], 'DUP.ANY', 'DS.GET.INDEX']
  indexOf#obj: ['DS.INDEX_OF']
  get#int: ['BOOL.CONST.False', ['DS.GET.INDEX']]
  clear#0: [[['DS.CLEAR']]]
  isEmpty#0: [['DS.SIZE'], 'INT.CONST.0', 'INT.EQ']
  add#int_obj: ['DS.INSERT.AT.INDEX', 'DS.SIZE', 'DS.GET.INDEX']
  remove#obj: ['DS.INDEX_OF', 'BOOL.CONST.True', ['DS.REMOVE.INDEX', ['BOOL.CONST.False']]]
  contains#obj: ['DS.LAST_INDEX_OF', ['BOOL.AND', 'BOOL.CONST.False', 'DS.GET.INDEX']]
  remove#int: ['BOOL.CONST.True', 'DS.GET.INDEX']
  lastIndexOf#obj: [['POP.ANY'], 'INT.CONST.-1']
  add#obj: [['DS.SIZE', ['DS.INSERT.AT.INDEX'], 'DS.SET.INDEX', ['BOOL.CONST.False']], 'BOOL.CONST.True']
Gen 975: Fitness=0.023612, Acc=0.913, Complexity=0.006
  size#0: ['DS.SIZE']
  set#int_obj: ['BOOL.CONST.False', ['DS.GET.INDEX'], 'DUP.ANY', 'DS.GET.INDEX']
  indexOf#obj: ['DS.INDEX_OF']
  get#int: ['BOOL.CONST.False', ['DS.GET.INDEX']]
  clear#0: [[['DS.CLEAR']]]
  isEmpty#0: [['DS.SIZE'], 'INT.CONST.0', 'INT.EQ']
  add#int_obj: ['DS.INSERT.AT.INDEX', 'DS.SIZE', 'DS.GET.INDEX']
  remove#obj: ['DS.INDEX_OF', 'BOOL.CONST.True', ['DS.REMOVE.INDEX', ['BOOL.CONST.False']]]
  contains#obj: ['DS.LAST_INDEX_OF', ['BOOL.AND', 'BOOL.CONST.False', 'DS.GET.INDEX']]
  remove#int: ['BOOL.CONST.True', 'DS.GET.INDEX']
  lastIndexOf#obj: [['POP.ANY'], 'INT.CONST.-1']
  add#obj: [['DS.SIZE', ['DS.INSERT.AT.INDEX'], 'DS.SET.INDEX', ['BOOL.CONST.False']], 'BOOL.CONST.True']
Gen 1000: Fitness=0.023612, Acc=0.913, Complexity=0.006
  size#0: ['DS.SIZE']
  set#int_obj: ['BOOL.CONST.False', ['DS.GET.INDEX'], 'DUP.ANY', 'DS.GET.INDEX']
  indexOf#obj: ['DS.INDEX_OF']
  get#int: ['BOOL.CONST.False', ['DS.GET.INDEX']]
  clear#0: [[['DS.CLEAR']]]
  isEmpty#0: [['DS.SIZE'], 'INT.CONST.0', 'INT.EQ']
  add#int_obj: ['DS.INSERT.AT.INDEX', 'DS.SIZE', 'DS.GET.INDEX']
  remove#obj: ['DS.INDEX_OF', 'BOOL.CONST.True', ['DS.REMOVE.INDEX', ['BOOL.CONST.False']]]
  contains#obj: ['DS.LAST_INDEX_OF', ['BOOL.AND', 'BOOL.CONST.False', 'DS.GET.INDEX']]
  remove#int: ['BOOL.CONST.True', 'DS.GET.INDEX']
  lastIndexOf#obj: [['POP.ANY'], 'INT.CONST.-1']
  add#obj: [['DS.SIZE', ['DS.INSERT.AT.INDEX'], 'DS.SET.INDEX', ['BOOL.CONST.False']], 'BOOL.CONST.True']
Gen 1025: Fitness=0.023512, Acc=0.913, Complexity=0.006
  size#0: ['DS.SIZE']
  set#int_obj: ['BOOL.CONST.False', ['DS.GET.INDEX'], 'DUP.ANY', 'DS.GET.INDEX']
  indexOf#obj: ['DS.INDEX_OF']
  get#int: ['BOOL.CONST.False', ['DS.GET.INDEX']]
  clear#0: [[['DS.CLEAR']]]
  isEmpty#0: [['DS.SIZE'], 'INT.CONST.0', 'INT.EQ']
  add#int_obj: ['DS.INSERT.AT.INDEX', 'DS.LAST_INDEX_OF']
  remove#obj: ['DS.INDEX_OF', 'BOOL.CONST.True', ['DS.REMOVE.INDEX', ['BOOL.CONST.False']]]
  contains#obj: ['DS.LAST_INDEX_OF', ['BOOL.AND', 'BOOL.CONST.False', 'DS.GET.INDEX']]
  remove#int: ['BOOL.CONST.True', 'DS.GET.INDEX']
  lastIndexOf#obj: [['POP.ANY'], 'INT.CONST.-1']
  add#obj: [['DS.SIZE', ['DS.INSERT.AT.INDEX'], 'DS.SET.INDEX', ['BOOL.CONST.False']], 'BOOL.CONST.True']
Gen 1050: Fitness=0.023512, Acc=0.913, Complexity=0.006
  size#0: ['DS.SIZE']
  set#int_obj: ['BOOL.CONST.False', ['DS.GET.INDEX'], 'DUP.ANY', 'DS.GET.INDEX']
  indexOf#obj: ['DS.INDEX_OF']
  get#int: ['BOOL.CONST.False', ['DS.GET.INDEX']]
  clear#0: [[['DS.CLEAR']]]
  isEmpty#0: [['DS.SIZE'], 'INT.CONST.0', 'INT.EQ']
  add#int_obj: ['DS.INSERT.AT.INDEX', 'DS.LAST_INDEX_OF']
  remove#obj: ['DS.INDEX_OF', 'BOOL.CONST.True', ['DS.REMOVE.INDEX', ['BOOL.CONST.False']]]
  contains#obj: ['DS.LAST_INDEX_OF', ['BOOL.AND', 'BOOL.CONST.False', 'DS.GET.INDEX']]
  remove#int: ['BOOL.CONST.True', 'DS.GET.INDEX']
  lastIndexOf#obj: [['POP.ANY'], 'INT.CONST.-1']
  add#obj: [['DS.SIZE', ['DS.INSERT.AT.INDEX'], 'DS.SET.INDEX', ['BOOL.CONST.False']], 'BOOL.CONST.True']
Gen 1075: Fitness=0.023512, Acc=0.913, Complexity=0.006
  size#0: ['DS.SIZE']
  set#int_obj: ['BOOL.CONST.False', ['DS.GET.INDEX'], 'DUP.ANY', 'DS.GET.INDEX']
  indexOf#obj: ['DS.INDEX_OF']
  get#int: ['BOOL.CONST.False', ['DS.GET.INDEX']]
  clear#0: [[['DS.CLEAR']]]
  isEmpty#0: [['DS.SIZE'], 'INT.CONST.0', 'INT.EQ']
  add#int_obj: ['DS.INSERT.AT.INDEX', 'DS.LAST_INDEX_OF']
  remove#obj: ['DS.INDEX_OF', 'BOOL.CONST.True', ['DS.REMOVE.INDEX', ['BOOL.CONST.False']]]
  contains#obj: ['DS.LAST_INDEX_OF', ['BOOL.AND', 'BOOL.CONST.False', 'DS.GET.INDEX']]
  remove#int: ['BOOL.CONST.True', 'DS.GET.INDEX']
  lastIndexOf#obj: [['POP.ANY'], 'INT.CONST.-1']
  add#obj: [['DS.SIZE', ['DS.INSERT.AT.INDEX'], 'DS.SET.INDEX', ['BOOL.CONST.False']], 'BOOL.CONST.True']
Gen 1100: Fitness=0.023512, Acc=0.913, Complexity=0.006
  size#0: ['DS.SIZE']
  set#int_obj: ['BOOL.CONST.False', ['DS.GET.INDEX'], 'DUP.ANY', 'DS.GET.INDEX']
  indexOf#obj: ['DS.INDEX_OF']
  get#int: ['BOOL.CONST.False', ['DS.GET.INDEX']]
  clear#0: [[['DS.CLEAR']]]
  isEmpty#0: [['DS.SIZE'], 'INT.CONST.0', 'INT.EQ']
  add#int_obj: ['DS.INSERT.AT.INDEX', 'DS.LAST_INDEX_OF']
  remove#obj: ['DS.INDEX_OF', 'BOOL.CONST.True', ['DS.REMOVE.INDEX', ['BOOL.CONST.False']]]
  contains#obj: ['DS.LAST_INDEX_OF', ['BOOL.AND', 'BOOL.CONST.False', 'DS.GET.INDEX']]
  remove#int: ['BOOL.CONST.True', 'DS.GET.INDEX']
  lastIndexOf#obj: [['POP.ANY'], 'INT.CONST.-1']
  add#obj: [['DS.SIZE', ['DS.INSERT.AT.INDEX'], 'DS.SET.INDEX', ['BOOL.CONST.False']], 'BOOL.CONST.True']
Stopping after 100 gens without improvement
Evolution completed in 2310.12 seconds
PushGP genome saved to: genomes/public_class_java_util_ArrayList_E__run2.json
Best genome saved to genomes/public_class_java_util_ArrayList_E__run2.json
