Loading training data from ../Training-Data-Generation/symbolic-regression-data/training/public_class_java_util_ArrayList_E_.json
Max samples per file: 10000
------------------------------------------------------------
Loading public_class_java_util_ArrayList_E_.json... (1000 samples)
------------------------------------------------------------
Loaded 1000 total samples from 1 files
Learning PushGP programs for 12 methods: ['remove#obj', 'indexOf#obj', 'clear#0', 'contains#obj', 'isEmpty#0', 'set#int_obj', 'lastIndexOf#obj', 'size#0', 'get#int', 'add#int_obj', 'remove#int', 'add#obj']
Gen 0: Fitness=0.373375, Acc=0.217, Complexity=0.005
  remove#obj: ['INT.EQ', ['BOOL.CONST.False']]
  indexOf#obj: ['INT.CONST.-1']
  clear#0: ['DS.CLEAR']
  contains#obj: ['DS.INDEX_OF']
  isEmpty#0: ['POP.ANY']
  set#int_obj: [['INT.CONST.0', ['BOOL.NOT']], [['BOOL.CONST.True'], 'DS.SET.INDEX']]
  lastIndexOf#obj: [[['DS.REMOVE.INDEX'], 'INT.SUB', 'INT.CONST.0', 'DS.INDEX_OF'], 'DS.CLEAR', 'BOOL.AND']
  size#0: [['INT.EQ'], ['BOOL.OR']]
  get#int: ['DS.REMOVE.INDEX']
  add#int_obj: ['BOOL.AND']
  remove#int: ['INT.CONST.0']
  add#obj: [['INT.CONST.-1', 'DS.CLEAR', 'ITE', 'BOOL.CONST.True']]
Gen 25: Fitness=0.172375, Acc=0.567, Complexity=0.008
  remove#obj: ['INT.CONST.1', ['BOOL.CONST.False'], 'INT.CONST.-1']
  indexOf#obj: ['DS.REMOVE.INDEX', 'DS.INSERT.AT.INDEX', 'INT.LT', 'INT.CONST.-1']
  set#int_obj: ['DS.SET.INDEX']
  lastIndexOf#obj: ['DS.INDEX_OF']
  size#0: ['DS.SIZE', ['DUP.ANY'], ['ITE', 'DS.LAST_INDEX_OF', 'DUP.ANY', 'DS.INDEX_OF'], 'DS.SET.INDEX']
  remove#int: ['INT.CONST.0', 'DS.SET.INDEX', 'ITE']
  add#obj: ['DS.INDEX_OF', ['INT.CONST.-1', 'DS.CLEAR', 'INT.SUB', 'BOOL.CONST.True']]
  clear#0: [['INT.CONST.0']]
  contains#obj: ['INT.ADD', ['BOOL.CONST.False'], 'INT.SUB', 'INT.EQ']
  isEmpty#0: ['DS.SIZE', ['INT.SUB', 'POP.ANY', 'INT.LT'], ['DS.SET.INDEX'], 'BOOL.CONST.True']
  get#int: ['INT.ADD', ['DS.SET.INDEX']]
  add#int_obj: ['DS.LAST_INDEX_OF', 'DS.INDEX_OF', 'DS.INSERT.AT.INDEX']
Gen 50: Fitness=0.167530, Acc=0.581, Complexity=0.009
  remove#obj: [['BOOL.CONST.False'], 'BOOL.AND']
  indexOf#obj: ['DS.INSERT.AT.INDEX', 'INT.CONST.-1']
  set#int_obj: ['DS.SET.INDEX', 'BOOL.NOT', [['BOOL.CONST.True'], 'DS.SET.INDEX']]
  lastIndexOf#obj: ['DS.INDEX_OF', 'BOOL.OR', 'DS.INDEX_OF']
  size#0: ['DS.SIZE', ['DUP.ANY'], ['INT.CONST.0', 'BOOL.CONST.True', 'DUP.ANY', 'DS.INDEX_OF'], 'DS.SET.INDEX']
  remove#int: ['INT.CONST.0', 'DS.SET.INDEX', 'DS.GET.INDEX', ['ITE'], 'POP.ANY', 'BOOL.CONST.True', 'INT.LT']
  add#obj: [['INT.CONST.-1', 'INT.CONST.-1', 'ITE', 'BOOL.CONST.True'], 'DS.REMOVE.INDEX']
  clear#0: ['BOOL.CONST.False']
  contains#obj: [[['INT.CONST.-1'], 'BOOL.CONST.True', 'DS.SIZE', 'POP.ANY'], 'BOOL.NOT', ['BOOL.CONST.False'], 'INT.LT', 'ITE']
  isEmpty#0: ['BOOL.CONST.True']
  get#int: ['DS.REMOVE.INDEX', 'BOOL.CONST.True']
  add#int_obj: ['DS.SET.INDEX', [['POP.ANY'], 'INT.EQ']]
Gen 75: Fitness=0.141911, Acc=0.616, Complexity=0.010
  remove#obj: ['INT.CONST.1', ['BOOL.CONST.False']]
  indexOf#obj: ['DS.REMOVE.INDEX', 'DS.INSERT.AT.INDEX', 'INT.CONST.-1', ['ITE'], 'DS.CLEAR']
  set#int_obj: ['DS.GET.INDEX', ['DS.SET.INDEX', ['DS.CLEAR']], 'DS.SIZE', 'DS.SET.INDEX']
  lastIndexOf#obj: ['DS.INDEX_OF']
  size#0: ['DS.LAST_INDEX_OF', [['BOOL.OR', 'INT.CONST.0', ['INT.SUB', 'DS.SIZE']], 'BOOL.CONST.False', ['BOOL.NOT', ['INT.SUB']], 'BOOL.CONST.True'], 'DS.SIZE']
  remove#int: [['INT.CONST.0'], ['DS.REMOVE.INDEX']]
  add#obj: [['INT.CONST.-1', ['DS.SIZE'], 'DS.INSERT.AT.INDEX', ['INT.EQ', 'DS.SIZE', 'BOOL.CONST.True', 'INT.CONST.1']], 'INT.CONST.1']
  clear#0: ['POP.ANY', 'INT.CONST.1']
  contains#obj: ['INT.LT', ['BOOL.CONST.False'], 'INT.LT', ['DS.REMOVE.INDEX']]
  isEmpty#0: ['INT.CONST.0', 'DS.SIZE', 'BOOL.CONST.False', [['DS.CLEAR'], 'INT.EQ', ['DS.CLEAR'], 'BOOL.OR']]
  get#int: ['DS.INDEX_OF', ['BOOL.CONST.False'], ['DS.REMOVE.INDEX']]
  add#int_obj: [[['BOOL.AND'], 'DS.REMOVE.INDEX'], 'ITE']
Gen 100: Fitness=0.127745, Acc=0.629, Complexity=0.010
  remove#obj: ['INT.CONST.1', ['BOOL.CONST.False']]
  indexOf#obj: ['DS.REMOVE.INDEX', 'POP.ANY', 'INT.CONST.-1', 'INT.ADD']
  set#int_obj: ['DS.GET.INDEX', 'INT.LT', 'DS.SIZE', 'DS.SET.INDEX']
  lastIndexOf#obj: ['DS.INDEX_OF']
  size#0: ['DS.LAST_INDEX_OF', [['BOOL.OR', 'INT.CONST.0', ['BOOL.CONST.True', 'DS.SIZE']], 'BOOL.CONST.False', ['BOOL.NOT', ['INT.SUB']], 'BOOL.CONST.True'], 'DS.SIZE']
  remove#int: [['BOOL.CONST.True'], ['DS.REMOVE.INDEX']]
  add#obj: [['INT.CONST.-1', ['DS.SIZE'], 'DS.INSERT.AT.INDEX', ['INT.EQ', 'DS.SIZE', 'BOOL.CONST.True', 'INT.CONST.1']], 'INT.CONST.1']
  clear#0: ['INT.EQ']
  contains#obj: ['INT.LT', ['BOOL.CONST.False'], 'INT.LT', ['DS.REMOVE.INDEX']]
  isEmpty#0: ['INT.CONST.0', 'DS.SIZE', 'BOOL.CONST.False', [['DS.CLEAR'], 'INT.EQ', ['DS.CLEAR'], 'BOOL.OR']]
  get#int: ['DS.INDEX_OF', ['BOOL.AND'], ['BOOL.CONST.False'], ['DS.REMOVE.INDEX']]
  add#int_obj: [[['BOOL.AND'], 'DS.REMOVE.INDEX'], 'ITE']
Gen 125: Fitness=0.118557, Acc=0.656, Complexity=0.011
  remove#obj: ['DS.REMOVE.INDEX', 'DS.GET.INDEX', ['BOOL.CONST.False']]
  indexOf#obj: ['DS.REMOVE.INDEX', ['DS.LAST_INDEX_OF', [[['INT.CONST.0'], 'DS.LAST_INDEX_OF']], 'INT.ADD', 'INT.ADD'], 'INT.CONST.-1', 'DS.CLEAR']
  set#int_obj: ['INT.SUB', ['INT.SUB'], 'DUP.ANY', ['DS.GET.INDEX']]
  lastIndexOf#obj: ['DS.INDEX_OF']
  size#0: ['DS.LAST_INDEX_OF', [[['BOOL.NOT'], 'DS.REMOVE.INDEX', ['INT.SUB', 'DUP.ANY']], ['BOOL.OR'], ['BOOL.CONST.False', ['BOOL.OR']], 'BOOL.CONST.True'], ['DS.SIZE']]
  remove#int: [['BOOL.CONST.True'], ['DS.REMOVE.INDEX']]
  add#obj: [['INT.CONST.-1', ['DS.SIZE'], 'DS.INSERT.AT.INDEX', ['INT.EQ', 'DS.SIZE', 'BOOL.CONST.True', 'INT.CONST.1']], 'INT.CONST.1']
  clear#0: ['DS.CLEAR', 'BOOL.OR']
  contains#obj: ['INT.LT', ['BOOL.CONST.False'], 'INT.LT', ['DS.REMOVE.INDEX']]
  isEmpty#0: ['INT.CONST.0', 'DS.SIZE', 'BOOL.CONST.False', [['DS.CLEAR'], 'INT.EQ', ['DS.CLEAR'], 'BOOL.OR']]
  get#int: ['DS.INDEX_OF', ['BOOL.CONST.False'], ['DS.REMOVE.INDEX']]
  add#int_obj: ['DS.SET.INDEX']
Gen 150: Fitness=0.104656, Acc=0.686, Complexity=0.009
  remove#obj: ['DS.REMOVE.INDEX', 'DS.INDEX_OF', ['BOOL.CONST.False']]
  indexOf#obj: ['DS.REMOVE.INDEX', 'INT.CONST.-1', 'INT.ADD']
  set#int_obj: ['DS.GET.INDEX', ['INT.EQ', 'BOOL.CONST.False']]
  lastIndexOf#obj: ['DS.INDEX_OF']
  size#0: ['DS.LAST_INDEX_OF', 'DS.SIZE']
  remove#int: [['BOOL.CONST.True'], ['DS.REMOVE.INDEX']]
  add#obj: [['INT.CONST.-1', ['DS.SIZE'], 'DS.INSERT.AT.INDEX', ['INT.ADD', ['BOOL.NOT'], 'BOOL.CONST.True', 'DUP.ANY']]]
  clear#0: ['INT.CONST.-1', 'DS.CLEAR', 'BOOL.OR']
  contains#obj: ['INT.LT', ['BOOL.CONST.False'], 'INT.LT', 'DS.REMOVE.INDEX']
  isEmpty#0: ['INT.CONST.0', 'DS.SIZE', 'BOOL.CONST.False', ['BOOL.CONST.False', 'INT.EQ', ['DS.SET.INDEX'], 'BOOL.OR']]
  get#int: ['DS.INDEX_OF', ['BOOL.AND'], ['BOOL.CONST.False'], 'DS.GET.INDEX', 'DS.SET.INDEX']
  add#int_obj: [[['BOOL.AND'], 'DS.REMOVE.INDEX'], 'ITE']
Gen 175: Fitness=0.090196, Acc=0.708, Complexity=0.009
  remove#obj: ['DS.INDEX_OF', ['BOOL.CONST.False']]
  indexOf#obj: ['DS.REMOVE.INDEX', 'ITE', 'INT.CONST.-1', 'INT.SUB']
  set#int_obj: ['DS.GET.INDEX', ['INT.EQ', 'BOOL.CONST.False']]
  lastIndexOf#obj: ['DS.INDEX_OF']
  size#0: ['BOOL.OR', 'DS.SIZE']
  remove#int: [['BOOL.CONST.True'], ['DS.REMOVE.INDEX']]
  add#obj: [['BOOL.OR', ['DS.SIZE'], 'DS.INSERT.AT.INDEX', ['DS.SET.INDEX', ['DS.SIZE'], 'BOOL.CONST.True', 'INT.CONST.0']], 'INT.CONST.0']
  clear#0: ['INT.CONST.-1', 'DS.CLEAR', 'BOOL.OR']
  contains#obj: ['INT.LT', ['BOOL.CONST.False'], 'INT.LT', 'DS.REMOVE.INDEX']
  isEmpty#0: ['INT.CONST.0', 'DS.SIZE', 'BOOL.CONST.False', ['BOOL.CONST.False', 'INT.EQ', ['DS.SET.INDEX'], 'BOOL.OR']]
  get#int: ['DS.INDEX_OF', ['BOOL.AND'], ['BOOL.CONST.False'], 'DS.GET.INDEX', 'DS.SET.INDEX']
  add#int_obj: [[['BOOL.AND'], 'DS.REMOVE.INDEX'], 'ITE']
Gen 200: Fitness=0.081053, Acc=0.728, Complexity=0.009
  remove#obj: ['DS.INDEX_OF', ['BOOL.CONST.False']]
  indexOf#obj: ['DS.REMOVE.INDEX', 'ITE', 'INT.CONST.-1', 'INT.SUB']
  set#int_obj: ['DS.GET.INDEX']
  lastIndexOf#obj: ['DS.INDEX_OF']
  size#0: ['BOOL.OR', 'DS.SIZE']
  remove#int: [['BOOL.CONST.True'], ['DS.REMOVE.INDEX']]
  add#obj: [['BOOL.OR', ['DS.SIZE'], 'DS.INSERT.AT.INDEX', ['DS.SET.INDEX', ['DS.SIZE'], 'BOOL.CONST.True', 'INT.CONST.0']], 'INT.CONST.0']
  clear#0: ['INT.CONST.-1', 'DS.CLEAR', 'BOOL.OR']
  contains#obj: ['INT.LT', 'ITE', ['BOOL.CONST.False'], 'INT.SUB', 'DS.REMOVE.INDEX']
  isEmpty#0: ['INT.CONST.0', 'DS.SIZE', 'BOOL.CONST.False', ['BOOL.CONST.False', 'INT.EQ', ['DS.SET.INDEX'], 'BOOL.OR']]
  get#int: ['DS.INDEX_OF', ['DS.SIZE'], ['BOOL.CONST.False'], 'INT.CONST.-1', 'DS.SET.INDEX']
  add#int_obj: ['DS.INSERT.AT.INDEX', ['BOOL.AND', 'DS.REMOVE.INDEX']]
Gen 225: Fitness=0.075970, Acc=0.740, Complexity=0.009
  remove#obj: [['BOOL.CONST.False'], 'DS.GET.INDEX', ['INT.CONST.0']]
  indexOf#obj: ['DS.REMOVE.INDEX', 'DS.SET.INDEX', 'INT.CONST.-1', ['INT.LT']]
  set#int_obj: ['INT.SUB', ['INT.SUB'], 'DUP.ANY', ['DS.GET.INDEX']]
  lastIndexOf#obj: ['DS.INDEX_OF']
  size#0: ['BOOL.OR', 'DS.SIZE']
  remove#int: [['BOOL.CONST.True'], ['DS.REMOVE.INDEX']]
  add#obj: [['BOOL.OR', ['DS.SIZE'], 'DS.INSERT.AT.INDEX', ['DS.SET.INDEX', ['DS.SIZE'], 'BOOL.CONST.True', 'INT.CONST.0']], 'INT.CONST.0']
  clear#0: [['DS.GET.INDEX'], 'DS.CLEAR', 'BOOL.OR']
  contains#obj: ['POP.ANY', ['BOOL.CONST.False'], 'INT.ADD', 'BOOL.CONST.False', 'DS.REMOVE.INDEX']
  isEmpty#0: ['INT.CONST.0', 'DS.SIZE', 'BOOL.CONST.False', [['DS.CLEAR'], 'INT.EQ', ['DS.CLEAR'], 'BOOL.OR']]
  get#int: ['BOOL.AND', ['DS.GET.INDEX'], ['BOOL.CONST.False'], 'INT.SUB']
  add#int_obj: ['DS.SET.INDEX']
Gen 250: Fitness=0.062732, Acc=0.797, Complexity=0.010
  remove#obj: [['INT.CONST.-1'], ['BOOL.CONST.False']]
  indexOf#obj: ['INT.CONST.0', 'INT.CONST.-1', 'INT.ADD']
  set#int_obj: ['DS.GET.INDEX', ['INT.LT', 'BOOL.CONST.False'], ['ITE']]
  lastIndexOf#obj: ['DS.INDEX_OF']
  size#0: ['INT.ADD', 'DS.SIZE']
  remove#int: [['INT.EQ'], ['INT.LT'], ['DS.GET.INDEX']]
  add#obj: [['DS.SIZE', ['BOOL.AND'], 'DS.INSERT.AT.INDEX', ['INT.ADD', ['BOOL.NOT'], 'BOOL.CONST.True', 'BOOL.OR']], 'BOOL.CONST.True']
  clear#0: [['INT.EQ'], 'DS.CLEAR', 'BOOL.OR']
  contains#obj: ['INT.LT', ['BOOL.CONST.False'], 'INT.LT', 'DS.REMOVE.INDEX']
  isEmpty#0: ['INT.CONST.0', 'DS.SIZE', 'BOOL.CONST.False', ['BOOL.CONST.False', 'INT.EQ', ['DS.SET.INDEX'], 'BOOL.OR']]
  get#int: ['DS.INDEX_OF', ['BOOL.AND'], ['BOOL.CONST.False'], 'DS.GET.INDEX', 'DS.SET.INDEX']
  add#int_obj: [['DS.INSERT.AT.INDEX', ['DS.LAST_INDEX_OF', 'DS.SET.INDEX', 'INT.CONST.-1', 'DS.REMOVE.INDEX']], 'BOOL.AND']
Gen 275: Fitness=0.046360, Acc=0.861, Complexity=0.009
  remove#obj: [['INT.CONST.-1'], ['BOOL.CONST.False']]
  indexOf#obj: ['INT.CONST.0', 'INT.CONST.-1', 'INT.ADD']
  set#int_obj: ['DS.GET.INDEX', ['INT.EQ', 'BOOL.CONST.False']]
  lastIndexOf#obj: ['DS.INDEX_OF']
  size#0: ['DS.SIZE']
  remove#int: [['INT.EQ'], ['INT.LT'], ['DS.GET.INDEX']]
  add#obj: [['DS.SIZE', ['BOOL.AND'], 'DS.INSERT.AT.INDEX', ['INT.ADD', ['BOOL.NOT'], 'BOOL.CONST.True', 'BOOL.OR']], 'BOOL.CONST.True']
  clear#0: [['INT.EQ'], 'DS.CLEAR', 'BOOL.OR']
  contains#obj: ['INT.LT', ['BOOL.CONST.False'], 'INT.LT', 'DS.REMOVE.INDEX']
  isEmpty#0: ['INT.CONST.0', 'DS.SIZE', 'BOOL.CONST.False', ['BOOL.CONST.False', 'INT.EQ', ['DS.SET.INDEX'], 'BOOL.OR']]
  get#int: ['BOOL.CONST.False', ['BOOL.OR'], ['BOOL.CONST.False'], 'DUP.ANY', 'DS.GET.INDEX', ['BOOL.CONST.True']]
  add#int_obj: [['DS.INSERT.AT.INDEX', ['DS.LAST_INDEX_OF', 'DS.SET.INDEX', 'INT.CONST.-1', 'DS.REMOVE.INDEX']], 'BOOL.AND']
Gen 300: Fitness=0.040645, Acc=0.874, Complexity=0.009
  remove#obj: [['INT.CONST.-1'], ['BOOL.CONST.False']]
  indexOf#obj: ['DS.INDEX_OF', 'INT.CONST.-1', ['DS.LAST_INDEX_OF']]
  set#int_obj: ['DS.GET.INDEX', ['INT.EQ', 'INT.ADD']]
  lastIndexOf#obj: ['DS.INDEX_OF']
  size#0: ['DS.SIZE']
  remove#int: [['INT.EQ'], ['INT.LT'], ['DS.GET.INDEX']]
  add#obj: [['DS.SIZE', ['BOOL.AND'], 'DS.INSERT.AT.INDEX', 'INT.CONST.1'], 'BOOL.CONST.True']
  clear#0: [['INT.EQ'], 'BOOL.OR', 'DS.CLEAR', 'BOOL.OR']
  contains#obj: ['INT.LT', ['BOOL.CONST.False'], 'INT.ADD', 'DS.REMOVE.INDEX']
  isEmpty#0: ['INT.CONST.0', 'DS.SIZE', 'BOOL.CONST.False', ['BOOL.CONST.False', 'INT.EQ', ['DS.SET.INDEX'], 'BOOL.OR']]
  get#int: ['INT.EQ', 'BOOL.AND', 'DUP.ANY', 'BOOL.CONST.True', 'DS.GET.INDEX', 'INT.ADD']
  add#int_obj: [['DS.INSERT.AT.INDEX', ['DS.LAST_INDEX_OF', 'DS.SET.INDEX', 'INT.CONST.-1', 'DS.REMOVE.INDEX']], 'INT.CONST.1']
Gen 325: Fitness=0.036723, Acc=0.886, Complexity=0.010
  remove#obj: ['BOOL.CONST.True', ['BOOL.CONST.False']]
  indexOf#obj: ['INT.CONST.0', 'INT.CONST.-1', 'INT.ADD']
  set#int_obj: ['DS.GET.INDEX', 'DS.GET.INDEX']
  lastIndexOf#obj: ['DS.INDEX_OF']
  size#0: ['DS.SIZE']
  remove#int: [['INT.EQ'], ['INT.LT'], ['DS.GET.INDEX']]
  add#obj: [['DS.SIZE', ['BOOL.AND'], 'DS.INSERT.AT.INDEX', ['INT.ADD', ['BOOL.NOT'], 'BOOL.CONST.True', 'BOOL.OR']], 'BOOL.CONST.True']
  clear#0: [['INT.EQ'], 'DS.CLEAR', 'DS.INSERT.AT.INDEX', 'BOOL.OR', 'INT.CONST.0']
  contains#obj: [['DS.INDEX_OF'], ['BOOL.CONST.False'], 'DS.INDEX_OF', 'DS.REMOVE.INDEX', 'DS.SIZE']
  isEmpty#0: ['BOOL.OR', 'DS.SIZE', 'BOOL.CONST.False', ['INT.CONST.0', 'INT.EQ', ['DS.SET.INDEX'], 'BOOL.OR']]
  get#int: ['BOOL.CONST.False', ['BOOL.OR'], ['BOOL.CONST.False'], ['INT.LT'], 'DS.GET.INDEX']
  add#int_obj: ['BOOL.AND', ['DS.INSERT.AT.INDEX', ['DS.LAST_INDEX_OF', 'DS.SET.INDEX', 'INT.CONST.-1', 'DS.REMOVE.INDEX']]]
Gen 350: Fitness=0.033797, Acc=0.890, Complexity=0.009
  remove#obj: [['DS.LAST_INDEX_OF'], ['BOOL.CONST.False']]
  indexOf#obj: ['DS.INDEX_OF']
  set#int_obj: ['DS.GET.INDEX']
  lastIndexOf#obj: ['DS.INDEX_OF']
  size#0: ['DS.SIZE']
  remove#int: [['INT.EQ'], 'DS.GET.INDEX']
  add#obj: [['DS.SIZE', ['BOOL.AND'], 'DS.INSERT.AT.INDEX', ['INT.ADD', ['BOOL.NOT'], 'BOOL.CONST.True', 'BOOL.OR']], 'BOOL.NOT', 'BOOL.CONST.True']
  clear#0: [[['INT.LT']], 'DS.CLEAR', 'DS.INSERT.AT.INDEX', 'BOOL.OR', 'INT.CONST.0']
  contains#obj: ['INT.LT', 'POP.ANY', ['BOOL.CONST.False'], 'DS.REMOVE.INDEX', 'DS.REMOVE.INDEX']
  isEmpty#0: ['BOOL.OR', 'DS.SIZE', 'BOOL.CONST.False', ['INT.CONST.0', 'INT.EQ', ['DS.SET.INDEX'], 'BOOL.OR']]
  get#int: ['BOOL.CONST.False', ['BOOL.OR'], ['BOOL.CONST.False'], ['INT.LT'], 'DS.GET.INDEX']
  add#int_obj: [['DS.INSERT.AT.INDEX', ['DS.LAST_INDEX_OF', 'DS.SET.INDEX', 'INT.ADD', ['INT.LT']]], 'BOOL.AND']
Gen 375: Fitness=0.033307, Acc=0.890, Complexity=0.009
  remove#obj: [['DS.LAST_INDEX_OF'], ['BOOL.CONST.False'], 'DS.REMOVE.INDEX']
  indexOf#obj: ['DS.INDEX_OF']
  set#int_obj: ['DS.GET.INDEX', 'INT.EQ']
  lastIndexOf#obj: ['DS.INDEX_OF']
  size#0: ['DS.SIZE']
  remove#int: ['DS.GET.INDEX']
  add#obj: [['DS.SIZE', ['BOOL.AND'], 'DS.INSERT.AT.INDEX', ['INT.ADD', ['BOOL.NOT'], 'BOOL.CONST.True', 'BOOL.OR']], 'BOOL.NOT', 'BOOL.CONST.True']
  clear#0: [[['INT.LT']], 'DS.CLEAR', 'DS.INSERT.AT.INDEX', 'INT.CONST.1', 'BOOL.OR', 'INT.CONST.0']
  contains#obj: ['INT.LT', 'POP.ANY', ['BOOL.CONST.False'], 'DS.REMOVE.INDEX', 'DS.REMOVE.INDEX']
  isEmpty#0: ['BOOL.OR', 'DS.SIZE', 'BOOL.CONST.False', ['INT.CONST.0', 'INT.EQ', ['DS.SET.INDEX'], 'BOOL.OR']]
  get#int: ['BOOL.CONST.False', ['BOOL.OR'], ['BOOL.CONST.False'], ['INT.LT'], 'DS.GET.INDEX']
  add#int_obj: [['DS.INSERT.AT.INDEX', ['DS.LAST_INDEX_OF', 'DS.SET.INDEX', 'INT.ADD', ['INT.LT']]], 'BOOL.AND']
Gen 400: Fitness=0.030991, Acc=0.895, Complexity=0.010
  remove#obj: [['POP.ANY'], 'BOOL.OR', ['DS.SET.INDEX'], ['BOOL.CONST.False']]
  indexOf#obj: ['POP.ANY', 'INT.CONST.-1', 'INT.SUB']
  set#int_obj: [['DS.GET.INDEX'], 'INT.CONST.0', 'DS.GET.INDEX']
  lastIndexOf#obj: ['DS.INDEX_OF']
  size#0: ['DS.SIZE']
  remove#int: ['INT.SUB', ['INT.LT'], ['DS.GET.INDEX']]
  add#obj: [['DS.SIZE', ['BOOL.AND'], 'DS.INSERT.AT.INDEX', 'BOOL.CONST.False'], 'BOOL.NOT', 'BOOL.CONST.True']
  clear#0: [['INT.CONST.1'], 'DS.CLEAR', 'DS.INSERT.AT.INDEX', 'BOOL.OR', 'INT.CONST.1']
  contains#obj: ['INT.LT', 'POP.ANY', ['BOOL.CONST.False'], 'DS.REMOVE.INDEX', 'DS.REMOVE.INDEX']
  isEmpty#0: ['BOOL.OR', 'DS.SIZE', 'BOOL.CONST.False', ['INT.CONST.0', 'INT.EQ', ['DS.SET.INDEX'], 'BOOL.OR']]
  get#int: ['BOOL.CONST.False', ['BOOL.OR'], ['BOOL.CONST.False'], ['INT.LT'], 'BOOL.OR', ['INT.LT'], 'DS.GET.INDEX']
  add#int_obj: [['DS.INSERT.AT.INDEX', ['DS.LAST_INDEX_OF', 'DS.SET.INDEX', 'INT.CONST.-1', 'DS.REMOVE.INDEX']], 'ITE', 'BOOL.NOT']
Gen 425: Fitness=0.030161, Acc=0.896, Complexity=0.010
  remove#obj: [['POP.ANY'], 'DS.INSERT.AT.INDEX', ['BOOL.CONST.False']]
  indexOf#obj: ['POP.ANY', 'INT.CONST.-1']
  set#int_obj: [['DS.GET.INDEX'], 'INT.CONST.0', 'DS.GET.INDEX']
  lastIndexOf#obj: ['DS.INDEX_OF', 'DS.INDEX_OF', 'INT.CONST.-1']
  size#0: ['DS.SIZE']
  remove#int: ['DS.GET.INDEX']
  add#obj: [['DS.SIZE', ['BOOL.AND'], 'DS.INSERT.AT.INDEX', 'BOOL.CONST.False'], 'POP.ANY', 'BOOL.CONST.True']
  clear#0: [['INT.CONST.1'], 'DS.CLEAR', 'DS.INSERT.AT.INDEX', 'BOOL.OR', 'INT.CONST.1']
  contains#obj: ['INT.LT', 'POP.ANY', ['BOOL.CONST.False'], 'DS.REMOVE.INDEX', 'BOOL.AND']
  isEmpty#0: ['INT.ADD', 'DS.SIZE', 'BOOL.CONST.False', ['INT.CONST.0', 'INT.EQ', 'INT.CONST.0', 'BOOL.OR']]
  get#int: ['BOOL.CONST.False', ['BOOL.OR'], ['INT.LT'], ['INT.LT'], 'BOOL.OR', ['INT.LT'], 'DS.GET.INDEX']
  add#int_obj: [['DS.INSERT.AT.INDEX', ['DS.LAST_INDEX_OF', 'DS.SET.INDEX', 'INT.CONST.-1', 'DS.REMOVE.INDEX']], 'ITE', ['DS.GET.INDEX']]
Gen 450: Fitness=0.027891, Acc=0.909, Complexity=0.012
  remove#obj: [['POP.ANY'], 'DS.INDEX_OF', ['BOOL.CONST.False']]
  indexOf#obj: ['POP.ANY', 'INT.CONST.-1', 'INT.SUB']
  set#int_obj: [['DS.GET.INDEX'], 'DUP.ANY', 'DS.GET.INDEX']
  lastIndexOf#obj: ['DS.INDEX_OF', 'INT.CONST.-1']
  size#0: ['DS.SIZE']
  remove#int: ['INT.SUB', ['BOOL.CONST.True'], ['DS.GET.INDEX']]
  add#obj: ['INT.EQ', ['DS.SIZE', ['BOOL.AND'], 'DS.INSERT.AT.INDEX', 'BOOL.CONST.False'], 'BOOL.CONST.True']
  clear#0: [['POP.ANY'], 'DS.LAST_INDEX_OF', 'DS.CLEAR', 'DS.INSERT.AT.INDEX', ['BOOL.OR', 'BOOL.OR'], 'INT.CONST.1']
  contains#obj: ['INT.LT', 'POP.ANY', 'BOOL.OR', 'BOOL.CONST.False', ['DUP.ANY']]
  isEmpty#0: ['INT.ADD', 'DS.SIZE', 'BOOL.CONST.False', ['INT.CONST.0', 'INT.EQ', ['DS.SET.INDEX'], 'DS.SIZE']]
  get#int: ['BOOL.CONST.False', ['BOOL.OR'], ['BOOL.CONST.False'], ['INT.LT'], 'BOOL.OR', ['INT.LT'], 'DS.GET.INDEX']
  add#int_obj: [['DS.INSERT.AT.INDEX', ['DS.LAST_INDEX_OF', 'DS.SET.INDEX', 'INT.CONST.-1', 'DS.REMOVE.INDEX']], 'ITE', 'BOOL.AND', [['INT.SUB'], 'BOOL.NOT', ['INT.CONST.1']], 'DS.INSERT.AT.INDEX', 'BOOL.NOT']
Gen 475: Fitness=0.027089, Acc=0.907, Complexity=0.009
  remove#obj: ['DS.LAST_INDEX_OF', ['BOOL.CONST.False'], 'BOOL.CONST.False']
  indexOf#obj: ['POP.ANY', 'INT.CONST.-1', 'INT.SUB']
  set#int_obj: [['DS.GET.INDEX'], 'DUP.ANY', 'DS.GET.INDEX']
  lastIndexOf#obj: ['DS.INDEX_OF', 'INT.CONST.-1']
  size#0: ['DS.SIZE']
  remove#int: ['INT.SUB', ['BOOL.CONST.True'], 'INT.SUB', ['BOOL.CONST.True'], ['DS.GET.INDEX']]
  add#obj: ['INT.EQ', ['DS.SIZE', ['BOOL.AND'], 'DS.INSERT.AT.INDEX', 'BOOL.CONST.False'], 'BOOL.CONST.True']
  clear#0: ['DS.SIZE', 'DS.CLEAR', 'DS.CLEAR', 'DS.INSERT.AT.INDEX', ['BOOL.OR', 'BOOL.CONST.False'], 'INT.CONST.1']
  contains#obj: ['POP.ANY', 'BOOL.OR', 'BOOL.CONST.False', ['DUP.ANY']]
  isEmpty#0: ['INT.ADD', 'DS.SIZE', 'BOOL.CONST.False', 'BOOL.CONST.False', ['INT.CONST.0', 'INT.EQ', ['DS.SET.INDEX'], 'DS.SIZE']]
  get#int: ['BOOL.CONST.False', ['BOOL.OR'], 'DS.GET.INDEX']
  add#int_obj: ['DS.INSERT.AT.INDEX', 'BOOL.NOT']
Gen 500: Fitness=0.026699, Acc=0.909, Complexity=0.009
  remove#obj: ['DS.LAST_INDEX_OF', 'BOOL.CONST.False']
  indexOf#obj: ['INT.ADD', 'POP.ANY', 'INT.SUB', 'INT.CONST.-1']
  set#int_obj: [['DS.GET.INDEX'], 'DUP.ANY', 'DS.GET.INDEX']
  lastIndexOf#obj: ['DS.INDEX_OF', 'INT.CONST.-1']
  size#0: ['DS.SIZE']
  remove#int: ['ITE', ['BOOL.CONST.True'], 'INT.SUB', ['BOOL.CONST.True'], ['DS.GET.INDEX']]
  add#obj: ['INT.EQ', ['DS.SIZE', ['BOOL.AND'], 'DS.INSERT.AT.INDEX', 'BOOL.CONST.False'], 'BOOL.CONST.True']
  clear#0: ['DS.CLEAR', 'DS.SIZE', 'DS.CLEAR', 'DS.INSERT.AT.INDEX', ['BOOL.OR', 'BOOL.CONST.False'], 'INT.CONST.1']
  contains#obj: ['POP.ANY', 'BOOL.OR', 'BOOL.CONST.False', ['DUP.ANY']]
  isEmpty#0: ['INT.ADD', 'DS.SIZE', 'BOOL.CONST.False', 'BOOL.CONST.False', ['INT.CONST.0', 'INT.EQ', ['DS.SET.INDEX'], 'DS.SIZE']]
  get#int: ['BOOL.CONST.False', 'DS.GET.INDEX']
  add#int_obj: ['DS.INSERT.AT.INDEX', 'BOOL.NOT', 'DS.LAST_INDEX_OF']
Gen 525: Fitness=0.026299, Acc=0.909, Complexity=0.009
  remove#obj: ['DS.LAST_INDEX_OF', 'BOOL.CONST.False']
  indexOf#obj: ['POP.ANY', 'INT.CONST.-1']
  set#int_obj: [['DS.GET.INDEX'], 'DUP.ANY', 'DS.GET.INDEX']
  lastIndexOf#obj: ['DS.INDEX_OF', 'INT.CONST.-1']
  size#0: ['DS.SIZE']
  remove#int: [['INT.ADD'], 'INT.ADD', ['BOOL.CONST.True'], ['DS.GET.INDEX']]
  add#obj: ['INT.EQ', ['DS.SIZE', ['BOOL.AND'], 'DS.INSERT.AT.INDEX', 'BOOL.CONST.False'], 'BOOL.CONST.True']
  clear#0: ['DS.CLEAR', 'DS.SIZE', 'DS.CLEAR', 'DS.INSERT.AT.INDEX', ['BOOL.OR', 'BOOL.CONST.False']]
  contains#obj: ['POP.ANY', 'BOOL.CONST.False', 'BOOL.OR', ['DUP.ANY']]
  isEmpty#0: ['INT.ADD', 'DS.SIZE', 'BOOL.CONST.False', 'BOOL.CONST.False', ['INT.CONST.0', 'INT.EQ', ['DS.SET.INDEX'], 'DS.SIZE']]
  get#int: ['BOOL.CONST.False', 'DS.GET.INDEX']
  add#int_obj: ['DS.INSERT.AT.INDEX', 'BOOL.NOT', 'DS.LAST_INDEX_OF']
Gen 550: Fitness=0.026099, Acc=0.909, Complexity=0.008
  remove#obj: ['DS.LAST_INDEX_OF', 'BOOL.CONST.False']
  indexOf#obj: ['INT.ADD', 'POP.ANY', ['BOOL.AND'], 'INT.CONST.-1']
  set#int_obj: [['DS.GET.INDEX'], 'DUP.ANY', 'DS.GET.INDEX']
  lastIndexOf#obj: ['DS.INDEX_OF', 'INT.CONST.-1']
  size#0: ['DS.SIZE']
  remove#int: ['ITE', ['BOOL.CONST.True'], 'INT.SUB', ['BOOL.CONST.True'], ['DS.GET.INDEX']]
  add#obj: ['INT.EQ', ['DS.SIZE', ['BOOL.AND'], 'DS.INSERT.AT.INDEX', 'BOOL.CONST.False'], 'BOOL.CONST.True']
  clear#0: ['DUP.ANY', 'DS.SIZE', 'DS.CLEAR', ['BOOL.OR', 'BOOL.CONST.False'], 'INT.CONST.0']
  contains#obj: ['POP.ANY', 'BOOL.OR', 'BOOL.CONST.False', ['DUP.ANY']]
  isEmpty#0: ['BOOL.CONST.True', 'DS.SIZE', 'INT.CONST.0', 'INT.EQ']
  get#int: ['BOOL.CONST.False', 'DS.GET.INDEX']
  add#int_obj: ['DS.INSERT.AT.INDEX', 'DS.LAST_INDEX_OF']
Gen 575: Fitness=0.025795, Acc=0.909, Complexity=0.008
  remove#obj: ['DS.LAST_INDEX_OF', 'BOOL.CONST.False']
  indexOf#obj: ['DS.LAST_INDEX_OF', 'DS.LAST_INDEX_OF', 'POP.ANY', ['INT.CONST.-1']]
  set#int_obj: [['DS.GET.INDEX'], 'DUP.ANY', 'DS.GET.INDEX']
  lastIndexOf#obj: ['POP.ANY', 'INT.CONST.-1']
  size#0: ['DS.INDEX_OF', 'DS.SIZE']
  remove#int: ['BOOL.CONST.True', 'INT.SUB', ['BOOL.CONST.True'], ['DS.GET.INDEX']]
  add#obj: [['DS.SIZE', ['BOOL.AND'], 'DS.INSERT.AT.INDEX', 'BOOL.CONST.False'], 'INT.EQ', 'BOOL.CONST.True']
  clear#0: ['DUP.ANY', 'INT.ADD', 'DS.CLEAR']
  contains#obj: ['POP.ANY', ['INT.CONST.1'], 'BOOL.CONST.False', 'BOOL.OR']
  isEmpty#0: ['DUP.ANY', 'DS.SIZE', 'INT.CONST.0', 'INT.EQ']
  get#int: ['BOOL.CONST.False', 'DS.GET.INDEX']
  add#int_obj: ['DS.INSERT.AT.INDEX', 'DS.LAST_INDEX_OF']
Gen 600: Fitness=0.025418, Acc=0.909, Complexity=0.007
  remove#obj: ['DS.LAST_INDEX_OF', 'BOOL.CONST.False']
  indexOf#obj: [['DS.REMOVE.INDEX'], ['BOOL.AND'], 'POP.ANY', 'INT.CONST.-1']
  set#int_obj: [['DS.GET.INDEX'], 'DUP.ANY', 'DS.GET.INDEX']
  lastIndexOf#obj: ['DS.INDEX_OF', 'INT.CONST.-1']
  size#0: ['DS.SIZE']
  remove#int: ['BOOL.CONST.True', 'INT.SUB', ['BOOL.CONST.True'], ['DS.GET.INDEX']]
  add#obj: ['INT.EQ', ['DS.SIZE', ['BOOL.AND'], 'DS.INSERT.AT.INDEX', 'BOOL.CONST.False'], 'BOOL.CONST.True']
  clear#0: ['DUP.ANY', 'BOOL.AND', 'DS.CLEAR']
  contains#obj: ['POP.ANY', 'BOOL.CONST.False', 'BOOL.OR']
  isEmpty#0: ['DUP.ANY', 'DS.SIZE', 'INT.CONST.0', 'INT.EQ']
  get#int: ['BOOL.CONST.False', 'DS.GET.INDEX']
  add#int_obj: ['DS.INSERT.AT.INDEX', 'DS.LAST_INDEX_OF']
Gen 625: Fitness=0.025018, Acc=0.909, Complexity=0.006
  remove#obj: ['DS.LAST_INDEX_OF', 'BOOL.CONST.False']
  indexOf#obj: [['DS.REMOVE.INDEX'], ['BOOL.AND'], 'POP.ANY', 'INT.CONST.-1']
  set#int_obj: [['DS.GET.INDEX'], 'DUP.ANY', 'DS.GET.INDEX']
  lastIndexOf#obj: ['DS.INDEX_OF', 'INT.CONST.-1']
  size#0: ['DS.SIZE']
  remove#int: [['BOOL.CONST.True'], ['DS.GET.INDEX']]
  add#obj: ['INT.EQ', ['DS.SIZE', ['BOOL.AND'], 'DS.INSERT.AT.INDEX', 'BOOL.CONST.False'], 'BOOL.CONST.True']
  clear#0: ['DS.CLEAR']
  contains#obj: ['POP.ANY', 'BOOL.CONST.False', 'BOOL.CONST.False']
  isEmpty#0: ['DUP.ANY', 'DS.SIZE', 'INT.CONST.0', 'INT.EQ']
  get#int: ['BOOL.CONST.False', 'DS.GET.INDEX']
  add#int_obj: ['DS.INSERT.AT.INDEX', 'DS.LAST_INDEX_OF']
Gen 650: Fitness=0.024654, Acc=0.909, Complexity=0.007
  remove#obj: ['DS.LAST_INDEX_OF', 'BOOL.CONST.False']
  indexOf#obj: [['DS.REMOVE.INDEX'], ['BOOL.AND'], 'POP.ANY', 'INT.CONST.-1']
  set#int_obj: ['BOOL.CONST.False', ['DS.GET.INDEX'], 'DUP.ANY', 'DS.GET.INDEX']
  lastIndexOf#obj: ['DS.INDEX_OF', 'INT.CONST.-1']
  size#0: ['DS.SIZE']
  remove#int: [['BOOL.CONST.True'], ['DS.GET.INDEX']]
  add#obj: ['INT.EQ', ['DS.SIZE', ['BOOL.AND'], 'DS.INSERT.AT.INDEX', 'BOOL.CONST.False'], 'BOOL.CONST.True']
  clear#0: ['DS.CLEAR']
  contains#obj: ['POP.ANY', 'BOOL.CONST.False', 'BOOL.CONST.False']
  isEmpty#0: ['DUP.ANY', 'DS.SIZE', 'INT.CONST.0', 'INT.EQ']
  get#int: ['BOOL.CONST.False', 'DS.GET.INDEX']
  add#int_obj: ['DS.INSERT.AT.INDEX', 'DS.LAST_INDEX_OF']
Gen 675: Fitness=0.024528, Acc=0.909, Complexity=0.007
  remove#obj: ['DS.LAST_INDEX_OF', 'BOOL.CONST.False', 'DS.REMOVE.INDEX']
  indexOf#obj: [['BOOL.OR'], ['DS.REMOVE.INDEX'], 'POP.ANY', 'INT.CONST.-1']
  set#int_obj: [['DS.GET.INDEX'], 'DUP.ANY', 'DS.GET.INDEX']
  lastIndexOf#obj: ['DS.INDEX_OF', 'INT.CONST.-1']
  size#0: ['DS.SIZE']
  remove#int: ['INT.ADD', ['BOOL.CONST.True'], ['DS.GET.INDEX']]
  add#obj: [['DS.SIZE', ['BOOL.AND'], 'DS.INSERT.AT.INDEX', 'BOOL.CONST.False'], 'INT.EQ', 'BOOL.CONST.True']
  clear#0: ['BOOL.AND', 'DUP.ANY', 'DS.CLEAR']
  contains#obj: ['POP.ANY', 'BOOL.CONST.False']
  isEmpty#0: ['DS.SIZE', 'INT.CONST.0', 'INT.EQ']
  get#int: ['BOOL.CONST.False', 'DS.GET.INDEX']
  add#int_obj: ['DS.INSERT.AT.INDEX', 'DS.LAST_INDEX_OF']
Gen 700: Fitness=0.024060, Acc=0.909, Complexity=0.007
  remove#obj: ['DS.LAST_INDEX_OF', 'BOOL.CONST.True', 'BOOL.CONST.False', 'DS.REMOVE.INDEX']
  indexOf#obj: [['DS.REMOVE.INDEX'], 'POP.ANY', 'DS.INDEX_OF', 'INT.CONST.-1']
  set#int_obj: ['BOOL.CONST.False', ['DS.GET.INDEX'], 'DUP.ANY', 'DUP.ANY', 'DS.GET.INDEX']
  lastIndexOf#obj: ['DS.INDEX_OF', 'INT.CONST.-1']
  size#0: ['DS.SIZE']
  remove#int: [['BOOL.CONST.True'], ['BOOL.CONST.True'], ['DS.GET.INDEX']]
  add#obj: [['DS.SIZE', ['BOOL.AND'], 'DS.INSERT.AT.INDEX', 'BOOL.CONST.False'], 'INT.EQ', 'BOOL.CONST.True']
  clear#0: ['DS.CLEAR']
  contains#obj: ['POP.ANY', 'BOOL.CONST.False']
  isEmpty#0: ['DS.SIZE', 'INT.CONST.0', 'INT.EQ']
  get#int: ['BOOL.CONST.False', 'DS.GET.INDEX']
  add#int_obj: ['DS.INSERT.AT.INDEX', 'DS.LAST_INDEX_OF']
Gen 725: Fitness=0.023960, Acc=0.909, Complexity=0.007
  remove#obj: ['DS.LAST_INDEX_OF', 'BOOL.CONST.True', 'BOOL.CONST.False', 'DS.REMOVE.INDEX']
  indexOf#obj: [['DS.REMOVE.INDEX'], 'POP.ANY', 'DS.INDEX_OF', 'INT.CONST.-1']
  set#int_obj: ['BOOL.CONST.False', ['DS.GET.INDEX'], 'DUP.ANY', 'DUP.ANY', 'DS.GET.INDEX']
  lastIndexOf#obj: ['DS.INDEX_OF', 'INT.CONST.-1']
  size#0: ['DS.SIZE']
  remove#int: [['BOOL.CONST.True'], ['DS.GET.INDEX']]
  add#obj: [['DS.SIZE', ['BOOL.AND'], 'DS.INSERT.AT.INDEX', 'BOOL.CONST.False'], 'BOOL.CONST.True', 'INT.EQ']
  clear#0: ['DS.CLEAR']
  contains#obj: ['POP.ANY', 'BOOL.CONST.False']
  isEmpty#0: ['DS.SIZE', 'INT.CONST.0', 'INT.EQ']
  get#int: ['BOOL.CONST.False', 'DS.GET.INDEX']
  add#int_obj: ['DS.INSERT.AT.INDEX', 'DS.LAST_INDEX_OF']
Gen 750: Fitness=0.023860, Acc=0.909, Complexity=0.007
  remove#obj: ['DS.LAST_INDEX_OF', 'BOOL.CONST.True', 'BOOL.CONST.False', 'DS.REMOVE.INDEX']
  indexOf#obj: [['DS.REMOVE.INDEX'], 'POP.ANY', 'INT.CONST.-1']
  set#int_obj: ['BOOL.CONST.False', ['DS.GET.INDEX'], 'DUP.ANY', 'DUP.ANY', 'DS.GET.INDEX']
  lastIndexOf#obj: ['DS.INDEX_OF', 'INT.CONST.-1']
  size#0: ['DS.SIZE']
  remove#int: [[['INT.ADD']], ['BOOL.CONST.True'], ['DS.GET.INDEX']]
  add#obj: [['DS.SIZE', ['BOOL.AND'], 'DS.INSERT.AT.INDEX', 'BOOL.CONST.False'], 'BOOL.CONST.True']
  clear#0: ['DS.CLEAR']
  contains#obj: ['POP.ANY', 'BOOL.CONST.False']
  isEmpty#0: ['DS.SIZE', 'INT.CONST.0', 'INT.EQ']
  get#int: ['BOOL.CONST.False', 'DS.GET.INDEX']
  add#int_obj: ['DS.INSERT.AT.INDEX', 'DS.LAST_INDEX_OF']
Gen 775: Fitness=0.023660, Acc=0.909, Complexity=0.006
  remove#obj: ['DS.LAST_INDEX_OF', 'BOOL.CONST.True', 'BOOL.CONST.False', 'DS.REMOVE.INDEX']
  indexOf#obj: [['DS.REMOVE.INDEX'], 'POP.ANY', 'INT.CONST.-1']
  set#int_obj: ['BOOL.CONST.False', ['DS.GET.INDEX'], 'DUP.ANY', 'DS.GET.INDEX']
  lastIndexOf#obj: ['DS.INDEX_OF', 'INT.CONST.-1']
  size#0: ['DS.SIZE']
  remove#int: [['BOOL.CONST.True'], ['DS.GET.INDEX']]
  add#obj: [['DS.SIZE', ['BOOL.AND'], 'DS.INSERT.AT.INDEX', 'BOOL.CONST.False'], 'BOOL.CONST.True']
  clear#0: ['DS.CLEAR']
  contains#obj: ['POP.ANY', 'BOOL.CONST.False']
  isEmpty#0: ['DS.SIZE', 'INT.CONST.0', 'INT.EQ']
  get#int: ['BOOL.CONST.False', 'DS.GET.INDEX']
  add#int_obj: ['DS.INSERT.AT.INDEX', 'DS.LAST_INDEX_OF']
Gen 800: Fitness=0.023660, Acc=0.909, Complexity=0.006
  remove#obj: ['DS.LAST_INDEX_OF', 'BOOL.CONST.True', 'BOOL.CONST.False', 'DS.REMOVE.INDEX']
  indexOf#obj: [['DS.REMOVE.INDEX'], 'POP.ANY', 'INT.CONST.-1']
  set#int_obj: ['BOOL.CONST.False', ['DS.GET.INDEX'], 'DUP.ANY', 'DS.GET.INDEX']
  lastIndexOf#obj: ['DS.INDEX_OF', 'INT.CONST.-1']
  size#0: ['DS.SIZE']
  remove#int: [['BOOL.CONST.True'], ['DS.GET.INDEX']]
  add#obj: [['DS.SIZE', ['BOOL.AND'], 'DS.INSERT.AT.INDEX', 'BOOL.CONST.False'], 'BOOL.CONST.True']
  clear#0: ['DS.CLEAR']
  contains#obj: ['POP.ANY', 'BOOL.CONST.False']
  isEmpty#0: ['DS.SIZE', 'INT.CONST.0', 'INT.EQ']
  get#int: ['BOOL.CONST.False', 'DS.GET.INDEX']
  add#int_obj: ['DS.INSERT.AT.INDEX', 'DS.LAST_INDEX_OF']
Gen 825: Fitness=0.023639, Acc=0.911, Complexity=0.006
  remove#obj: ['DS.LAST_INDEX_OF', 'BOOL.CONST.True', 'BOOL.CONST.False', 'DS.REMOVE.INDEX']
  indexOf#obj: ['DS.INDEX_OF']
  set#int_obj: ['BOOL.CONST.False', ['DS.GET.INDEX'], 'DUP.ANY', 'DS.GET.INDEX']
  lastIndexOf#obj: ['POP.ANY', 'INT.CONST.-1']
  size#0: ['DS.SIZE']
  remove#int: [['BOOL.CONST.True'], ['DS.GET.INDEX']]
  add#obj: [['DS.SIZE', ['BOOL.AND'], 'DS.INSERT.AT.INDEX', 'BOOL.CONST.False'], 'BOOL.CONST.True']
  clear#0: ['DS.CLEAR']
  contains#obj: ['POP.ANY', 'BOOL.CONST.False']
  isEmpty#0: ['DS.SIZE', 'INT.CONST.0', 'INT.EQ']
  get#int: ['BOOL.CONST.False', 'DS.GET.INDEX']
  add#int_obj: ['DS.INSERT.AT.INDEX', 'DS.LAST_INDEX_OF']
Gen 850: Fitness=0.023639, Acc=0.911, Complexity=0.006
  remove#obj: ['DS.LAST_INDEX_OF', 'BOOL.CONST.True', 'BOOL.CONST.False', 'DS.REMOVE.INDEX']
  indexOf#obj: ['DS.INDEX_OF']
  set#int_obj: ['BOOL.CONST.False', ['DS.GET.INDEX'], 'DUP.ANY', 'DS.GET.INDEX']
  lastIndexOf#obj: ['POP.ANY', 'INT.CONST.-1']
  size#0: ['DS.SIZE']
  remove#int: [['BOOL.CONST.True'], ['DS.GET.INDEX']]
  add#obj: [['DS.SIZE', ['BOOL.AND'], 'DS.INSERT.AT.INDEX', 'BOOL.CONST.False'], 'BOOL.CONST.True']
  clear#0: ['DS.CLEAR']
  contains#obj: ['POP.ANY', 'BOOL.CONST.False']
  isEmpty#0: ['DS.SIZE', 'INT.CONST.0', 'INT.EQ']
  get#int: ['BOOL.CONST.False', 'DS.GET.INDEX']
  add#int_obj: ['DS.INSERT.AT.INDEX', 'DS.LAST_INDEX_OF']
Gen 875: Fitness=0.023639, Acc=0.911, Complexity=0.006
  remove#obj: ['DS.LAST_INDEX_OF', 'BOOL.CONST.True', 'BOOL.CONST.False', 'DS.REMOVE.INDEX']
  indexOf#obj: ['DS.INDEX_OF']
  set#int_obj: ['BOOL.CONST.False', ['DS.GET.INDEX'], 'DUP.ANY', 'DS.GET.INDEX']
  lastIndexOf#obj: ['POP.ANY', 'INT.CONST.-1']
  size#0: ['DS.SIZE']
  remove#int: [['BOOL.CONST.True'], ['DS.GET.INDEX']]
  add#obj: [['DS.SIZE', ['BOOL.AND'], 'DS.INSERT.AT.INDEX', 'BOOL.CONST.False'], 'BOOL.CONST.True']
  clear#0: ['DS.CLEAR']
  contains#obj: ['POP.ANY', 'BOOL.CONST.False']
  isEmpty#0: ['DS.SIZE', 'INT.CONST.0', 'INT.EQ']
  get#int: ['BOOL.CONST.False', 'DS.GET.INDEX']
  add#int_obj: ['DS.INSERT.AT.INDEX', 'DS.LAST_INDEX_OF']
Gen 900: Fitness=0.023639, Acc=0.911, Complexity=0.006
  remove#obj: ['DS.LAST_INDEX_OF', 'BOOL.CONST.True', 'BOOL.CONST.False', 'DS.REMOVE.INDEX']
  indexOf#obj: ['DS.INDEX_OF']
  set#int_obj: ['BOOL.CONST.False', ['DS.GET.INDEX'], 'DUP.ANY', 'DS.GET.INDEX']
  lastIndexOf#obj: ['POP.ANY', 'INT.CONST.-1']
  size#0: ['DS.SIZE']
  remove#int: [['BOOL.CONST.True'], ['DS.GET.INDEX']]
  add#obj: [['DS.SIZE', ['BOOL.AND'], 'DS.INSERT.AT.INDEX', 'BOOL.CONST.False'], 'BOOL.CONST.True']
  clear#0: ['DS.CLEAR']
  contains#obj: ['POP.ANY', 'BOOL.CONST.False']
  isEmpty#0: ['DS.SIZE', 'INT.CONST.0', 'INT.EQ']
  get#int: ['BOOL.CONST.False', 'DS.GET.INDEX']
  add#int_obj: ['DS.INSERT.AT.INDEX', 'DS.LAST_INDEX_OF']
Gen 925: Fitness=0.023639, Acc=0.911, Complexity=0.006
  remove#obj: ['DS.LAST_INDEX_OF', 'BOOL.CONST.True', 'BOOL.CONST.False', 'DS.REMOVE.INDEX']
  indexOf#obj: ['DS.INDEX_OF']
  set#int_obj: ['BOOL.CONST.False', ['DS.GET.INDEX'], 'DUP.ANY', 'DS.GET.INDEX']
  lastIndexOf#obj: ['POP.ANY', 'INT.CONST.-1']
  size#0: ['DS.SIZE']
  remove#int: [['BOOL.CONST.True'], ['DS.GET.INDEX']]
  add#obj: [['DS.SIZE', ['BOOL.AND'], 'DS.INSERT.AT.INDEX', 'BOOL.CONST.False'], 'BOOL.CONST.True']
  clear#0: ['DS.CLEAR']
  contains#obj: ['POP.ANY', 'BOOL.CONST.False']
  isEmpty#0: ['DS.SIZE', 'INT.CONST.0', 'INT.EQ']
  get#int: ['BOOL.CONST.False', 'DS.GET.INDEX']
  add#int_obj: ['DS.INSERT.AT.INDEX', 'DS.LAST_INDEX_OF']
Stopping after 100 gens without improvement
Evolution completed in 1890.73 seconds
PushGP genome saved to: genomes/public_class_java_util_ArrayList_E__run4.json
Best genome saved to genomes/public_class_java_util_ArrayList_E__run4.json
