Loading training data from ../Training-Data-Generation/symbolic-regression-data/training/public_class_java_util_ArrayList_E_.json
Max samples per file: 10000
------------------------------------------------------------
Loading public_class_java_util_ArrayList_E_.json... (1000 samples)
------------------------------------------------------------
Loaded 1000 total samples from 1 files
Learning PushGP programs for 12 methods: ['add#int_obj', 'remove#int', 'set#int_obj', 'remove#obj', 'size#0', 'get#int', 'add#obj', 'clear#0', 'isEmpty#0', 'lastIndexOf#obj', 'contains#obj', 'indexOf#obj']
Gen 0: Fitness=0.390539, Acc=0.204, Complexity=0.007
  add#int_obj: [['DS.LAST_INDEX_OF', 'DS.SIZE', ['DS.REMOVE.INDEX']], 'INT.ADD']
  remove#int: ['BOOL.CONST.False', 'DS.REMOVE.INDEX', 'INT.CONST.0']
  set#int_obj: ['INT.ADD']
  remove#obj: ['DS.INDEX_OF']
  size#0: ['DS.INSERT.AT.INDEX', 'BOOL.AND']
  get#int: [[['INT.CONST.-1']], 'DS.GET.INDEX', 'DS.INDEX_OF', ['INT.CONST.0']]
  add#obj: ['INT.ADD', 'DS.INSERT.AT.INDEX', ['INT.CONST.1', ['DS.SET.INDEX'], 'DS.SIZE', ['BOOL.CONST.True']], ['INT.CONST.-1']]
  clear#0: ['BOOL.CONST.False', 'BOOL.CONST.False', 'DS.LAST_INDEX_OF']
  isEmpty#0: ['INT.ADD']
  lastIndexOf#obj: [['DS.REMOVE.INDEX', ['BOOL.AND'], 'POP.ANY', ['DS.GET.INDEX']], 'INT.CONST.-1']
  contains#obj: ['DS.SIZE']
  indexOf#obj: [['DS.LAST_INDEX_OF'], 'DS.INDEX_OF', 'INT.ADD']
Gen 25: Fitness=0.163048, Acc=0.576, Complexity=0.009
  add#int_obj: [['INT.ADD'], 'DS.SET.INDEX', 'DS.CLEAR', 'BOOL.NOT']
  remove#int: ['DS.LAST_INDEX_OF', 'DS.SET.INDEX', ['DS.SIZE', ['BOOL.NOT']], 'INT.SUB']
  set#int_obj: ['BOOL.OR', 'INT.ADD', 'BOOL.CONST.False', 'DS.REMOVE.INDEX', 'BOOL.CONST.False', 'BOOL.NOT', 'DUP.ANY', 'DS.REMOVE.INDEX', ['INT.EQ'], 'DS.LAST_INDEX_OF']
  get#int: ['BOOL.OR', ['DS.SET.INDEX', 'BOOL.OR', 'BOOL.CONST.True'], ['INT.EQ'], 'DS.REMOVE.INDEX']
  isEmpty#0: ['INT.CONST.-1', 'INT.CONST.1', 'DS.CLEAR', 'BOOL.CONST.True']
  clear#0: ['BOOL.CONST.False']
  lastIndexOf#obj: ['DS.GET.INDEX', 'DS.INDEX_OF', ['INT.CONST.-1']]
  contains#obj: ['DS.REMOVE.INDEX', 'BOOL.CONST.False', [['DS.INSERT.AT.INDEX'], ['BOOL.AND']]]
  remove#obj: ['DS.GET.INDEX', 'BOOL.CONST.False']
  size#0: ['DS.SIZE']
  add#obj: ['DS.INDEX_OF', 'DS.INSERT.AT.INDEX', 'BOOL.CONST.True', 'DS.SET.INDEX']
  indexOf#obj: ['DS.INDEX_OF']
Gen 50: Fitness=0.127598, Acc=0.625, Complexity=0.010
  add#int_obj: [['INT.CONST.0'], ['DS.REMOVE.INDEX'], ['DS.INSERT.AT.INDEX', [['INT.ADD']], 'DS.INSERT.AT.INDEX']]
  remove#int: ['INT.ADD', 'DS.SET.INDEX', ['DS.GET.INDEX', ['DS.INSERT.AT.INDEX']], 'INT.SUB']
  set#int_obj: [['DS.GET.INDEX'], 'DUP.ANY', 'DS.INDEX_OF', 'BOOL.CONST.False', 'DS.CLEAR', ['INT.SUB'], 'DUP.ANY', 'BOOL.CONST.False', 'BOOL.CONST.True', 'DS.CLEAR']
  get#int: ['INT.LT', 'DS.GET.INDEX', 'ITE', 'DS.REMOVE.INDEX']
  isEmpty#0: [['BOOL.CONST.False', 'ITE', 'DS.GET.INDEX', ['DUP.ANY']], ['BOOL.CONST.True'], ['INT.CONST.0'], 'INT.EQ']
  clear#0: ['BOOL.AND']
  lastIndexOf#obj: ['DS.GET.INDEX', 'INT.ADD', ['INT.CONST.-1']]
  contains#obj: ['DS.INSERT.AT.INDEX', ['BOOL.CONST.False'], 'BOOL.CONST.False', 'POP.ANY']
  remove#obj: ['DS.GET.INDEX', ['BOOL.CONST.False', ['BOOL.AND'], 'DS.SET.INDEX', 'INT.ADD']]
  size#0: ['DS.SIZE']
  add#obj: ['DS.SIZE', 'DS.INSERT.AT.INDEX', 'BOOL.CONST.True', 'INT.LT']
  indexOf#obj: ['DS.INDEX_OF']
Gen 75: Fitness=0.102337, Acc=0.691, Complexity=0.009
  add#int_obj: [['INT.CONST.0'], ['DS.REMOVE.INDEX'], ['DS.INSERT.AT.INDEX', [['INT.ADD']], 'DS.INSERT.AT.INDEX']]
  remove#int: ['INT.CONST.-1', ['DUP.ANY'], 'INT.SUB', 'DS.GET.INDEX']
  set#int_obj: [['DS.GET.INDEX'], 'DUP.ANY', 'DS.INDEX_OF', 'BOOL.CONST.False', 'DS.CLEAR', ['INT.SUB'], 'DUP.ANY', 'BOOL.CONST.False', 'BOOL.CONST.True', 'DS.CLEAR']
  get#int: ['INT.LT', 'DS.GET.INDEX', 'ITE', 'INT.LT']
  isEmpty#0: ['ITE', ['BOOL.CONST.True'], [['INT.ADD']], 'INT.EQ']
  clear#0: ['BOOL.AND']
  lastIndexOf#obj: ['DS.GET.INDEX', 'INT.ADD', ['INT.CONST.-1']]
  contains#obj: ['BOOL.NOT', ['BOOL.CONST.False'], 'BOOL.CONST.False', 'POP.ANY']
  remove#obj: ['INT.CONST.0', 'INT.CONST.1', ['BOOL.CONST.False', 'BOOL.AND', 'DS.SET.INDEX', 'INT.LT']]
  size#0: ['DS.SIZE']
  add#obj: ['DS.SIZE', 'DS.INSERT.AT.INDEX', 'BOOL.CONST.True', 'INT.LT']
  indexOf#obj: ['DS.INDEX_OF']
Gen 100: Fitness=0.090434, Acc=0.713, Complexity=0.009
  add#int_obj: ['DS.SET.INDEX']
  remove#int: ['INT.CONST.-1', ['DUP.ANY'], 'INT.SUB', 'INT.SUB', 'DS.GET.INDEX']
  set#int_obj: [['DS.GET.INDEX'], 'DUP.ANY', ['INT.CONST.1'], 'INT.LT', 'DS.CLEAR', ['INT.SUB'], 'DUP.ANY', 'BOOL.CONST.False', 'BOOL.CONST.True', 'DS.CLEAR']
  get#int: ['INT.LT', 'DS.GET.INDEX', 'ITE', 'INT.LT']
  isEmpty#0: ['ITE', ['BOOL.CONST.True'], [['INT.ADD']], 'INT.EQ']
  clear#0: ['INT.ADD', ['INT.EQ'], 'DS.SIZE', 'POP.ANY']
  lastIndexOf#obj: ['DS.GET.INDEX', 'INT.ADD', ['INT.CONST.-1']]
  contains#obj: ['BOOL.NOT', ['BOOL.CONST.False'], 'BOOL.CONST.False', 'POP.ANY']
  remove#obj: ['INT.CONST.0', 'INT.CONST.1', ['BOOL.CONST.False', 'BOOL.AND', 'DS.SET.INDEX', 'INT.LT']]
  size#0: ['DS.SIZE']
  add#obj: ['DS.SIZE', 'DS.INSERT.AT.INDEX', 'BOOL.CONST.True', 'BOOL.CONST.True']
  indexOf#obj: ['DS.INDEX_OF']
Gen 125: Fitness=0.079939, Acc=0.747, Complexity=0.009
  add#int_obj: ['DS.SET.INDEX']
  remove#int: ['INT.CONST.-1', ['DUP.ANY'], 'INT.SUB', 'INT.SUB', 'DS.GET.INDEX']
  set#int_obj: [['DS.GET.INDEX'], 'DUP.ANY', ['INT.CONST.1'], 'INT.LT', 'DS.CLEAR', ['INT.SUB'], 'DUP.ANY', 'BOOL.CONST.False', 'BOOL.CONST.True', 'DS.CLEAR']
  get#int: ['INT.LT', 'DS.GET.INDEX', 'INT.LT']
  isEmpty#0: [['BOOL.CONST.True'], ['BOOL.CONST.True'], [['INT.ADD']], 'INT.EQ']
  clear#0: [['BOOL.CONST.False'], 'DS.CLEAR', ['DS.INDEX_OF']]
  lastIndexOf#obj: ['DS.GET.INDEX', 'INT.ADD', ['INT.CONST.-1']]
  contains#obj: ['BOOL.NOT', ['BOOL.CONST.False'], 'BOOL.AND', 'BOOL.CONST.False', 'POP.ANY']
  remove#obj: ['INT.CONST.0', 'INT.CONST.1', ['BOOL.CONST.False', 'BOOL.AND', 'DS.SET.INDEX', 'INT.LT']]
  size#0: ['DS.SIZE']
  add#obj: ['DS.SIZE', 'DS.INSERT.AT.INDEX', 'BOOL.CONST.True', 'BOOL.CONST.True']
  indexOf#obj: ['DS.INDEX_OF']
Gen 150: Fitness=0.078612, Acc=0.749, Complexity=0.010
  add#int_obj: ['DS.SET.INDEX']
  remove#int: ['INT.CONST.-1', ['DUP.ANY'], 'INT.SUB', 'INT.SUB', 'DS.GET.INDEX']
  set#int_obj: [['DS.GET.INDEX'], 'DUP.ANY', ['INT.CONST.1'], 'INT.LT', 'DS.CLEAR', ['INT.SUB'], 'DUP.ANY', 'BOOL.CONST.False', 'BOOL.CONST.True', 'DS.CLEAR']
  get#int: ['INT.LT', 'DS.GET.INDEX', 'INT.LT']
  isEmpty#0: [['BOOL.CONST.True'], ['BOOL.AND'], [['INT.ADD']], 'BOOL.CONST.True']
  clear#0: ['DS.INSERT.AT.INDEX', ['BOOL.CONST.False'], 'DS.CLEAR', ['DS.INDEX_OF']]
  lastIndexOf#obj: ['DS.GET.INDEX', 'INT.ADD', ['INT.CONST.-1']]
  contains#obj: ['BOOL.NOT', ['BOOL.CONST.False'], 'BOOL.AND', 'BOOL.CONST.False', 'POP.ANY']
  remove#obj: ['DS.LAST_INDEX_OF', 'INT.CONST.1', ['BOOL.CONST.False', 'INT.CONST.-1', 'DS.LAST_INDEX_OF', 'INT.LT']]
  size#0: ['DS.SIZE', 'INT.EQ']
  add#obj: ['DS.SIZE', 'DS.INSERT.AT.INDEX', 'BOOL.CONST.True', 'BOOL.CONST.True']
  indexOf#obj: ['DS.INDEX_OF']
Gen 175: Fitness=0.072748, Acc=0.760, Complexity=0.010
  add#int_obj: ['DS.SET.INDEX']
  remove#int: ['INT.CONST.-1', ['DUP.ANY'], 'INT.SUB', 'INT.SUB', 'DS.GET.INDEX']
  set#int_obj: [['DS.GET.INDEX'], 'DUP.ANY', ['DS.GET.INDEX'], 'INT.LT', 'INT.CONST.1', ['INT.SUB'], 'DUP.ANY', 'BOOL.CONST.False', 'BOOL.CONST.True', ['BOOL.CONST.True', ['BOOL.OR', ['BOOL.CONST.True']], 'ITE']]
  get#int: ['INT.LT', 'DS.GET.INDEX', 'INT.LT']
  isEmpty#0: [['BOOL.CONST.True'], 'BOOL.OR', [['INT.ADD']], 'INT.EQ']
  clear#0: [['BOOL.CONST.False'], 'DS.CLEAR', ['DS.INDEX_OF']]
  lastIndexOf#obj: ['DS.GET.INDEX', 'INT.ADD', ['INT.CONST.-1']]
  contains#obj: ['BOOL.NOT', ['BOOL.CONST.False'], 'BOOL.AND', 'BOOL.CONST.False', 'POP.ANY']
  remove#obj: ['INT.CONST.0', 'INT.CONST.1', ['BOOL.CONST.False', 'BOOL.AND', 'DS.SET.INDEX', 'INT.LT']]
  size#0: ['DS.SIZE']
  add#obj: ['DS.SIZE', 'DS.INSERT.AT.INDEX', 'BOOL.CONST.True', 'BOOL.CONST.True']
  indexOf#obj: ['DS.INDEX_OF', 'INT.ADD']
Gen 200: Fitness=0.051209, Acc=0.828, Complexity=0.010
  add#int_obj: ['INT.EQ', 'DS.SET.INDEX']
  remove#int: ['INT.CONST.-1', ['DUP.ANY'], 'INT.SUB', 'INT.SUB', 'DS.GET.INDEX']
  set#int_obj: [['DS.GET.INDEX'], 'DS.GET.INDEX', 'INT.SUB', 'DUP.ANY', 'DS.REMOVE.INDEX', 'DS.LAST_INDEX_OF', 'DS.LAST_INDEX_OF', 'INT.CONST.0', 'DS.GET.INDEX', ['INT.CONST.-1', 'BOOL.CONST.True', 'DS.REMOVE.INDEX']]
  get#int: ['INT.SUB', 'DS.GET.INDEX', 'INT.LT']
  isEmpty#0: [['DS.SIZE'], 'INT.CONST.0', [[['BOOL.AND']]], 'INT.EQ']
  clear#0: [['BOOL.CONST.False'], 'DS.CLEAR', ['DS.INDEX_OF']]
  lastIndexOf#obj: ['DS.INDEX_OF']
  contains#obj: ['BOOL.NOT', ['BOOL.CONST.False'], 'BOOL.AND', 'BOOL.CONST.False', 'POP.ANY']
  remove#obj: ['INT.CONST.0', 'INT.CONST.1', ['BOOL.CONST.False', 'BOOL.AND', 'DS.SET.INDEX', 'INT.LT']]
  size#0: ['DS.SIZE']
  add#obj: ['DS.SIZE', 'DS.INSERT.AT.INDEX', 'BOOL.CONST.True', 'BOOL.CONST.True']
  indexOf#obj: ['DS.INDEX_OF', 'BOOL.AND']
Gen 225: Fitness=0.041561, Acc=0.861, Complexity=0.009
  add#int_obj: ['DS.SET.INDEX']
  remove#int: ['INT.CONST.-1', ['DUP.ANY'], 'INT.SUB', 'INT.SUB', 'DS.GET.INDEX']
  set#int_obj: [['DS.GET.INDEX'], 'DS.INSERT.AT.INDEX', ['BOOL.AND'], 'DUP.ANY', 'DS.REMOVE.INDEX', 'DS.LAST_INDEX_OF', 'DS.LAST_INDEX_OF', 'INT.CONST.0', 'INT.LT', 'DS.GET.INDEX']
  get#int: ['INT.SUB', 'DS.GET.INDEX', 'INT.LT']
  isEmpty#0: [['DS.SIZE'], 'INT.CONST.0', [[['BOOL.AND']]], 'INT.EQ']
  clear#0: ['BOOL.OR', ['BOOL.CONST.False'], 'DS.CLEAR', ['DS.INDEX_OF']]
  lastIndexOf#obj: ['DS.INDEX_OF']
  contains#obj: ['BOOL.NOT', ['BOOL.CONST.False'], 'BOOL.AND', 'BOOL.CONST.False', 'POP.ANY']
  remove#obj: ['INT.CONST.0', 'INT.CONST.1', ['BOOL.CONST.False', 'BOOL.AND', 'DS.SET.INDEX', 'INT.LT']]
  size#0: ['DS.SIZE', 'INT.EQ']
  add#obj: ['DS.SIZE', 'DS.INSERT.AT.INDEX', 'BOOL.CONST.True', 'BOOL.CONST.True']
  indexOf#obj: ['DS.INDEX_OF', 'BOOL.AND']
Gen 250: Fitness=0.037492, Acc=0.880, Complexity=0.010
  add#int_obj: [['DS.INSERT.AT.INDEX'], 'POP.ANY']
  remove#int: ['INT.CONST.-1', ['DUP.ANY'], 'INT.SUB', 'INT.SUB', 'DS.GET.INDEX']
  set#int_obj: [['DS.GET.INDEX'], 'DS.GET.INDEX', ['INT.CONST.-1', 'DS.GET.INDEX'], 'BOOL.OR', 'BOOL.OR', 'DUP.ANY', 'DS.INDEX_OF', 'INT.CONST.0', 'BOOL.OR', 'DUP.ANY']
  get#int: ['BOOL.CONST.False', 'DS.GET.INDEX', 'INT.EQ']
  isEmpty#0: [['DS.SIZE'], 'INT.CONST.0', [[['BOOL.AND']]], 'INT.EQ']
  clear#0: ['BOOL.OR', ['BOOL.CONST.False'], 'DS.CLEAR', [['INT.LT']]]
  lastIndexOf#obj: ['DS.LAST_INDEX_OF']
  contains#obj: ['BOOL.NOT', ['BOOL.CONST.False'], 'BOOL.AND', 'BOOL.CONST.False', 'POP.ANY']
  remove#obj: ['DS.SET.INDEX', 'DUP.ANY', 'BOOL.CONST.False', ['BOOL.CONST.False', 'BOOL.AND', 'BOOL.CONST.False', ['INT.CONST.1', 'DS.LAST_INDEX_OF']]]
  size#0: ['DS.SIZE']
  add#obj: ['DS.SIZE', 'DS.INSERT.AT.INDEX', 'BOOL.CONST.True', 'BOOL.CONST.True']
  indexOf#obj: ['DS.INDEX_OF', 'BOOL.AND']
Gen 275: Fitness=0.031467, Acc=0.895, Complexity=0.009
  add#int_obj: [['DS.INSERT.AT.INDEX'], 'POP.ANY']
  remove#int: ['INT.CONST.-1', ['DUP.ANY'], 'INT.SUB', 'INT.SUB', 'DS.GET.INDEX']
  set#int_obj: [['DS.GET.INDEX'], 'DS.GET.INDEX', 'DUP.ANY', ['BOOL.CONST.True'], 'DS.SIZE', 'INT.CONST.1', 'DS.INDEX_OF', 'INT.CONST.0', 'DS.GET.INDEX']
  get#int: ['BOOL.CONST.False', 'DS.GET.INDEX', 'INT.EQ']
  isEmpty#0: [['DS.SIZE'], 'INT.CONST.0', [[['BOOL.AND']]], 'INT.EQ']
  clear#0: ['BOOL.OR', ['BOOL.CONST.False'], 'DS.CLEAR', [['INT.LT']]]
  lastIndexOf#obj: ['DS.INDEX_OF']
  contains#obj: ['BOOL.NOT', ['BOOL.CONST.False'], 'BOOL.AND', 'BOOL.CONST.False', 'POP.ANY']
  remove#obj: ['DS.SET.INDEX', ['DS.INDEX_OF'], 'BOOL.CONST.False', 'DS.GET.INDEX']
  size#0: ['DS.SIZE']
  add#obj: ['DS.SIZE', 'DS.INSERT.AT.INDEX', 'BOOL.CONST.True', 'BOOL.CONST.True']
  indexOf#obj: ['DS.INDEX_OF', 'BOOL.AND']
Gen 300: Fitness=0.030996, Acc=0.896, Complexity=0.009
  add#int_obj: [['DS.INSERT.AT.INDEX'], 'POP.ANY']
  remove#int: ['BOOL.CONST.True', ['BOOL.OR'], 'INT.SUB', 'DS.GET.INDEX']
  set#int_obj: [['DS.GET.INDEX'], 'DS.GET.INDEX', 'DUP.ANY', ['BOOL.CONST.True'], 'DS.SIZE', 'INT.CONST.1', 'DS.INDEX_OF', 'INT.CONST.0', 'DS.GET.INDEX']
  get#int: ['BOOL.CONST.False', 'DS.GET.INDEX', 'INT.EQ']
  isEmpty#0: [['DS.SIZE'], 'INT.CONST.0', [[['BOOL.AND']]], 'INT.EQ']
  clear#0: ['BOOL.OR', ['BOOL.CONST.False'], 'DS.CLEAR', [['INT.LT']]]
  lastIndexOf#obj: ['DS.INDEX_OF']
  contains#obj: ['BOOL.NOT', ['BOOL.CONST.False'], 'BOOL.AND', 'BOOL.CONST.False', 'POP.ANY']
  remove#obj: ['DS.SET.INDEX', ['DS.INDEX_OF'], 'BOOL.CONST.False', 'DS.GET.INDEX']
  size#0: ['DS.LAST_INDEX_OF', 'DS.SIZE']
  add#obj: ['DS.SIZE', 'DS.INSERT.AT.INDEX', 'BOOL.CONST.True', 'BOOL.CONST.True']
  indexOf#obj: ['DS.INDEX_OF', 'BOOL.AND', 'INT.LT']
Gen 325: Fitness=0.027706, Acc=0.908, Complexity=0.008
  add#int_obj: [['DS.INSERT.AT.INDEX'], 'BOOL.CONST.True']
  remove#int: ['ITE', 'INT.SUB', 'DS.GET.INDEX']
  set#int_obj: ['DS.GET.INDEX', 'DUP.ANY', 'DS.GET.INDEX']
  get#int: ['BOOL.CONST.False', 'DS.GET.INDEX', 'INT.LT']
  isEmpty#0: ['BOOL.CONST.True', [[['POP.ANY']]], ['DS.SIZE'], 'INT.CONST.0', [[['BOOL.AND']]], 'INT.EQ']
  clear#0: [['DUP.ANY'], 'BOOL.AND', ['DS.LAST_INDEX_OF'], 'DS.CLEAR']
  lastIndexOf#obj: ['INT.ADD', 'DS.INDEX_OF']
  contains#obj: ['BOOL.NOT', ['BOOL.CONST.False'], 'BOOL.CONST.False', 'BOOL.CONST.False', 'POP.ANY']
  remove#obj: ['DS.SIZE', 'DS.SET.INDEX', ['DS.INDEX_OF'], 'BOOL.CONST.False', 'DS.GET.INDEX']
  size#0: ['INT.LT', 'DS.SIZE']
  add#obj: ['DS.SIZE', 'DS.INSERT.AT.INDEX', 'BOOL.AND', 'BOOL.CONST.True']
  indexOf#obj: ['DS.INDEX_OF', 'BOOL.AND', 'INT.SUB']
Gen 350: Fitness=0.027086, Acc=0.907, Complexity=0.008
  add#int_obj: [['DS.INSERT.AT.INDEX'], 'POP.ANY']
  remove#int: ['ITE', 'DS.GET.INDEX']
  set#int_obj: ['DS.GET.INDEX', 'DUP.ANY', 'DS.GET.INDEX']
  get#int: ['BOOL.CONST.False', 'DS.GET.INDEX', 'INT.LT']
  isEmpty#0: ['DS.SIZE', 'BOOL.CONST.True', ['INT.CONST.1'], ['DS.SIZE'], 'INT.CONST.0', [[['BOOL.AND']]], 'INT.EQ']
  clear#0: [['DS.INDEX_OF'], 'BOOL.AND', 'INT.LT', 'DS.CLEAR']
  lastIndexOf#obj: ['INT.ADD', 'DS.INDEX_OF']
  contains#obj: ['BOOL.OR', 'BOOL.NOT', ['BOOL.CONST.False'], 'BOOL.CONST.False', 'BOOL.CONST.False', 'POP.ANY']
  remove#obj: ['DS.INDEX_OF', 'DS.REMOVE.INDEX', 'POP.ANY', 'BOOL.CONST.False', 'BOOL.OR']
  size#0: ['DS.SIZE']
  add#obj: ['DS.SIZE', 'DS.INSERT.AT.INDEX', 'BOOL.AND', 'BOOL.CONST.True']
  indexOf#obj: ['DS.LAST_INDEX_OF']
Gen 375: Fitness=0.026256, Acc=0.908, Complexity=0.008
  add#int_obj: [['DS.INSERT.AT.INDEX'], 'POP.ANY']
  remove#int: [[['BOOL.NOT']], 'DS.GET.INDEX']
  set#int_obj: ['DS.GET.INDEX', 'DUP.ANY', 'DS.GET.INDEX']
  get#int: ['BOOL.CONST.False', 'DS.GET.INDEX', 'INT.LT']
  isEmpty#0: ['DS.SIZE', 'BOOL.CONST.True', 'DS.GET.INDEX', ['DS.SIZE'], 'INT.CONST.0', 'INT.EQ']
  clear#0: [['DS.INDEX_OF'], 'INT.LT', 'BOOL.AND', 'DS.CLEAR']
  lastIndexOf#obj: ['DS.INDEX_OF', 'INT.CONST.-1']
  contains#obj: ['INT.EQ', 'BOOL.NOT', ['BOOL.CONST.False'], 'BOOL.CONST.False', 'BOOL.CONST.False', 'POP.ANY']
  remove#obj: ['DS.INDEX_OF', 'DS.REMOVE.INDEX', 'POP.ANY', 'BOOL.CONST.False']
  size#0: ['DS.SIZE']
  add#obj: ['DS.SIZE', 'DS.INSERT.AT.INDEX', 'BOOL.CONST.True', 'BOOL.AND']
  indexOf#obj: ['DS.LAST_INDEX_OF']
Gen 400: Fitness=0.025669, Acc=0.910, Complexity=0.008
  add#int_obj: [['DS.INSERT.AT.INDEX'], ['DS.LAST_INDEX_OF']]
  remove#int: ['BOOL.CONST.True', 'DS.GET.INDEX']
  set#int_obj: ['DS.GET.INDEX', 'DUP.ANY', 'DS.GET.INDEX']
  get#int: ['BOOL.CONST.False', 'DS.GET.INDEX', 'INT.LT']
  isEmpty#0: ['DS.SIZE', 'BOOL.CONST.True', ['DUP.ANY'], ['DS.SIZE'], 'INT.CONST.0', 'INT.EQ']
  clear#0: [['DS.INDEX_OF'], 'BOOL.AND', 'INT.LT', 'DS.CLEAR']
  lastIndexOf#obj: ['DS.INDEX_OF', 'INT.CONST.-1']
  contains#obj: ['DS.LAST_INDEX_OF', 'INT.CONST.1', 'INT.CONST.0', 'BOOL.CONST.False', 'INT.SUB', 'POP.ANY']
  remove#obj: ['DS.INDEX_OF', 'DS.REMOVE.INDEX', 'POP.ANY', 'BOOL.CONST.False', 'BOOL.OR']
  size#0: ['DS.SIZE']
  add#obj: ['DS.SIZE', 'DS.INSERT.AT.INDEX', 'BOOL.CONST.True', 'BOOL.AND']
  indexOf#obj: ['DS.LAST_INDEX_OF']
Gen 425: Fitness=0.025364, Acc=0.910, Complexity=0.007
  add#int_obj: [['DS.INSERT.AT.INDEX'], 'POP.ANY', 'DS.REMOVE.INDEX']
  remove#int: ['BOOL.CONST.True', 'DS.GET.INDEX']
  set#int_obj: ['DS.GET.INDEX', 'DUP.ANY', 'DS.GET.INDEX']
  get#int: [['BOOL.CONST.False'], 'DS.GET.INDEX']
  isEmpty#0: ['DS.SIZE', 'BOOL.CONST.True', ['DUP.ANY'], ['DS.SIZE'], 'INT.CONST.0', 'INT.EQ']
  clear#0: [['DS.INDEX_OF'], 'BOOL.AND', 'DS.CLEAR']
  lastIndexOf#obj: ['DS.INDEX_OF', ['INT.CONST.-1']]
  contains#obj: ['DS.INDEX_OF', 'BOOL.CONST.False', 'BOOL.CONST.False', 'DUP.ANY']
  remove#obj: ['DS.INDEX_OF', 'DS.REMOVE.INDEX', 'POP.ANY', 'BOOL.CONST.False', 'BOOL.OR']
  size#0: ['DS.SIZE']
  add#obj: ['DS.SIZE', 'DS.INSERT.AT.INDEX', 'BOOL.CONST.True', 'BOOL.AND']
  indexOf#obj: ['DS.INDEX_OF', 'BOOL.OR']
Gen 450: Fitness=0.024844, Acc=0.911, Complexity=0.008
  add#int_obj: [['DS.INSERT.AT.INDEX'], ['DS.LAST_INDEX_OF'], 'DS.REMOVE.INDEX']
  remove#int: ['BOOL.CONST.True', 'DS.GET.INDEX']
  set#int_obj: ['BOOL.CONST.False', 'DS.GET.INDEX', 'DUP.ANY', 'DS.GET.INDEX']
  get#int: ['BOOL.CONST.False', 'DS.GET.INDEX', 'INT.LT']
  isEmpty#0: ['DS.SIZE', 'BOOL.CONST.True', ['DUP.ANY'], ['DS.SIZE'], 'INT.CONST.0', 'INT.EQ']
  clear#0: [['DS.INDEX_OF'], ['DS.INDEX_OF'], 'DS.CLEAR', ['BOOL.NOT']]
  lastIndexOf#obj: ['DS.LAST_INDEX_OF', ['INT.CONST.-1']]
  contains#obj: ['DS.LAST_INDEX_OF', 'INT.CONST.1', 'BOOL.CONST.False', 'DUP.ANY']
  remove#obj: ['DS.INDEX_OF', 'DS.REMOVE.INDEX', 'BOOL.CONST.False', 'DS.GET.INDEX']
  size#0: ['DS.SIZE']
  add#obj: ['DS.SIZE', 'DS.INSERT.AT.INDEX', 'BOOL.CONST.True', 'BOOL.AND']
  indexOf#obj: ['DS.INDEX_OF']
Gen 475: Fitness=0.024544, Acc=0.911, Complexity=0.007
  add#int_obj: [['DS.INSERT.AT.INDEX'], 'INT.LT', ['DS.LAST_INDEX_OF']]
  remove#int: ['BOOL.CONST.True', 'DS.GET.INDEX']
  set#int_obj: ['BOOL.CONST.False', 'DS.GET.INDEX', 'DUP.ANY', 'DS.GET.INDEX']
  get#int: ['BOOL.CONST.False', 'DS.GET.INDEX', 'INT.LT']
  isEmpty#0: ['DS.SIZE', 'INT.CONST.0', 'INT.EQ']
  clear#0: [['DS.CLEAR'], ['DS.INDEX_OF'], 'DS.CLEAR', 'BOOL.CONST.False']
  lastIndexOf#obj: ['DS.LAST_INDEX_OF', ['INT.CONST.-1']]
  contains#obj: ['DS.LAST_INDEX_OF', 'INT.CONST.1', 'BOOL.CONST.False', 'DUP.ANY']
  remove#obj: ['DS.INDEX_OF', 'DS.REMOVE.INDEX', 'BOOL.CONST.False', 'DS.GET.INDEX']
  size#0: ['DS.SIZE']
  add#obj: ['DS.SIZE', 'DS.INSERT.AT.INDEX', 'BOOL.CONST.True', 'BOOL.AND']
  indexOf#obj: ['DS.INDEX_OF']
Gen 500: Fitness=0.024244, Acc=0.911, Complexity=0.006
  add#int_obj: [['DS.INSERT.AT.INDEX'], ['DS.LAST_INDEX_OF']]
  remove#int: ['BOOL.CONST.True', 'DS.GET.INDEX']
  set#int_obj: ['BOOL.CONST.False', 'DS.GET.INDEX', 'DUP.ANY', 'DS.GET.INDEX']
  get#int: ['BOOL.CONST.False', 'DS.GET.INDEX']
  isEmpty#0: ['DS.SIZE', 'INT.CONST.0', 'INT.EQ']
  clear#0: [['DS.CLEAR'], ['DS.INDEX_OF'], ['DUP.ANY']]
  lastIndexOf#obj: ['DS.LAST_INDEX_OF', ['INT.CONST.-1']]
  contains#obj: ['DS.LAST_INDEX_OF', ['INT.SUB'], 'BOOL.CONST.False', 'DUP.ANY']
  remove#obj: ['DS.INDEX_OF', 'DS.REMOVE.INDEX', 'BOOL.CONST.False', 'DS.GET.INDEX']
  size#0: ['DS.SIZE']
  add#obj: ['DS.SIZE', 'DS.INSERT.AT.INDEX', 'BOOL.CONST.True', 'BOOL.AND']
  indexOf#obj: ['DS.INDEX_OF']
Gen 525: Fitness=0.024135, Acc=0.911, Complexity=0.006
  add#int_obj: [['DS.INSERT.AT.INDEX'], ['DS.LAST_INDEX_OF']]
  remove#int: ['BOOL.CONST.True', 'DS.GET.INDEX']
  set#int_obj: ['BOOL.CONST.False', 'DS.GET.INDEX', 'DUP.ANY', 'DS.GET.INDEX']
  get#int: ['BOOL.CONST.False', 'DS.GET.INDEX']
  isEmpty#0: ['DS.SIZE', 'INT.CONST.0', 'INT.EQ']
  clear#0: [['DS.CLEAR'], ['DS.INDEX_OF'], ['DUP.ANY']]
  lastIndexOf#obj: ['DS.LAST_INDEX_OF', ['INT.CONST.-1']]
  contains#obj: ['POP.ANY', ['INT.SUB'], 'BOOL.CONST.False', 'DUP.ANY']
  remove#obj: ['DS.INDEX_OF', 'DS.REMOVE.INDEX', 'BOOL.CONST.False']
  size#0: ['DS.SIZE']
  add#obj: ['DS.SIZE', 'DS.INSERT.AT.INDEX', 'BOOL.CONST.True', 'BOOL.AND']
  indexOf#obj: ['DS.INDEX_OF']
Gen 550: Fitness=0.023944, Acc=0.911, Complexity=0.006
  add#int_obj: [['DS.INSERT.AT.INDEX'], ['DS.LAST_INDEX_OF']]
  remove#int: ['BOOL.CONST.True', 'DS.GET.INDEX']
  set#int_obj: ['BOOL.CONST.False', 'DS.GET.INDEX', 'DUP.ANY', 'DS.GET.INDEX']
  get#int: ['BOOL.CONST.False', 'DS.GET.INDEX']
  isEmpty#0: ['DS.SIZE', 'INT.CONST.0', 'INT.EQ']
  clear#0: [['DS.CLEAR']]
  lastIndexOf#obj: ['DS.LAST_INDEX_OF', ['INT.CONST.-1']]
  contains#obj: ['DS.LAST_INDEX_OF', 'BOOL.CONST.False', 'DUP.ANY']
  remove#obj: ['DS.INDEX_OF', 'DS.REMOVE.INDEX', 'BOOL.CONST.False', 'DS.GET.INDEX']
  size#0: ['DS.SIZE']
  add#obj: ['DS.SIZE', 'DS.INSERT.AT.INDEX', 'BOOL.CONST.True', 'BOOL.AND']
  indexOf#obj: ['DS.INDEX_OF']
Gen 575: Fitness=0.023609, Acc=0.913, Complexity=0.006
  add#int_obj: [['DS.INSERT.AT.INDEX'], ['DS.LAST_INDEX_OF']]
  remove#int: ['BOOL.CONST.True', 'DS.GET.INDEX']
  set#int_obj: ['BOOL.CONST.False', 'DS.GET.INDEX', 'DUP.ANY', 'DS.GET.INDEX']
  get#int: ['BOOL.CONST.False', 'DS.GET.INDEX']
  isEmpty#0: ['DS.SIZE', 'INT.CONST.0', 'INT.EQ']
  clear#0: [[['POP.ANY']], ['DS.CLEAR']]
  lastIndexOf#obj: ['DS.LAST_INDEX_OF', ['INT.CONST.-1']]
  contains#obj: ['DS.LAST_INDEX_OF', 'BOOL.CONST.False', ['DS.GET.INDEX']]
  remove#obj: ['DS.INDEX_OF', 'BOOL.CONST.False', 'DS.REMOVE.INDEX']
  size#0: ['DS.SIZE']
  add#obj: ['DS.SIZE', 'DS.INSERT.AT.INDEX', 'BOOL.CONST.True', 'BOOL.AND']
  indexOf#obj: ['DS.INDEX_OF']
Gen 600: Fitness=0.023509, Acc=0.913, Complexity=0.006
  add#int_obj: [['DS.INSERT.AT.INDEX'], ['DS.LAST_INDEX_OF']]
  remove#int: ['BOOL.CONST.True', 'DS.GET.INDEX']
  set#int_obj: ['BOOL.CONST.False', 'DS.GET.INDEX', 'DUP.ANY', 'DS.GET.INDEX']
  get#int: ['BOOL.CONST.False', 'DS.GET.INDEX']
  isEmpty#0: ['DS.SIZE', 'INT.CONST.0', 'INT.EQ']
  clear#0: ['DS.CLEAR']
  lastIndexOf#obj: ['DS.LAST_INDEX_OF', ['INT.CONST.-1']]
  contains#obj: ['DS.LAST_INDEX_OF', 'BOOL.CONST.False', ['DS.GET.INDEX']]
  remove#obj: ['DS.INDEX_OF', 'DS.REMOVE.INDEX', 'BOOL.CONST.False']
  size#0: ['DS.SIZE']
  add#obj: ['DS.SIZE', 'DS.INSERT.AT.INDEX', 'BOOL.CONST.True', 'BOOL.AND']
  indexOf#obj: ['DS.INDEX_OF']
Gen 625: Fitness=0.023409, Acc=0.913, Complexity=0.005
  add#int_obj: [['DS.INSERT.AT.INDEX'], ['DS.LAST_INDEX_OF']]
  remove#int: ['BOOL.CONST.True', 'DS.GET.INDEX']
  set#int_obj: ['BOOL.CONST.False', 'DS.GET.INDEX', 'DUP.ANY', 'DS.GET.INDEX']
  get#int: ['BOOL.CONST.False', 'DS.GET.INDEX']
  isEmpty#0: ['DS.SIZE', 'INT.CONST.0', 'INT.EQ']
  clear#0: [['DS.CLEAR']]
  lastIndexOf#obj: ['DS.LAST_INDEX_OF', ['INT.CONST.-1']]
  contains#obj: ['DS.LAST_INDEX_OF', 'BOOL.CONST.False', ['DS.GET.INDEX']]
  remove#obj: ['DS.INDEX_OF', 'BOOL.CONST.False', 'DS.REMOVE.INDEX']
  size#0: ['DS.SIZE']
  add#obj: ['DS.SIZE', 'DS.INSERT.AT.INDEX', 'BOOL.CONST.True']
  indexOf#obj: ['DS.INDEX_OF']
Gen 650: Fitness=0.023409, Acc=0.913, Complexity=0.005
  add#int_obj: [['DS.INSERT.AT.INDEX'], ['DS.LAST_INDEX_OF']]
  remove#int: ['BOOL.CONST.True', 'DS.GET.INDEX']
  set#int_obj: ['BOOL.CONST.False', 'DS.GET.INDEX', 'DUP.ANY', 'DS.GET.INDEX']
  get#int: ['BOOL.CONST.False', 'DS.GET.INDEX']
  isEmpty#0: ['DS.SIZE', 'INT.CONST.0', 'INT.EQ']
  clear#0: [['DS.CLEAR']]
  lastIndexOf#obj: ['DS.LAST_INDEX_OF', ['INT.CONST.-1']]
  contains#obj: ['DS.LAST_INDEX_OF', 'BOOL.CONST.False', ['DS.GET.INDEX']]
  remove#obj: ['DS.INDEX_OF', 'BOOL.CONST.False', 'DS.REMOVE.INDEX']
  size#0: ['DS.SIZE']
  add#obj: ['DS.SIZE', 'DS.INSERT.AT.INDEX', 'BOOL.CONST.True']
  indexOf#obj: ['DS.INDEX_OF']
Gen 675: Fitness=0.023409, Acc=0.913, Complexity=0.005
  add#int_obj: [['DS.INSERT.AT.INDEX'], ['DS.LAST_INDEX_OF']]
  remove#int: ['BOOL.CONST.True', 'DS.GET.INDEX']
  set#int_obj: ['BOOL.CONST.False', 'DS.GET.INDEX', 'DUP.ANY', 'DS.GET.INDEX']
  get#int: ['BOOL.CONST.False', 'DS.GET.INDEX']
  isEmpty#0: ['DS.SIZE', 'INT.CONST.0', 'INT.EQ']
  clear#0: [['DS.CLEAR']]
  lastIndexOf#obj: ['DS.LAST_INDEX_OF', ['INT.CONST.-1']]
  contains#obj: ['DS.LAST_INDEX_OF', 'BOOL.CONST.False', ['DS.GET.INDEX']]
  remove#obj: ['DS.INDEX_OF', 'BOOL.CONST.False', 'DS.REMOVE.INDEX']
  size#0: ['DS.SIZE']
  add#obj: ['DS.SIZE', 'DS.INSERT.AT.INDEX', 'BOOL.CONST.True']
  indexOf#obj: ['DS.INDEX_OF']
Gen 700: Fitness=0.023405, Acc=0.913, Complexity=0.005
  add#int_obj: [['DS.INSERT.AT.INDEX'], ['DS.LAST_INDEX_OF']]
  remove#int: ['BOOL.CONST.True', 'DS.GET.INDEX']
  set#int_obj: ['BOOL.CONST.False', 'DS.GET.INDEX', 'DUP.ANY', 'DS.GET.INDEX']
  get#int: ['BOOL.CONST.False', 'DS.GET.INDEX']
  isEmpty#0: ['DS.SIZE', 'INT.CONST.0', 'INT.EQ']
  clear#0: [['DS.CLEAR']]
  lastIndexOf#obj: ['POP.ANY', 'INT.CONST.-1']
  contains#obj: ['DS.LAST_INDEX_OF', 'BOOL.CONST.False', ['DS.GET.INDEX']]
  remove#obj: ['DS.INDEX_OF', 'BOOL.CONST.False', 'DS.REMOVE.INDEX']
  size#0: ['DS.SIZE']
  add#obj: ['DS.SIZE', 'DS.INSERT.AT.INDEX', 'BOOL.CONST.True']
  indexOf#obj: ['DS.INDEX_OF']
Gen 725: Fitness=0.023405, Acc=0.913, Complexity=0.005
  add#int_obj: [['DS.INSERT.AT.INDEX'], ['DS.LAST_INDEX_OF']]
  remove#int: ['BOOL.CONST.True', 'DS.GET.INDEX']
  set#int_obj: ['BOOL.CONST.False', 'DS.GET.INDEX', 'DUP.ANY', 'DS.GET.INDEX']
  get#int: ['BOOL.CONST.False', 'DS.GET.INDEX']
  isEmpty#0: ['DS.SIZE', 'INT.CONST.0', 'INT.EQ']
  clear#0: [['DS.CLEAR']]
  lastIndexOf#obj: ['POP.ANY', 'INT.CONST.-1']
  contains#obj: ['DS.LAST_INDEX_OF', 'BOOL.CONST.False', ['DS.GET.INDEX']]
  remove#obj: ['DS.INDEX_OF', 'BOOL.CONST.False', 'DS.REMOVE.INDEX']
  size#0: ['DS.SIZE']
  add#obj: ['DS.SIZE', 'DS.INSERT.AT.INDEX', 'BOOL.CONST.True']
  indexOf#obj: ['DS.INDEX_OF']
Gen 750: Fitness=0.023405, Acc=0.913, Complexity=0.005
  add#int_obj: [['DS.INSERT.AT.INDEX'], ['DS.LAST_INDEX_OF']]
  remove#int: ['BOOL.CONST.True', 'DS.GET.INDEX']
  set#int_obj: ['BOOL.CONST.False', 'DS.GET.INDEX', 'DUP.ANY', 'DS.GET.INDEX']
  get#int: ['BOOL.CONST.False', 'DS.GET.INDEX']
  isEmpty#0: ['DS.SIZE', 'INT.CONST.0', 'INT.EQ']
  clear#0: [['DS.CLEAR']]
  lastIndexOf#obj: ['POP.ANY', 'INT.CONST.-1']
  contains#obj: ['DS.LAST_INDEX_OF', 'BOOL.CONST.False', ['DS.GET.INDEX']]
  remove#obj: ['DS.INDEX_OF', 'BOOL.CONST.False', 'DS.REMOVE.INDEX']
  size#0: ['DS.SIZE']
  add#obj: ['DS.SIZE', 'DS.INSERT.AT.INDEX', 'BOOL.CONST.True']
  indexOf#obj: ['DS.INDEX_OF']
Gen 775: Fitness=0.023405, Acc=0.913, Complexity=0.005
  add#int_obj: [['DS.INSERT.AT.INDEX'], ['DS.LAST_INDEX_OF']]
  remove#int: ['BOOL.CONST.True', 'DS.GET.INDEX']
  set#int_obj: ['BOOL.CONST.False', 'DS.GET.INDEX', 'DUP.ANY', 'DS.GET.INDEX']
  get#int: ['BOOL.CONST.False', 'DS.GET.INDEX']
  isEmpty#0: ['DS.SIZE', 'INT.CONST.0', 'INT.EQ']
  clear#0: [['DS.CLEAR']]
  lastIndexOf#obj: ['POP.ANY', 'INT.CONST.-1']
  contains#obj: ['DS.LAST_INDEX_OF', 'BOOL.CONST.False', ['DS.GET.INDEX']]
  remove#obj: ['DS.INDEX_OF', 'BOOL.CONST.False', 'DS.REMOVE.INDEX']
  size#0: ['DS.SIZE']
  add#obj: ['DS.SIZE', 'DS.INSERT.AT.INDEX', 'BOOL.CONST.True']
  indexOf#obj: ['DS.INDEX_OF']
Stopping after 100 gens without improvement
Evolution completed in 1425.35 seconds
PushGP genome saved to: genomes/public_class_java_util_ArrayList_E__run1.json
Best genome saved to genomes/public_class_java_util_ArrayList_E__run1.json
