Loading training data from ../Training-Data-Generation/symbolic-regression-data/training/public_class_java_util_ArrayList_E_.json
Max samples per file: 10000
------------------------------------------------------------
Loading public_class_java_util_ArrayList_E_.json... (1000 samples)
------------------------------------------------------------
Loaded 1000 total samples from 1 files
Learning PushGP programs for 12 methods: ['indexOf#obj', 'size#0', 'clear#0', 'contains#obj', 'lastIndexOf#obj', 'isEmpty#0', 'remove#obj', 'add#int_obj', 'get#int', 'set#int_obj', 'remove#int', 'add#obj']
Gen 0: Fitness=0.384701, Acc=0.213, Complexity=0.006
  indexOf#obj: ['BOOL.CONST.True', 'INT.LT', 'DS.LAST_INDEX_OF', 'INT.ADD']
  size#0: ['DS.SET.INDEX', [['INT.CONST.0']], ['INT.CONST.1', ['DS.LAST_INDEX_OF'], ['INT.SUB'], 'INT.CONST.1']]
  clear#0: ['DS.CLEAR']
  contains#obj: ['DUP.ANY']
  lastIndexOf#obj: ['INT.CONST.-1', ['BOOL.NOT']]
  isEmpty#0: ['DS.CLEAR']
  remove#obj: ['INT.LT']
  add#int_obj: ['DS.REMOVE.INDEX', ['INT.ADD'], 'DS.INSERT.AT.INDEX', ['DS.SET.INDEX']]
  get#int: [['INT.LT'], 'DS.GET.INDEX', 'INT.CONST.-1']
  set#int_obj: ['INT.CONST.0', [['BOOL.NOT'], 'ITE'], 'DS.GET.INDEX']
  remove#int: ['INT.LT']
  add#obj: ['BOOL.CONST.True']
Gen 25: Fitness=0.170651, Acc=0.566, Complexity=0.008
  indexOf#obj: ['INT.CONST.1', 'INT.CONST.0', 'INT.CONST.1', ['DS.LAST_INDEX_OF', 'DS.REMOVE.INDEX'], 'INT.CONST.1', 'DS.LAST_INDEX_OF']
  clear#0: ['INT.EQ']
  isEmpty#0: ['DS.LAST_INDEX_OF', ['INT.CONST.1'], ['INT.SUB'], 'BOOL.CONST.True']
  remove#obj: ['INT.EQ', 'BOOL.CONST.False']
  add#int_obj: ['DS.GET.INDEX', 'INT.EQ', 'DS.INDEX_OF', 'INT.LT']
  size#0: [['INT.CONST.0'], 'INT.LT']
  contains#obj: ['BOOL.NOT', 'INT.CONST.0', 'DS.INDEX_OF', ['BOOL.CONST.True', 'BOOL.NOT'], 'INT.EQ']
  lastIndexOf#obj: ['INT.ADD', 'DS.LAST_INDEX_OF', 'DS.CLEAR', ['INT.ADD'], 'INT.CONST.-1']
  get#int: [['DS.SET.INDEX'], 'INT.CONST.0']
  set#int_obj: ['BOOL.OR', 'DS.GET.INDEX', 'DS.SIZE']
  remove#int: [['DS.SET.INDEX']]
  add#obj: ['POP.ANY', 'BOOL.CONST.True']
Gen 50: Fitness=0.145982, Acc=0.583, Complexity=0.013
  indexOf#obj: [['INT.CONST.1', ['BOOL.CONST.True']], 'INT.CONST.0', 'INT.ADD', [['INT.EQ'], ['INT.SUB']], 'BOOL.OR', 'DS.LAST_INDEX_OF']
  clear#0: ['DS.GET.INDEX', 'BOOL.OR', 'BOOL.OR']
  isEmpty#0: ['DS.REMOVE.INDEX', ['INT.LT', ['BOOL.OR'], 'DS.GET.INDEX', ['POP.ANY']], 'DS.LAST_INDEX_OF', 'DS.GET.INDEX', 'BOOL.CONST.True']
  remove#obj: ['DS.LAST_INDEX_OF', 'BOOL.CONST.False']
  add#int_obj: [['BOOL.CONST.False'], 'INT.CONST.1', [[['INT.CONST.-1', ['INT.CONST.0', 'DUP.ANY'], 'ITE']], ['ITE'], ['INT.EQ', 'DS.INSERT.AT.INDEX', [['INT.CONST.1'], [['ITE'], 'INT.CONST.-1']], 'DS.INSERT.AT.INDEX']], 'INT.LT', ['BOOL.AND']]
  size#0: [['DS.SIZE']]
  contains#obj: ['BOOL.NOT', 'INT.CONST.0', 'INT.ADD', 'DS.INDEX_OF', ['BOOL.CONST.True', 'BOOL.NOT'], 'INT.EQ']
  lastIndexOf#obj: [['INT.EQ', ['BOOL.CONST.True'], ['DS.INDEX_OF'], 'DUP.ANY'], 'INT.SUB', 'DS.REMOVE.INDEX', 'INT.CONST.-1']
  get#int: [['DS.SET.INDEX'], 'INT.LT', ['DUP.ANY', 'INT.CONST.-1', ['BOOL.NOT']]]
  set#int_obj: ['BOOL.OR', 'DS.GET.INDEX']
  remove#int: ['DS.REMOVE.INDEX', 'BOOL.CONST.False']
  add#obj: ['INT.CONST.0', ['DS.INSERT.AT.INDEX', 'DS.SIZE', ['INT.ADD']], 'BOOL.CONST.True']
Gen 75: Fitness=0.120791, Acc=0.633, Complexity=0.013
  indexOf#obj: [['BOOL.CONST.True', [['INT.ADD']]], 'DUP.ANY', [['INT.EQ'], ['INT.SUB']], 'BOOL.OR', ['INT.EQ', 'DS.SET.INDEX', 'INT.CONST.-1', ['INT.CONST.1']], ['BOOL.OR', 'DS.LAST_INDEX_OF'], 'INT.EQ', 'DS.LAST_INDEX_OF']
  clear#0: [['DS.INDEX_OF'], 'DS.LAST_INDEX_OF']
  isEmpty#0: ['DS.SIZE', ['BOOL.OR', ['INT.CONST.-1'], ['DS.REMOVE.INDEX', 'INT.CONST.0'], ['INT.CONST.-1']], 'DS.INSERT.AT.INDEX', 'BOOL.CONST.True']
  remove#obj: ['ITE', 'BOOL.CONST.False']
  add#int_obj: ['DS.SET.INDEX', 'BOOL.OR', 'INT.LT', 'INT.ADD', ['DS.INDEX_OF']]
  size#0: [['DS.INSERT.AT.INDEX'], 'DS.SIZE']
  contains#obj: ['BOOL.NOT', ['DS.INDEX_OF'], 'INT.ADD', ['DS.REMOVE.INDEX', 'INT.CONST.0', ['INT.ADD']], 'BOOL.CONST.False']
  lastIndexOf#obj: [[['INT.SUB'], 'INT.EQ', [['INT.EQ']], 'POP.ANY'], 'DS.GET.INDEX', 'BOOL.AND', 'INT.ADD', 'INT.CONST.0', 'INT.CONST.-1']
  get#int: [['DS.GET.INDEX'], [['INT.CONST.0', ['BOOL.CONST.True'], 'DS.GET.INDEX'], 'BOOL.CONST.False', ['BOOL.NOT']]]
  set#int_obj: ['BOOL.OR', 'DS.GET.INDEX']
  remove#int: ['DS.REMOVE.INDEX', ['INT.CONST.0', ['DUP.ANY']], 'BOOL.CONST.False']
  add#obj: ['INT.CONST.0', ['DS.INSERT.AT.INDEX', 'DS.SIZE', ['INT.ADD']], 'BOOL.CONST.True']
Gen 100: Fitness=0.091782, Acc=0.701, Complexity=0.012
  indexOf#obj: [['BOOL.CONST.True', [['INT.ADD']]], 'DUP.ANY', [['INT.EQ'], ['INT.SUB']], 'BOOL.OR', ['INT.EQ', 'DS.SET.INDEX', 'INT.CONST.-1', ['INT.CONST.1']], ['BOOL.OR', 'DS.LAST_INDEX_OF'], 'INT.EQ', 'DS.LAST_INDEX_OF']
  clear#0: [['DS.GET.INDEX', 'INT.EQ'], 'BOOL.AND', 'BOOL.AND']
  isEmpty#0: ['DS.INSERT.AT.INDEX', 'ITE', 'DS.INSERT.AT.INDEX', 'INT.CONST.-1', 'BOOL.CONST.True']
  remove#obj: ['ITE', 'BOOL.CONST.False']
  add#int_obj: ['DS.SET.INDEX', 'INT.ADD', 'INT.CONST.1', 'INT.CONST.-1']
  size#0: [['DS.INSERT.AT.INDEX'], 'DS.SIZE']
  contains#obj: [['DS.INDEX_OF'], 'POP.ANY', 'INT.EQ', [['DS.SIZE'], 'INT.CONST.0', ['DS.REMOVE.INDEX']], 'BOOL.CONST.False']
  lastIndexOf#obj: [[['INT.SUB'], 'INT.EQ', [['INT.EQ']], 'POP.ANY'], 'DS.GET.INDEX', 'BOOL.AND', 'INT.ADD', 'INT.CONST.0', 'INT.CONST.-1']
  get#int: [['DS.GET.INDEX'], [['INT.CONST.0', ['BOOL.CONST.True'], 'DS.GET.INDEX'], 'BOOL.CONST.False', ['BOOL.NOT']]]
  set#int_obj: ['BOOL.OR', 'DS.GET.INDEX']
  remove#int: ['INT.ADD', 'DS.GET.INDEX']
  add#obj: ['DS.SIZE', ['DS.INSERT.AT.INDEX', 'INT.LT', ['INT.CONST.-1']], 'BOOL.CONST.True']
Gen 125: Fitness=0.077751, Acc=0.747, Complexity=0.012
  indexOf#obj: [['BOOL.CONST.True', [['INT.ADD']]], 'DUP.ANY', [['INT.EQ'], ['INT.SUB']], 'BOOL.OR', ['INT.EQ', 'DS.SET.INDEX', 'INT.CONST.-1', ['INT.CONST.1']], ['BOOL.OR', 'DS.LAST_INDEX_OF'], 'INT.EQ', 'DS.LAST_INDEX_OF']
  clear#0: ['INT.ADD', 'DS.INDEX_OF', 'DS.CLEAR']
  isEmpty#0: ['DS.INSERT.AT.INDEX', 'ITE', 'DS.INSERT.AT.INDEX', 'INT.CONST.-1', 'BOOL.CONST.True']
  remove#obj: ['ITE', 'INT.CONST.0', 'BOOL.CONST.False']
  add#int_obj: ['DS.SET.INDEX', ['INT.LT'], 'DS.REMOVE.INDEX', 'INT.CONST.1']
  size#0: ['DS.SIZE']
  contains#obj: ['DS.SET.INDEX', 'POP.ANY', 'DS.SET.INDEX', 'INT.EQ', 'INT.CONST.0', 'BOOL.CONST.False']
  lastIndexOf#obj: [[['INT.CONST.1'], 'INT.EQ', [['DS.GET.INDEX']], 'POP.ANY'], 'BOOL.AND', 'INT.ADD', ['BOOL.CONST.True'], 'INT.CONST.-1']
  get#int: [['DS.GET.INDEX'], [['INT.CONST.0', ['BOOL.CONST.True'], 'DS.GET.INDEX'], 'BOOL.CONST.False', ['BOOL.NOT']]]
  set#int_obj: ['BOOL.AND', 'INT.ADD', 'DS.GET.INDEX']
  remove#int: ['INT.ADD', 'DS.GET.INDEX']
  add#obj: ['DS.SIZE', ['DS.INSERT.AT.INDEX', 'INT.LT', ['INT.CONST.-1']], 'BOOL.CONST.True']
Gen 150: Fitness=0.071590, Acc=0.766, Complexity=0.010
  indexOf#obj: ['ITE', ['ITE', ['INT.CONST.1']], 'DS.INDEX_OF', ['BOOL.OR', 'DS.LAST_INDEX_OF'], 'INT.EQ', 'DS.LAST_INDEX_OF']
  clear#0: ['INT.ADD', 'DS.INDEX_OF', 'DS.CLEAR']
  isEmpty#0: ['DS.INSERT.AT.INDEX', 'DS.REMOVE.INDEX', 'DS.GET.INDEX', 'BOOL.CONST.True']
  remove#obj: ['DUP.ANY', 'INT.CONST.0', 'BOOL.CONST.False']
  add#int_obj: ['DS.INSERT.AT.INDEX', 'INT.ADD', ['INT.LT'], 'INT.LT']
  size#0: [['DS.INSERT.AT.INDEX'], 'DS.SIZE']
  contains#obj: ['BOOL.AND', 'DS.INDEX_OF', 'INT.ADD', 'BOOL.CONST.False']
  lastIndexOf#obj: ['DS.SET.INDEX', 'INT.SUB', 'INT.ADD', ['BOOL.CONST.True'], 'INT.CONST.-1']
  get#int: [['DUP.ANY'], 'POP.ANY', 'DS.GET.INDEX']
  set#int_obj: [[['BOOL.OR', 'INT.ADD'], ['BOOL.OR', ['BOOL.CONST.False']]], 'INT.CONST.-1', 'DS.GET.INDEX', 'INT.ADD', 'INT.ADD', 'DS.GET.INDEX']
  remove#int: ['INT.ADD', 'DS.GET.INDEX']
  add#obj: ['DS.SIZE', ['DS.INSERT.AT.INDEX', 'INT.LT', ['INT.CONST.-1']], 'BOOL.CONST.True']
Gen 175: Fitness=0.040182, Acc=0.878, Complexity=0.010
  indexOf#obj: ['BOOL.OR', 'DUP.ANY', ['BOOL.AND', ['INT.SUB']], [['ITE']], 'DS.GET.INDEX', 'INT.CONST.1', 'INT.EQ', ['INT.CONST.1', ['INT.CONST.-1']]]
  clear#0: ['DS.SET.INDEX', 'DS.CLEAR', 'DS.CLEAR', 'INT.ADD', 'BOOL.CONST.False']
  isEmpty#0: ['DS.INSERT.AT.INDEX', 'INT.LT', 'BOOL.OR', 'DS.SIZE', 'BOOL.CONST.True', 'INT.CONST.1', ['INT.LT']]
  remove#obj: ['DS.REMOVE.INDEX', 'INT.CONST.1', 'INT.EQ', 'BOOL.OR', 'BOOL.CONST.False']
  add#int_obj: ['DS.INSERT.AT.INDEX']
  size#0: [[[['DUP.ANY']]], 'DS.SIZE']
  contains#obj: ['DS.SET.INDEX', 'BOOL.AND', 'DS.SET.INDEX', 'INT.EQ', 'BOOL.CONST.False', 'BOOL.CONST.False']
  lastIndexOf#obj: ['BOOL.CONST.False', ['DS.INDEX_OF'], ['BOOL.OR'], 'DUP.ANY']
  get#int: [['DS.GET.INDEX']]
  set#int_obj: ['BOOL.CONST.False', 'BOOL.OR', 'DS.GET.INDEX']
  remove#int: ['DS.GET.INDEX']
  add#obj: ['DS.SIZE', ['DS.INSERT.AT.INDEX', ['DS.SET.INDEX'], ['DS.LAST_INDEX_OF']], 'BOOL.CONST.True']
Gen 200: Fitness=0.035443, Acc=0.887, Complexity=0.010
  indexOf#obj: ['BOOL.OR', 'DS.LAST_INDEX_OF', 'DS.SIZE', 'POP.ANY', 'INT.EQ', [['INT.EQ']], ['BOOL.CONST.True'], ['INT.CONST.-1', 'BOOL.AND']]
  clear#0: [['BOOL.CONST.False'], 'DS.CLEAR', 'DS.CLEAR', 'INT.ADD', 'BOOL.CONST.False']
  isEmpty#0: ['DS.INSERT.AT.INDEX', 'INT.LT', 'BOOL.OR', 'DS.SIZE', 'BOOL.CONST.True', 'INT.CONST.1', ['INT.LT']]
  remove#obj: ['INT.EQ', [['BOOL.NOT'], ['DS.INDEX_OF']], ['BOOL.CONST.True'], 'BOOL.OR', 'BOOL.CONST.False']
  add#int_obj: ['DS.INSERT.AT.INDEX']
  size#0: ['DS.SIZE']
  contains#obj: ['DS.SET.INDEX', 'BOOL.AND', 'DS.SET.INDEX', 'INT.EQ', 'BOOL.CONST.False']
  lastIndexOf#obj: ['INT.ADD', ['DS.INDEX_OF'], ['BOOL.OR'], 'BOOL.OR']
  get#int: [['DS.GET.INDEX']]
  set#int_obj: ['BOOL.CONST.False', 'BOOL.OR', 'DS.GET.INDEX']
  remove#int: ['DS.GET.INDEX']
  add#obj: ['DS.SIZE', ['DS.INSERT.AT.INDEX', ['DS.SET.INDEX'], ['DS.LAST_INDEX_OF']], 'BOOL.CONST.True', 'BOOL.CONST.True']
Gen 225: Fitness=0.033104, Acc=0.888, Complexity=0.009
  indexOf#obj: ['DS.INDEX_OF']
  clear#0: ['DUP.ANY', 'DS.CLEAR', 'DS.CLEAR', 'DS.CLEAR', 'INT.CONST.1', 'INT.ADD', 'DS.CLEAR']
  isEmpty#0: ['DS.INSERT.AT.INDEX', 'INT.LT', 'BOOL.OR', 'DS.SIZE', 'BOOL.CONST.True', 'INT.CONST.1', ['INT.LT']]
  remove#obj: [['POP.ANY', 'DS.INDEX_OF', 'BOOL.CONST.True', 'INT.SUB'], 'INT.CONST.1', 'INT.EQ', 'DS.LAST_INDEX_OF', 'BOOL.CONST.False']
  add#int_obj: ['DS.INSERT.AT.INDEX']
  size#0: ['DS.SIZE', 'DS.SIZE']
  contains#obj: ['DS.INSERT.AT.INDEX', 'DS.INSERT.AT.INDEX', 'DS.INDEX_OF', 'BOOL.CONST.False', 'BOOL.CONST.False']
  lastIndexOf#obj: ['INT.SUB', ['DS.INDEX_OF'], ['DS.INDEX_OF'], 'INT.CONST.-1']
  get#int: [['DS.GET.INDEX']]
  set#int_obj: ['DS.GET.INDEX', 'DS.GET.INDEX']
  remove#int: ['DS.GET.INDEX']
  add#obj: ['DS.SIZE', ['DS.INSERT.AT.INDEX', ['DS.SET.INDEX'], ['DS.LAST_INDEX_OF']], 'BOOL.CONST.True', 'BOOL.CONST.True']
Gen 250: Fitness=0.028106, Acc=0.907, Complexity=0.009
  indexOf#obj: ['DS.INDEX_OF']
  clear#0: ['DUP.ANY', 'DS.CLEAR', 'DS.CLEAR', 'DS.CLEAR', 'INT.CONST.1', 'INT.ADD', 'DS.CLEAR']
  isEmpty#0: ['DS.INSERT.AT.INDEX', 'INT.LT', 'BOOL.OR', 'DS.SIZE', 'BOOL.CONST.True', 'INT.CONST.1', ['INT.LT']]
  remove#obj: ['BOOL.NOT', ['INT.CONST.1'], 'DS.LAST_INDEX_OF', 'BOOL.CONST.False']
  add#int_obj: ['DS.INSERT.AT.INDEX']
  size#0: ['DS.SIZE']
  contains#obj: ['ITE', 'BOOL.OR', 'DS.INDEX_OF', 'BOOL.CONST.False', 'BOOL.AND']
  lastIndexOf#obj: ['DS.GET.INDEX', 'DS.SET.INDEX', ['DS.INDEX_OF'], ['DS.INDEX_OF'], 'INT.CONST.-1']
  get#int: [['DS.GET.INDEX']]
  set#int_obj: ['DS.GET.INDEX', 'DUP.ANY', 'DS.GET.INDEX']
  remove#int: ['DS.GET.INDEX']
  add#obj: ['DS.SIZE', ['BOOL.AND', ['DS.INSERT.AT.INDEX'], ['DS.LAST_INDEX_OF']], 'DS.INDEX_OF', 'BOOL.CONST.True', 'BOOL.CONST.True']
Gen 275: Fitness=0.026682, Acc=0.907, Complexity=0.008
  indexOf#obj: ['DS.INDEX_OF', 'ITE']
  clear#0: ['DUP.ANY', 'DS.CLEAR', 'DS.CLEAR', 'INT.CONST.1', ['DS.SIZE'], ['BOOL.CONST.False']]
  isEmpty#0: [['DS.INDEX_OF'], 'BOOL.OR', 'DS.SIZE', 'INT.ADD', 'INT.CONST.1', ['INT.LT']]
  remove#obj: ['DS.LAST_INDEX_OF', 'DS.REMOVE.INDEX', 'BOOL.CONST.False']
  add#int_obj: ['DS.INSERT.AT.INDEX']
  size#0: ['DS.SIZE']
  contains#obj: ['ITE', 'BOOL.OR', 'DS.INDEX_OF', 'BOOL.CONST.False', 'BOOL.AND']
  lastIndexOf#obj: ['DS.GET.INDEX', 'DS.SET.INDEX', ['DS.INDEX_OF'], ['DS.INDEX_OF'], 'INT.CONST.-1']
  get#int: [['DS.GET.INDEX']]
  set#int_obj: ['DS.GET.INDEX', 'DUP.ANY', 'DS.GET.INDEX']
  remove#int: ['DS.GET.INDEX']
  add#obj: ['DS.SIZE', ['BOOL.AND', ['DS.INSERT.AT.INDEX'], ['DS.LAST_INDEX_OF']], 'DS.INDEX_OF', 'BOOL.CONST.True', 'BOOL.CONST.True']
Gen 300: Fitness=0.026094, Acc=0.909, Complexity=0.008
  indexOf#obj: ['DS.INDEX_OF']
  clear#0: ['BOOL.OR', 'DS.CLEAR', 'DS.CLEAR', 'POP.ANY', 'INT.CONST.1', 'INT.ADD', 'DS.CLEAR']
  isEmpty#0: [['INT.EQ'], 'INT.LT', 'DS.SIZE', ['DUP.ANY'], 'INT.CONST.1', ['INT.LT']]
  remove#obj: ['DS.LAST_INDEX_OF', ['DS.REMOVE.INDEX'], 'BOOL.CONST.False']
  add#int_obj: ['DS.INSERT.AT.INDEX']
  size#0: ['DS.SIZE']
  contains#obj: ['DS.LAST_INDEX_OF', 'BOOL.OR', 'BOOL.CONST.False', 'BOOL.AND']
  lastIndexOf#obj: ['DS.GET.INDEX', 'DS.SET.INDEX', ['DS.INDEX_OF'], ['DS.GET.INDEX'], 'INT.CONST.-1']
  get#int: ['BOOL.CONST.False', ['DS.GET.INDEX']]
  set#int_obj: ['DS.GET.INDEX', 'DUP.ANY', 'DS.GET.INDEX']
  remove#int: ['DS.GET.INDEX']
  add#obj: ['DS.SIZE', ['BOOL.AND', ['DS.INSERT.AT.INDEX'], ['DS.LAST_INDEX_OF']], 'BOOL.CONST.True', 'DS.INDEX_OF', 'BOOL.CONST.True']
Gen 325: Fitness=0.025599, Acc=0.910, Complexity=0.008
  indexOf#obj: ['DS.INDEX_OF']
  clear#0: ['DS.INSERT.AT.INDEX', 'INT.ADD', 'DS.CLEAR', 'INT.CONST.0']
  isEmpty#0: ['DS.INSERT.AT.INDEX', 'BOOL.OR', 'DS.SIZE', 'INT.ADD', 'INT.CONST.1', ['INT.LT']]
  remove#obj: ['DS.LAST_INDEX_OF', ['DS.REMOVE.INDEX'], 'BOOL.CONST.False']
  add#int_obj: ['DS.INSERT.AT.INDEX']
  size#0: ['DS.SIZE']
  contains#obj: ['DS.LAST_INDEX_OF', 'BOOL.OR', 'BOOL.CONST.False', 'BOOL.AND']
  lastIndexOf#obj: ['DS.GET.INDEX', 'DS.SET.INDEX', ['DS.INDEX_OF'], ['DS.GET.INDEX'], 'INT.CONST.-1']
  get#int: ['BOOL.CONST.False', ['DS.GET.INDEX']]
  set#int_obj: ['DS.GET.INDEX', 'DUP.ANY', 'DS.GET.INDEX']
  remove#int: ['BOOL.CONST.True', 'DS.GET.INDEX']
  add#obj: ['DS.SIZE', ['BOOL.AND', ['DS.INSERT.AT.INDEX'], ['DS.LAST_INDEX_OF']], 'INT.EQ', 'BOOL.CONST.True', 'BOOL.CONST.True', 'INT.SUB']
Gen 350: Fitness=0.025164, Acc=0.912, Complexity=0.008
  indexOf#obj: ['DS.INDEX_OF']
  clear#0: ['DS.INSERT.AT.INDEX', 'INT.ADD', 'DS.CLEAR']
  isEmpty#0: ['DS.INSERT.AT.INDEX', 'BOOL.OR', 'DS.SIZE', 'INT.ADD', 'INT.CONST.1', ['INT.LT']]
  remove#obj: ['DS.LAST_INDEX_OF', ['DS.REMOVE.INDEX'], 'BOOL.CONST.False']
  add#int_obj: ['DS.INSERT.AT.INDEX']
  size#0: ['DS.SIZE']
  contains#obj: ['DS.LAST_INDEX_OF', 'INT.EQ', 'BOOL.CONST.False', 'DS.GET.INDEX']
  lastIndexOf#obj: ['DS.GET.INDEX', 'DS.SET.INDEX', ['DS.INDEX_OF'], ['DS.GET.INDEX'], 'INT.CONST.-1']
  get#int: ['BOOL.CONST.False', ['DS.GET.INDEX']]
  set#int_obj: ['DS.GET.INDEX', 'DUP.ANY', 'DS.GET.INDEX']
  remove#int: ['BOOL.CONST.True', 'DS.GET.INDEX']
  add#obj: ['DS.SIZE', ['BOOL.AND', ['DS.INSERT.AT.INDEX'], ['DS.LAST_INDEX_OF']], 'BOOL.CONST.True', 'INT.EQ', 'BOOL.CONST.True', 'INT.SUB']
Gen 375: Fitness=0.024750, Acc=0.911, Complexity=0.008
  indexOf#obj: ['DS.INDEX_OF']
  clear#0: ['INT.ADD', 'DS.CLEAR', 'DS.CLEAR']
  isEmpty#0: ['DS.INSERT.AT.INDEX', 'INT.LT', 'DS.SIZE', 'INT.ADD', 'INT.CONST.1', ['INT.LT'], ['INT.LT']]
  remove#obj: ['DS.LAST_INDEX_OF', ['DS.REMOVE.INDEX'], 'BOOL.CONST.False']
  add#int_obj: ['DS.INSERT.AT.INDEX']
  size#0: ['DS.SIZE']
  contains#obj: ['DS.LAST_INDEX_OF', 'INT.EQ', 'BOOL.CONST.False', 'DS.GET.INDEX']
  lastIndexOf#obj: ['DS.INSERT.AT.INDEX', ['DS.INDEX_OF'], ['DS.GET.INDEX'], 'INT.CONST.-1']
  get#int: ['BOOL.CONST.False', ['DS.GET.INDEX']]
  set#int_obj: [['BOOL.CONST.False', 'DS.GET.INDEX'], 'DUP.ANY', 'DS.GET.INDEX']
  remove#int: ['DS.GET.INDEX']
  add#obj: ['DS.SIZE', ['BOOL.AND', ['DS.INSERT.AT.INDEX'], ['DS.LAST_INDEX_OF']], 'BOOL.CONST.False', 'BOOL.CONST.True', 'INT.SUB']
Gen 400: Fitness=0.024550, Acc=0.911, Complexity=0.007
  indexOf#obj: ['DS.INDEX_OF']
  clear#0: ['INT.ADD', 'DS.CLEAR']
  isEmpty#0: ['DS.INSERT.AT.INDEX', 'DS.SIZE', 'INT.SUB', 'INT.CONST.1', ['BOOL.CONST.True'], ['INT.LT']]
  remove#obj: ['DS.LAST_INDEX_OF', ['DS.REMOVE.INDEX'], 'BOOL.CONST.False']
  add#int_obj: ['DS.INSERT.AT.INDEX']
  size#0: ['DS.SIZE']
  contains#obj: ['DS.LAST_INDEX_OF', 'INT.EQ', 'BOOL.CONST.False', 'DS.GET.INDEX']
  lastIndexOf#obj: ['DS.INSERT.AT.INDEX', ['DS.INDEX_OF'], ['DS.GET.INDEX'], 'INT.CONST.-1']
  get#int: ['BOOL.CONST.False', ['DS.GET.INDEX']]
  set#int_obj: [['BOOL.CONST.False', 'DS.GET.INDEX'], 'DUP.ANY', 'DS.GET.INDEX']
  remove#int: ['DS.GET.INDEX']
  add#obj: ['DS.SIZE', ['BOOL.AND', ['DS.INSERT.AT.INDEX'], ['DS.LAST_INDEX_OF']], 'BOOL.CONST.False', 'BOOL.CONST.True', 'INT.SUB']
Gen 425: Fitness=0.024411, Acc=0.911, Complexity=0.007
  indexOf#obj: ['DS.INDEX_OF']
  clear#0: ['DS.SET.INDEX', 'DS.CLEAR']
  isEmpty#0: ['DS.INSERT.AT.INDEX', 'DS.SIZE', 'INT.SUB', 'INT.CONST.1', ['BOOL.CONST.True'], ['INT.LT']]
  remove#obj: ['DS.LAST_INDEX_OF', ['DS.REMOVE.INDEX'], 'BOOL.CONST.False']
  add#int_obj: ['DS.INSERT.AT.INDEX']
  size#0: ['DS.SIZE']
  contains#obj: ['DS.LAST_INDEX_OF', 'BOOL.CONST.False', 'DS.GET.INDEX']
  lastIndexOf#obj: ['DS.INSERT.AT.INDEX', ['DS.INDEX_OF'], 'INT.CONST.-1']
  get#int: ['BOOL.CONST.False', ['DS.GET.INDEX']]
  set#int_obj: [['BOOL.CONST.False', 'DS.GET.INDEX'], 'DUP.ANY', 'DS.GET.INDEX']
  remove#int: ['DS.GET.INDEX']
  add#obj: ['DS.SIZE', ['BOOL.AND', ['DS.INSERT.AT.INDEX'], ['DS.LAST_INDEX_OF']], 'BOOL.CONST.False', 'BOOL.CONST.True', 'INT.SUB']
Gen 450: Fitness=0.024111, Acc=0.911, Complexity=0.006
  indexOf#obj: ['DS.INDEX_OF']
  clear#0: ['DS.SET.INDEX', 'DS.CLEAR']
  isEmpty#0: ['DS.SIZE', 'INT.SUB', 'INT.CONST.1', ['INT.LT']]
  remove#obj: ['DS.LAST_INDEX_OF', ['DS.REMOVE.INDEX'], 'BOOL.CONST.False']
  add#int_obj: ['DS.INSERT.AT.INDEX']
  size#0: ['DS.SIZE']
  contains#obj: ['DS.LAST_INDEX_OF', 'BOOL.CONST.False', 'DS.GET.INDEX']
  lastIndexOf#obj: ['DS.INSERT.AT.INDEX', ['DS.INDEX_OF'], 'INT.CONST.-1']
  get#int: ['BOOL.CONST.False', ['DS.GET.INDEX']]
  set#int_obj: [['BOOL.CONST.False', 'DS.GET.INDEX'], 'DUP.ANY', 'DS.GET.INDEX']
  remove#int: ['DS.GET.INDEX']
  add#obj: ['DS.SIZE', ['BOOL.AND', ['DS.INSERT.AT.INDEX'], ['DS.LAST_INDEX_OF']], 'BOOL.CONST.False', 'BOOL.CONST.True']
Gen 475: Fitness=0.024016, Acc=0.911, Complexity=0.006
  indexOf#obj: ['DS.INDEX_OF']
  clear#0: ['DS.CLEAR', 'DS.SET.INDEX']
  isEmpty#0: ['DS.SIZE', 'INT.CONST.1', ['INT.LT']]
  remove#obj: ['DS.LAST_INDEX_OF', ['DS.REMOVE.INDEX'], 'BOOL.CONST.False']
  add#int_obj: ['DS.INSERT.AT.INDEX']
  size#0: ['DS.SIZE']
  contains#obj: ['DS.LAST_INDEX_OF', 'BOOL.CONST.False', 'DS.GET.INDEX']
  lastIndexOf#obj: [['DS.INDEX_OF'], 'INT.CONST.-1']
  get#int: ['BOOL.CONST.False', ['DS.GET.INDEX']]
  set#int_obj: [['BOOL.CONST.False', 'DS.GET.INDEX'], 'DUP.ANY', 'DS.GET.INDEX']
  remove#int: ['DS.GET.INDEX']
  add#obj: ['DS.SIZE', ['BOOL.AND', ['DS.INSERT.AT.INDEX'], ['DS.LAST_INDEX_OF']], 'BOOL.CONST.False', 'BOOL.CONST.True', 'INT.SUB']
Gen 500: Fitness=0.023860, Acc=0.912, Complexity=0.006
  indexOf#obj: ['DS.INDEX_OF']
  clear#0: ['DS.CLEAR']
  isEmpty#0: ['DS.SIZE', 'INT.SUB', 'INT.CONST.1', ['INT.LT']]
  remove#obj: ['DS.LAST_INDEX_OF', ['DS.REMOVE.INDEX'], 'BOOL.CONST.False']
  add#int_obj: ['DS.INSERT.AT.INDEX']
  size#0: ['DS.SIZE']
  contains#obj: ['DS.LAST_INDEX_OF', 'BOOL.CONST.False', 'DS.GET.INDEX']
  lastIndexOf#obj: ['POP.ANY', 'INT.CONST.1', 'INT.CONST.-1']
  get#int: ['BOOL.CONST.False', ['DS.GET.INDEX']]
  set#int_obj: [['BOOL.CONST.False', 'DS.GET.INDEX'], 'DUP.ANY', 'DS.GET.INDEX']
  remove#int: ['BOOL.CONST.True', 'DS.GET.INDEX']
  add#obj: ['DS.SIZE', ['BOOL.AND', ['DS.INSERT.AT.INDEX'], ['DS.LAST_INDEX_OF']], 'BOOL.CONST.False', 'BOOL.CONST.True', 'INT.SUB']
Gen 525: Fitness=0.023673, Acc=0.912, Complexity=0.006
  indexOf#obj: ['DS.INDEX_OF']
  clear#0: ['DS.CLEAR']
  isEmpty#0: ['DS.SIZE', 'INT.CONST.1', ['INT.LT']]
  remove#obj: ['DS.LAST_INDEX_OF', ['DS.REMOVE.INDEX'], 'BOOL.CONST.False']
  add#int_obj: ['DS.INSERT.AT.INDEX']
  size#0: ['DS.SIZE']
  contains#obj: ['DS.LAST_INDEX_OF', 'BOOL.CONST.False', 'DS.GET.INDEX']
  lastIndexOf#obj: ['POP.ANY', 'INT.CONST.-1']
  get#int: ['BOOL.CONST.False', ['DS.GET.INDEX']]
  set#int_obj: [['BOOL.CONST.False', 'DS.GET.INDEX'], 'DUP.ANY', 'DS.GET.INDEX']
  remove#int: ['BOOL.CONST.True', 'DS.GET.INDEX']
  add#obj: ['DS.SIZE', ['BOOL.AND', ['DS.INSERT.AT.INDEX'], ['DS.LAST_INDEX_OF']], 'BOOL.CONST.False', 'BOOL.CONST.True', 'INT.SUB']
Gen 550: Fitness=0.023616, Acc=0.913, Complexity=0.006
  indexOf#obj: ['DS.INDEX_OF']
  clear#0: ['DS.CLEAR']
  isEmpty#0: ['DS.SIZE', 'INT.CONST.1', ['INT.LT']]
  remove#obj: ['DS.LAST_INDEX_OF', ['DS.REMOVE.INDEX'], 'BOOL.CONST.False']
  add#int_obj: ['DS.INSERT.AT.INDEX', 'DS.INDEX_OF']
  size#0: ['DS.SIZE']
  contains#obj: ['DS.LAST_INDEX_OF', 'BOOL.CONST.False', 'DS.GET.INDEX']
  lastIndexOf#obj: ['POP.ANY', 'INT.CONST.-1']
  get#int: ['BOOL.CONST.False', ['DS.GET.INDEX']]
  set#int_obj: [['BOOL.CONST.False', 'DS.GET.INDEX'], 'DUP.ANY', 'DS.GET.INDEX']
  remove#int: ['BOOL.CONST.True', 'DS.GET.INDEX']
  add#obj: ['DS.SIZE', ['BOOL.AND', ['DS.INSERT.AT.INDEX'], ['DS.LAST_INDEX_OF']], 'BOOL.CONST.False', 'BOOL.CONST.True', 'INT.SUB']
Gen 575: Fitness=0.023616, Acc=0.913, Complexity=0.006
  indexOf#obj: ['DS.INDEX_OF']
  clear#0: ['DS.CLEAR']
  isEmpty#0: ['DS.SIZE', 'INT.CONST.1', ['INT.LT']]
  remove#obj: ['DS.LAST_INDEX_OF', ['DS.REMOVE.INDEX'], 'BOOL.CONST.False']
  add#int_obj: ['DS.INSERT.AT.INDEX', 'DS.INDEX_OF']
  size#0: ['DS.SIZE']
  contains#obj: ['DS.LAST_INDEX_OF', 'BOOL.CONST.False', 'DS.GET.INDEX']
  lastIndexOf#obj: ['POP.ANY', 'INT.CONST.-1']
  get#int: ['BOOL.CONST.False', ['DS.GET.INDEX']]
  set#int_obj: [['BOOL.CONST.False', 'DS.GET.INDEX'], 'DUP.ANY', 'DS.GET.INDEX']
  remove#int: ['BOOL.CONST.True', 'DS.GET.INDEX']
  add#obj: ['DS.SIZE', ['BOOL.AND', ['DS.INSERT.AT.INDEX'], ['DS.LAST_INDEX_OF']], 'BOOL.CONST.False', 'BOOL.CONST.True', 'INT.SUB']
Gen 600: Fitness=0.023616, Acc=0.913, Complexity=0.006
  indexOf#obj: ['DS.INDEX_OF']
  clear#0: ['DS.CLEAR']
  isEmpty#0: ['DS.SIZE', 'INT.CONST.1', ['INT.LT']]
  remove#obj: ['DS.LAST_INDEX_OF', ['DS.REMOVE.INDEX'], 'BOOL.CONST.False']
  add#int_obj: ['DS.INSERT.AT.INDEX', 'DS.INDEX_OF']
  size#0: ['DS.SIZE']
  contains#obj: ['DS.LAST_INDEX_OF', 'BOOL.CONST.False', 'DS.GET.INDEX']
  lastIndexOf#obj: ['POP.ANY', 'INT.CONST.-1']
  get#int: ['BOOL.CONST.False', ['DS.GET.INDEX']]
  set#int_obj: [['BOOL.CONST.False', 'DS.GET.INDEX'], 'DUP.ANY', 'DS.GET.INDEX']
  remove#int: ['BOOL.CONST.True', 'DS.GET.INDEX']
  add#obj: ['DS.SIZE', ['BOOL.AND', ['DS.INSERT.AT.INDEX'], ['DS.LAST_INDEX_OF']], 'BOOL.CONST.False', 'BOOL.CONST.True', 'INT.SUB']
Gen 625: Fitness=0.023616, Acc=0.913, Complexity=0.006
  indexOf#obj: ['DS.INDEX_OF']
  clear#0: ['DS.CLEAR']
  isEmpty#0: ['DS.SIZE', 'INT.CONST.1', ['INT.LT']]
  remove#obj: ['DS.LAST_INDEX_OF', ['DS.REMOVE.INDEX'], 'BOOL.CONST.False']
  add#int_obj: ['DS.INSERT.AT.INDEX', 'DS.INDEX_OF']
  size#0: ['DS.SIZE']
  contains#obj: ['DS.LAST_INDEX_OF', 'BOOL.CONST.False', 'DS.GET.INDEX']
  lastIndexOf#obj: ['POP.ANY', 'INT.CONST.-1']
  get#int: ['BOOL.CONST.False', ['DS.GET.INDEX']]
  set#int_obj: [['BOOL.CONST.False', 'DS.GET.INDEX'], 'DUP.ANY', 'DS.GET.INDEX']
  remove#int: ['BOOL.CONST.True', 'DS.GET.INDEX']
  add#obj: ['DS.SIZE', ['BOOL.AND', ['DS.INSERT.AT.INDEX'], ['DS.LAST_INDEX_OF']], 'BOOL.CONST.False', 'BOOL.CONST.True', 'INT.SUB']
Gen 650: Fitness=0.023416, Acc=0.913, Complexity=0.006
  indexOf#obj: ['DS.INDEX_OF']
  clear#0: ['DS.CLEAR']
  isEmpty#0: ['DS.SIZE', 'INT.CONST.1', ['INT.LT']]
  remove#obj: ['DS.LAST_INDEX_OF', ['DS.REMOVE.INDEX'], 'BOOL.CONST.False']
  add#int_obj: ['DS.INSERT.AT.INDEX', 'DS.INDEX_OF']
  size#0: [['DS.SIZE']]
  contains#obj: ['DS.LAST_INDEX_OF', 'BOOL.CONST.False', 'DS.GET.INDEX']
  lastIndexOf#obj: ['POP.ANY', 'INT.CONST.-1']
  get#int: ['BOOL.CONST.False', ['DS.GET.INDEX']]
  set#int_obj: [['BOOL.CONST.False', 'DS.GET.INDEX'], 'DUP.ANY', 'DS.GET.INDEX']
  remove#int: ['BOOL.CONST.True', 'DS.GET.INDEX']
  add#obj: ['DS.SIZE', 'DS.INSERT.AT.INDEX', 'BOOL.CONST.False', 'BOOL.CONST.True', 'INT.SUB']
Gen 675: Fitness=0.023416, Acc=0.913, Complexity=0.006
  indexOf#obj: ['DS.INDEX_OF']
  clear#0: ['DS.CLEAR']
  isEmpty#0: ['DS.SIZE', 'INT.CONST.1', ['INT.LT']]
  remove#obj: ['DS.LAST_INDEX_OF', ['DS.REMOVE.INDEX'], 'BOOL.CONST.False']
  add#int_obj: ['DS.INSERT.AT.INDEX', 'DS.INDEX_OF']
  size#0: [['DS.SIZE']]
  contains#obj: ['DS.LAST_INDEX_OF', 'BOOL.CONST.False', 'DS.GET.INDEX']
  lastIndexOf#obj: ['POP.ANY', 'INT.CONST.-1']
  get#int: ['BOOL.CONST.False', ['DS.GET.INDEX']]
  set#int_obj: [['BOOL.CONST.False', 'DS.GET.INDEX'], 'DUP.ANY', 'DS.GET.INDEX']
  remove#int: ['BOOL.CONST.True', 'DS.GET.INDEX']
  add#obj: ['DS.SIZE', 'DS.INSERT.AT.INDEX', 'BOOL.CONST.False', 'BOOL.CONST.True', 'INT.SUB']
Gen 700: Fitness=0.023416, Acc=0.913, Complexity=0.006
  indexOf#obj: ['DS.INDEX_OF']
  clear#0: ['DS.CLEAR']
  isEmpty#0: ['DS.SIZE', 'INT.CONST.1', ['INT.LT']]
  remove#obj: ['DS.LAST_INDEX_OF', ['DS.REMOVE.INDEX'], 'BOOL.CONST.False']
  add#int_obj: ['DS.INSERT.AT.INDEX', 'DS.INDEX_OF']
  size#0: [['DS.SIZE']]
  contains#obj: ['DS.LAST_INDEX_OF', 'BOOL.CONST.False', 'DS.GET.INDEX']
  lastIndexOf#obj: ['POP.ANY', 'INT.CONST.-1']
  get#int: ['BOOL.CONST.False', ['DS.GET.INDEX']]
  set#int_obj: [['BOOL.CONST.False', 'DS.GET.INDEX'], 'DUP.ANY', 'DS.GET.INDEX']
  remove#int: ['BOOL.CONST.True', 'DS.GET.INDEX']
  add#obj: ['DS.SIZE', 'DS.INSERT.AT.INDEX', 'BOOL.CONST.False', 'BOOL.CONST.True', 'INT.SUB']
Gen 725: Fitness=0.021785, Acc=0.922, Complexity=0.006
  indexOf#obj: ['DS.INDEX_OF']
  clear#0: ['DS.CLEAR', 'DS.INDEX_OF']
  isEmpty#0: ['DS.SIZE', 'INT.CONST.1', ['INT.LT']]
  remove#obj: ['DS.LAST_INDEX_OF', ['DS.REMOVE.INDEX'], 'BOOL.CONST.False']
  add#int_obj: ['DS.INSERT.AT.INDEX', 'DUP.ANY']
  size#0: ['ITE', ['DS.SIZE']]
  contains#obj: ['DS.LAST_INDEX_OF', 'BOOL.CONST.False', 'DS.GET.INDEX']
  lastIndexOf#obj: ['POP.ANY', 'INT.CONST.-1']
  get#int: ['BOOL.CONST.False', ['DS.GET.INDEX']]
  set#int_obj: [['BOOL.CONST.False', 'DS.GET.INDEX'], 'DUP.ANY', 'DS.GET.INDEX']
  remove#int: ['DS.GET.INDEX', 'INT.CONST.1', ['DS.REMOVE.INDEX']]
  add#obj: ['DS.SIZE', 'DS.INSERT.AT.INDEX', 'BOOL.CONST.False', 'BOOL.CONST.True', 'INT.SUB']
Gen 750: Fitness=0.019770, Acc=0.934, Complexity=0.006
  indexOf#obj: ['DS.INDEX_OF']
  clear#0: ['DS.CLEAR']
  isEmpty#0: ['DS.SIZE', 'INT.CONST.1', ['INT.LT']]
  remove#obj: ['DS.LAST_INDEX_OF', 'BOOL.CONST.False']
  add#int_obj: ['DS.INSERT.AT.INDEX', 'DUP.ANY']
  size#0: ['ITE', ['DS.SIZE']]
  contains#obj: ['DS.LAST_INDEX_OF', 'BOOL.CONST.False', 'DS.GET.INDEX']
  lastIndexOf#obj: ['POP.ANY', 'INT.CONST.-1']
  get#int: ['BOOL.CONST.False', ['DS.GET.INDEX']]
  set#int_obj: [['BOOL.CONST.False', 'DS.GET.INDEX'], 'DUP.ANY', 'DS.GET.INDEX']
  remove#int: ['DS.GET.INDEX', 'INT.CONST.0', ['DS.REMOVE.INDEX']]
  add#obj: ['DS.SIZE', 'DS.INSERT.AT.INDEX', 'BOOL.CONST.False', 'INT.SUB', 'BOOL.CONST.True']
Gen 775: Fitness=0.019081, Acc=0.934, Complexity=0.006
  indexOf#obj: ['DS.INDEX_OF']
  clear#0: ['DS.CLEAR']
  isEmpty#0: ['DS.SIZE', 'INT.CONST.1', ['INT.LT']]
  remove#obj: ['DS.LAST_INDEX_OF', 'DS.REMOVE.INDEX', 'BOOL.CONST.False']
  add#int_obj: ['DS.INSERT.AT.INDEX']
  size#0: ['ITE', ['DS.SIZE']]
  contains#obj: ['DS.LAST_INDEX_OF', 'BOOL.CONST.False', 'DS.GET.INDEX']
  lastIndexOf#obj: ['POP.ANY', 'INT.CONST.-1']
  get#int: ['BOOL.CONST.False', ['DS.GET.INDEX']]
  set#int_obj: [['BOOL.CONST.False', 'DS.GET.INDEX'], 'DUP.ANY', 'DS.GET.INDEX']
  remove#int: ['DS.GET.INDEX', 'INT.CONST.0', ['DS.REMOVE.INDEX']]
  add#obj: ['DS.SIZE', 'DS.INSERT.AT.INDEX', 'BOOL.CONST.False', 'INT.SUB', 'BOOL.CONST.True']
Gen 800: Fitness=0.018691, Acc=0.936, Complexity=0.006
  indexOf#obj: ['DS.INDEX_OF']
  clear#0: ['DS.CLEAR']
  isEmpty#0: ['DS.SIZE', 'INT.CONST.1', ['INT.LT']]
  remove#obj: ['DS.LAST_INDEX_OF', 'BOOL.CONST.False', 'DS.REMOVE.INDEX']
  add#int_obj: ['DS.INSERT.AT.INDEX', 'DS.LAST_INDEX_OF']
  size#0: [['DS.SIZE']]
  contains#obj: ['DS.LAST_INDEX_OF', 'BOOL.CONST.False', 'DS.GET.INDEX']
  lastIndexOf#obj: ['POP.ANY', 'INT.CONST.-1']
  get#int: ['BOOL.CONST.False', ['DS.GET.INDEX']]
  set#int_obj: [['BOOL.CONST.False', 'DS.GET.INDEX'], 'DUP.ANY', 'DS.GET.INDEX']
  remove#int: ['DS.GET.INDEX', 'INT.CONST.0', ['DS.REMOVE.INDEX']]
  add#obj: ['DS.SIZE', 'DS.INSERT.AT.INDEX', 'BOOL.CONST.False', 'INT.SUB', 'BOOL.CONST.True']
Gen 825: Fitness=0.018591, Acc=0.936, Complexity=0.006
  indexOf#obj: ['DS.INDEX_OF']
  clear#0: ['DS.CLEAR']
  isEmpty#0: ['DS.SIZE', 'INT.CONST.1', ['INT.LT']]
  remove#obj: ['DS.LAST_INDEX_OF', 'BOOL.CONST.False', 'DS.REMOVE.INDEX']
  add#int_obj: ['DS.INSERT.AT.INDEX', 'DS.LAST_INDEX_OF']
  size#0: [['DS.SIZE']]
  contains#obj: ['DS.LAST_INDEX_OF', 'BOOL.CONST.False', 'DS.GET.INDEX']
  lastIndexOf#obj: ['POP.ANY', 'INT.CONST.-1']
  get#int: ['BOOL.CONST.False', ['DS.GET.INDEX']]
  set#int_obj: [['BOOL.CONST.False', 'DS.GET.INDEX'], 'DUP.ANY', 'DS.GET.INDEX']
  remove#int: ['DS.GET.INDEX', 'INT.CONST.0', ['DS.REMOVE.INDEX']]
  add#obj: ['DS.SIZE', 'DS.INSERT.AT.INDEX', 'BOOL.CONST.False', 'BOOL.CONST.True']
Gen 850: Fitness=0.018591, Acc=0.936, Complexity=0.006
  indexOf#obj: ['DS.INDEX_OF']
  clear#0: ['DS.CLEAR']
  isEmpty#0: ['DS.SIZE', 'INT.CONST.1', ['INT.LT']]
  remove#obj: ['DS.LAST_INDEX_OF', 'BOOL.CONST.False', 'DS.REMOVE.INDEX']
  add#int_obj: ['DS.INSERT.AT.INDEX', 'DS.LAST_INDEX_OF']
  size#0: [['DS.SIZE']]
  contains#obj: ['DS.LAST_INDEX_OF', 'BOOL.CONST.False', 'DS.GET.INDEX']
  lastIndexOf#obj: ['POP.ANY', 'INT.CONST.-1']
  get#int: ['BOOL.CONST.False', ['DS.GET.INDEX']]
  set#int_obj: [['BOOL.CONST.False', 'DS.GET.INDEX'], 'DUP.ANY', 'DS.GET.INDEX']
  remove#int: ['DS.GET.INDEX', 'INT.CONST.0', ['DS.REMOVE.INDEX']]
  add#obj: ['DS.SIZE', 'DS.INSERT.AT.INDEX', 'BOOL.CONST.False', 'BOOL.CONST.True']
Gen 875: Fitness=0.018591, Acc=0.936, Complexity=0.006
  indexOf#obj: ['DS.INDEX_OF']
  clear#0: ['DS.CLEAR']
  isEmpty#0: ['DS.SIZE', 'INT.CONST.1', ['INT.LT']]
  remove#obj: ['DS.LAST_INDEX_OF', 'BOOL.CONST.False', 'DS.REMOVE.INDEX']
  add#int_obj: ['DS.INSERT.AT.INDEX', 'DS.LAST_INDEX_OF']
  size#0: [['DS.SIZE']]
  contains#obj: ['DS.LAST_INDEX_OF', 'BOOL.CONST.False', 'DS.GET.INDEX']
  lastIndexOf#obj: ['POP.ANY', 'INT.CONST.-1']
  get#int: ['BOOL.CONST.False', ['DS.GET.INDEX']]
  set#int_obj: [['BOOL.CONST.False', 'DS.GET.INDEX'], 'DUP.ANY', 'DS.GET.INDEX']
  remove#int: ['DS.GET.INDEX', 'INT.CONST.0', ['DS.REMOVE.INDEX']]
  add#obj: ['DS.SIZE', 'DS.INSERT.AT.INDEX', 'BOOL.CONST.False', 'BOOL.CONST.True']
Gen 900: Fitness=0.018591, Acc=0.936, Complexity=0.006
  indexOf#obj: ['DS.INDEX_OF']
  clear#0: ['DS.CLEAR']
  isEmpty#0: ['DS.SIZE', 'INT.CONST.1', ['INT.LT']]
  remove#obj: ['DS.LAST_INDEX_OF', 'BOOL.CONST.False', 'DS.REMOVE.INDEX']
  add#int_obj: ['DS.INSERT.AT.INDEX', 'DS.LAST_INDEX_OF']
  size#0: [['DS.SIZE']]
  contains#obj: ['DS.LAST_INDEX_OF', 'BOOL.CONST.False', 'DS.GET.INDEX']
  lastIndexOf#obj: ['POP.ANY', 'INT.CONST.-1']
  get#int: ['BOOL.CONST.False', ['DS.GET.INDEX']]
  set#int_obj: [['BOOL.CONST.False', 'DS.GET.INDEX'], 'DUP.ANY', 'DS.GET.INDEX']
  remove#int: ['DS.GET.INDEX', 'INT.CONST.0', ['DS.REMOVE.INDEX']]
  add#obj: ['DS.SIZE', 'DS.INSERT.AT.INDEX', 'BOOL.CONST.False', 'BOOL.CONST.True']
Stopping after 100 gens without improvement
Evolution completed in 1851.54 seconds
PushGP genome saved to: genomes/public_class_java_util_ArrayList_E__run3.json
Best genome saved to genomes/public_class_java_util_ArrayList_E__run3.json
