Loading training data from ../Training-Data-Generation/symbolic-regression-data/training/public_class_java_util_ArrayList_E_.json
Max samples per file: 10000
------------------------------------------------------------
Loading public_class_java_util_ArrayList_E_.json... (1000 samples)
------------------------------------------------------------
Loaded 1000 total samples from 1 files
Learning PushGP programs for 12 methods: ['size#0', 'get#int', 'contains#obj', 'add#int_obj', 'remove#obj', 'indexOf#obj', 'remove#int', 'set#int_obj', 'isEmpty#0', 'clear#0', 'lastIndexOf#obj', 'add#obj']
Gen 0: Fitness=0.377787, Acc=0.205, Complexity=0.006
  size#0: ['INT.ADD']
  get#int: ['DS.REMOVE.INDEX']
  contains#obj: ['BOOL.CONST.False']
  add#int_obj: ['DS.REMOVE.INDEX']
  remove#obj: ['POP.ANY']
  indexOf#obj: ['INT.ADD', 'DS.INDEX_OF', 'BOOL.CONST.True', 'DS.LAST_INDEX_OF']
  remove#int: ['BOOL.AND']
  set#int_obj: ['DS.REMOVE.INDEX']
  isEmpty#0: ['INT.CONST.-1', 'DS.SET.INDEX', ['POP.ANY', ['INT.CONST.0'], 'INT.CONST.-1', 'BOOL.CONST.True'], 'INT.EQ']
  clear#0: ['INT.EQ']
  lastIndexOf#obj: ['DS.INSERT.AT.INDEX', ['DS.GET.INDEX', 'INT.CONST.0', 'INT.CONST.1'], 'DS.SET.INDEX', 'POP.ANY']
  add#obj: [['BOOL.CONST.False'], ['INT.CONST.-1'], 'BOOL.CONST.True', 'BOOL.CONST.True']
Gen 25: Fitness=0.166314, Acc=0.573, Complexity=0.009
  contains#obj: ['DS.SIZE', 'ITE', 'BOOL.CONST.False']
  add#int_obj: [['DS.GET.INDEX'], 'DS.INDEX_OF', 'INT.CONST.-1', 'DS.SIZE']
  remove#obj: ['INT.CONST.1', 'BOOL.CONST.False', 'INT.EQ']
  isEmpty#0: [[['BOOL.NOT']], 'DS.SIZE', ['ITE', ['INT.ADD']], 'DS.LAST_INDEX_OF', 'BOOL.CONST.True']
  lastIndexOf#obj: [['DS.INDEX_OF']]
  size#0: ['DS.SIZE', 'INT.ADD']
  get#int: [['DS.SET.INDEX'], ['BOOL.CONST.True'], 'DS.SIZE', ['DS.SIZE'], 'DS.LAST_INDEX_OF']
  indexOf#obj: ['INT.LT', 'DUP.ANY', 'DS.LAST_INDEX_OF']
  remove#int: ['DS.GET.INDEX', 'DS.CLEAR', ['INT.LT'], 'DS.REMOVE.INDEX', ['BOOL.CONST.True'], [['DS.CLEAR']]]
  set#int_obj: ['DS.SET.INDEX', 'DS.SET.INDEX']
  clear#0: [['INT.LT'], ['DS.SET.INDEX'], 'BOOL.CONST.True']
  add#obj: ['DS.CLEAR', 'BOOL.OR', ['BOOL.OR', 'DS.INDEX_OF', 'BOOL.CONST.True', ['INT.CONST.-1']]]
Gen 50: Fitness=0.159274, Acc=0.584, Complexity=0.012
  contains#obj: ['DS.SIZE', ['BOOL.OR'], 'BOOL.CONST.False']
  add#int_obj: ['DS.INSERT.AT.INDEX', 'INT.CONST.-1']
  remove#obj: ['DS.INDEX_OF', 'ITE', 'BOOL.CONST.False', 'INT.CONST.0', 'BOOL.CONST.False', 'INT.CONST.0']
  isEmpty#0: ['DS.INDEX_OF', 'DS.INSERT.AT.INDEX', ['ITE', 'INT.CONST.1'], 'BOOL.CONST.True']
  lastIndexOf#obj: ['POP.ANY', 'POP.ANY', 'INT.CONST.-1', 'POP.ANY', 'BOOL.NOT', 'INT.CONST.0', 'DS.LAST_INDEX_OF']
  size#0: ['DS.SIZE']
  get#int: ['BOOL.CONST.False', 'INT.SUB', 'DS.GET.INDEX', 'BOOL.NOT', 'INT.EQ', [[['BOOL.NOT', 'DS.SIZE', [['INT.ADD'], ['DS.INDEX_OF']], 'INT.EQ']]], ['DS.SIZE', ['DS.SET.INDEX']]]
  indexOf#obj: ['INT.LT', 'BOOL.NOT', 'DUP.ANY', 'DS.LAST_INDEX_OF']
  remove#int: ['DS.GET.INDEX', ['DS.CLEAR'], 'INT.SUB', 'ITE', ['BOOL.CONST.True'], [['DS.REMOVE.INDEX']]]
  set#int_obj: ['DS.SET.INDEX', ['INT.CONST.0'], 'DS.CLEAR', 'BOOL.CONST.True', 'DS.SIZE']
  clear#0: [['INT.LT'], 'BOOL.AND', ['INT.LT']]
  add#obj: ['DS.CLEAR', ['INT.SUB'], ['BOOL.OR', 'DS.INDEX_OF', 'BOOL.CONST.True', ['INT.CONST.-1']]]
Gen 75: Fitness=0.125739, Acc=0.663, Complexity=0.016
  contains#obj: ['INT.ADD', 'DS.INSERT.AT.INDEX', 'BOOL.CONST.False']
  add#int_obj: [['DS.GET.INDEX'], 'INT.LT', 'DS.INDEX_OF', 'ITE', 'DS.GET.INDEX', 'INT.CONST.0', 'DS.INDEX_OF']
  remove#obj: [['BOOL.CONST.False'], 'DS.GET.INDEX', 'BOOL.CONST.False', 'DS.INDEX_OF']
  isEmpty#0: ['BOOL.CONST.True', 'DS.LAST_INDEX_OF', ['BOOL.CONST.True', 'DS.SIZE'], 'BOOL.CONST.False', 'DS.GET.INDEX', 'BOOL.CONST.True']
  lastIndexOf#obj: [['BOOL.CONST.False'], 'ITE', 'POP.ANY', ['INT.LT'], 'INT.CONST.-1']
  size#0: ['DS.GET.INDEX', 'BOOL.CONST.True', 'POP.ANY', 'DS.SIZE']
  get#int: ['DS.GET.INDEX', 'INT.EQ', 'INT.CONST.0']
  indexOf#obj: ['POP.ANY', 'BOOL.NOT', 'DS.REMOVE.INDEX', 'INT.CONST.-1', 'DS.LAST_INDEX_OF', 'INT.SUB']
  remove#int: ['DS.GET.INDEX', 'DS.CLEAR', 'INT.ADD', 'ITE', ['DUP.ANY'], ['BOOL.CONST.True'], [['DS.CLEAR']], 'BOOL.CONST.True', 'DS.REMOVE.INDEX', ['DS.CLEAR'], 'INT.SUB', 'ITE', ['BOOL.CONST.True'], ['BOOL.CONST.True'], [['DS.CLEAR']], 'INT.ADD', 'DS.REMOVE.INDEX', ['DS.CLEAR'], ['DS.CLEAR']]
  set#int_obj: ['INT.ADD', ['DS.REMOVE.INDEX', 'INT.EQ', 'BOOL.OR'], ['BOOL.OR'], 'POP.ANY', 'INT.CONST.0', 'BOOL.CONST.True', 'POP.ANY']
  clear#0: ['DS.CLEAR', 'INT.CONST.1', 'BOOL.OR', 'INT.CONST.0']
  add#obj: [['INT.ADD'], 'DS.REMOVE.INDEX', 'DS.REMOVE.INDEX', 'DS.SIZE', [['INT.LT', 'DS.INSERT.AT.INDEX', 'DS.LAST_INDEX_OF'], 'DS.LAST_INDEX_OF', 'BOOL.CONST.True', ['INT.LT']]]
Gen 100: Fitness=0.110033, Acc=0.697, Complexity=0.015
  contains#obj: ['POP.ANY', 'INT.SUB', 'BOOL.CONST.False']
  add#int_obj: [['DS.INSERT.AT.INDEX'], 'INT.CONST.1', [['DS.SET.INDEX', 'BOOL.NOT', ['BOOL.AND'], 'INT.CONST.0']], 'POP.ANY', 'INT.CONST.1', 'INT.EQ']
  remove#obj: [['BOOL.CONST.False'], 'DS.GET.INDEX', ['INT.CONST.1']]
  isEmpty#0: ['DS.LAST_INDEX_OF', 'INT.EQ', ['BOOL.CONST.True', 'DS.SIZE'], ['BOOL.CONST.True', 'DS.SIZE'], 'BOOL.NOT', 'DS.SET.INDEX', 'BOOL.CONST.True']
  lastIndexOf#obj: ['BOOL.NOT', 'INT.CONST.-1', 'DS.INDEX_OF', 'BOOL.CONST.True', 'INT.ADD', 'DS.LAST_INDEX_OF']
  size#0: ['INT.SUB', 'DS.SIZE', 'POP.ANY', 'DS.SIZE']
  get#int: ['DS.GET.INDEX']
  indexOf#obj: ['ITE', ['DS.GET.INDEX'], 'BOOL.AND', 'BOOL.CONST.False', 'DUP.ANY', 'INT.CONST.-1', 'INT.LT']
  remove#int: ['DS.GET.INDEX', 'DS.CLEAR', 'INT.ADD', 'ITE', ['DUP.ANY'], ['BOOL.CONST.True'], [['DS.CLEAR']], 'ITE', ['DUP.ANY'], ['BOOL.CONST.True'], [['DS.CLEAR']], 'BOOL.CONST.True', 'DS.REMOVE.INDEX', ['DS.CLEAR'], ['DS.CLEAR']]
  set#int_obj: ['BOOL.AND', 'DS.GET.INDEX']
  clear#0: ['DS.CLEAR', 'INT.EQ', 'INT.CONST.1', 'BOOL.AND']
  add#obj: [['INT.ADD'], ['INT.ADD'], 'DS.REMOVE.INDEX', 'DS.SIZE', [['INT.LT', 'DS.INSERT.AT.INDEX', 'DS.LAST_INDEX_OF'], 'DS.LAST_INDEX_OF', 'BOOL.CONST.True', ['INT.LT']]]
Gen 125: Fitness=0.084997, Acc=0.777, Complexity=0.015
  contains#obj: ['POP.ANY', 'INT.SUB', 'INT.LT', 'BOOL.CONST.False']
  add#int_obj: [['DS.INSERT.AT.INDEX'], 'POP.ANY', [['DS.LAST_INDEX_OF']], 'INT.CONST.1', [['INT.CONST.0', 'BOOL.CONST.False']], 'INT.CONST.0']
  remove#obj: [[[['DS.LAST_INDEX_OF']]], 'DS.INDEX_OF', 'BOOL.CONST.False', 'DS.INDEX_OF']
  isEmpty#0: ['INT.ADD', 'INT.CONST.0', [['DS.GET.INDEX'], 'DS.SIZE'], 'INT.LT', 'DS.SIZE', 'DS.CLEAR', 'BOOL.CONST.True']
  lastIndexOf#obj: ['INT.CONST.-1', 'INT.CONST.-1', 'DS.LAST_INDEX_OF']
  size#0: ['DS.SET.INDEX', 'BOOL.OR', 'DS.SIZE']
  get#int: ['DS.GET.INDEX', 'DS.SIZE', 'DS.GET.INDEX']
  indexOf#obj: [['DS.REMOVE.INDEX'], ['BOOL.CONST.False'], 'ITE', 'DUP.ANY', 'INT.CONST.-1']
  remove#int: ['DS.GET.INDEX', 'DS.CLEAR', 'INT.ADD', 'ITE', ['DUP.ANY'], ['BOOL.CONST.True'], [['DS.CLEAR']], 'ITE', ['DUP.ANY'], ['BOOL.CONST.True'], [['DS.CLEAR']], 'BOOL.CONST.True', 'DS.REMOVE.INDEX', ['DS.CLEAR'], ['DS.CLEAR']]
  set#int_obj: ['BOOL.AND', 'DS.GET.INDEX']
  clear#0: ['DS.CLEAR', 'DS.LAST_INDEX_OF', 'INT.CONST.1', 'BOOL.AND', 'ITE']
  add#obj: [['INT.ADD'], ['DUP.ANY'], ['BOOL.AND'], 'DS.REMOVE.INDEX', 'DS.SIZE', [[[['DS.INSERT.AT.INDEX'], 'DS.GET.INDEX', 'DS.REMOVE.INDEX', 'BOOL.OR'], 'DS.INSERT.AT.INDEX', 'BOOL.AND'], 'DS.LAST_INDEX_OF', 'BOOL.CONST.True', ['INT.LT']]]
Gen 150: Fitness=0.071887, Acc=0.779, Complexity=0.016
  contains#obj: ['POP.ANY', 'INT.SUB', 'INT.LT', 'BOOL.CONST.False']
  add#int_obj: [['BOOL.CONST.False'], 'DS.INSERT.AT.INDEX', 'DS.GET.INDEX', 'BOOL.AND', 'INT.CONST.0', 'BOOL.NOT']
  remove#obj: [[[['DS.LAST_INDEX_OF']]], 'DUP.ANY', 'BOOL.CONST.False', 'DS.INDEX_OF']
  isEmpty#0: [['BOOL.CONST.False', ['INT.CONST.-1'], 'DUP.ANY'], 'INT.EQ', [['DS.GET.INDEX'], 'INT.CONST.0'], [['DS.GET.INDEX', 'INT.LT'], 'INT.SUB'], 'DS.SIZE', 'INT.SUB', 'DS.INDEX_OF']
  lastIndexOf#obj: ['INT.CONST.-1', 'DS.SIZE', 'DS.INDEX_OF']
  size#0: ['ITE', 'DS.SIZE']
  get#int: ['DS.GET.INDEX', 'INT.CONST.1', 'DS.GET.INDEX']
  indexOf#obj: [[[['INT.LT'], 'DS.LAST_INDEX_OF']], ['ITE'], 'BOOL.NOT', 'DUP.ANY', 'DUP.ANY', 'INT.CONST.-1']
  remove#int: ['DS.GET.INDEX', 'DS.CLEAR', 'INT.ADD', 'ITE', ['DUP.ANY'], ['BOOL.CONST.True'], [['DS.CLEAR']], 'ITE', ['DUP.ANY'], ['BOOL.CONST.True'], [['DS.CLEAR']], 'BOOL.CONST.True', 'DS.REMOVE.INDEX', ['DS.CLEAR'], ['DS.CLEAR']]
  set#int_obj: ['BOOL.AND', 'DS.GET.INDEX']
  clear#0: ['INT.EQ', [['DS.CLEAR'], 'BOOL.CONST.False', 'INT.ADD', 'BOOL.CONST.False'], 'DS.CLEAR', 'INT.LT', 'ITE']
  add#obj: [['INT.ADD'], ['DUP.ANY'], ['BOOL.AND'], 'DS.REMOVE.INDEX', 'DS.SIZE', [[[['DS.INSERT.AT.INDEX'], 'DS.GET.INDEX', 'DS.REMOVE.INDEX', 'BOOL.OR'], 'DS.INSERT.AT.INDEX', 'BOOL.AND'], 'DS.LAST_INDEX_OF', 'BOOL.CONST.True', ['INT.LT']]]
Gen 175: Fitness=0.067432, Acc=0.793, Complexity=0.015
  contains#obj: ['POP.ANY', 'DS.REMOVE.INDEX', 'INT.SUB', 'INT.LT', 'BOOL.CONST.False']
  add#int_obj: [[['DS.INSERT.AT.INDEX']], ['DS.SIZE'], 'DS.SET.INDEX', 'INT.CONST.1', 'INT.EQ', 'DS.LAST_INDEX_OF']
  remove#obj: [[[['DS.LAST_INDEX_OF']]], 'DUP.ANY', 'BOOL.CONST.False', ['BOOL.CONST.False']]
  isEmpty#0: [['BOOL.CONST.False', ['INT.CONST.-1'], 'DUP.ANY'], 'INT.EQ', [['DS.GET.INDEX'], 'INT.CONST.0'], [['DS.GET.INDEX', 'INT.LT'], 'INT.SUB'], 'DS.SIZE', 'INT.SUB', 'DS.INDEX_OF']
  lastIndexOf#obj: ['INT.CONST.-1', 'INT.CONST.-1', 'BOOL.CONST.True', 'DS.INDEX_OF', 'DS.GET.INDEX']
  size#0: ['BOOL.AND', 'DS.SIZE', 'DS.SIZE']
  get#int: ['BOOL.OR', 'DS.GET.INDEX']
  indexOf#obj: ['POP.ANY', 'BOOL.NOT', 'DS.REMOVE.INDEX', 'DS.INSERT.AT.INDEX', 'INT.CONST.-1']
  remove#int: ['DS.GET.INDEX', 'DS.CLEAR', 'INT.ADD', 'ITE', ['DUP.ANY'], ['BOOL.CONST.True'], [['DS.CLEAR']], 'ITE', ['DUP.ANY'], ['BOOL.CONST.True'], [['DS.CLEAR']], 'BOOL.CONST.True', ['DS.CLEAR']]
  set#int_obj: ['DS.GET.INDEX']
  clear#0: ['DS.CLEAR', [['DS.CLEAR'], 'BOOL.CONST.False', 'INT.ADD', 'BOOL.CONST.False'], 'BOOL.OR']
  add#obj: [['INT.ADD'], ['DUP.ANY'], 'DS.REMOVE.INDEX', 'DS.SIZE', [[[['DS.INSERT.AT.INDEX'], 'DS.GET.INDEX', 'DS.REMOVE.INDEX', 'BOOL.OR'], 'DS.INSERT.AT.INDEX', 'BOOL.AND'], 'DS.LAST_INDEX_OF', 'BOOL.CONST.True', ['INT.LT']]]
Gen 200: Fitness=0.044533, Acc=0.855, Complexity=0.012
  contains#obj: ['POP.ANY', ['BOOL.NOT', 'INT.EQ', ['DS.INDEX_OF', 'BOOL.CONST.False'], 'INT.CONST.1'], 'INT.LT', ['POP.ANY'], ['DS.REMOVE.INDEX'], 'BOOL.CONST.False', 'BOOL.CONST.False', 'INT.CONST.-1']
  add#int_obj: [['DS.INSERT.AT.INDEX'], ['DS.INSERT.AT.INDEX'], 'DS.GET.INDEX']
  remove#obj: [['DS.INDEX_OF'], 'BOOL.CONST.False', 'INT.CONST.-1', 'DS.INDEX_OF']
  isEmpty#0: [['BOOL.CONST.False', ['INT.CONST.-1'], 'DUP.ANY'], 'INT.ADD', [[['INT.CONST.-1']], 'INT.CONST.0'], 'INT.CONST.0', 'DS.SIZE', 'INT.EQ', 'BOOL.OR']
  lastIndexOf#obj: ['DS.LAST_INDEX_OF', 'DS.INDEX_OF', 'INT.CONST.-1']
  size#0: ['DS.SIZE']
  get#int: ['DS.GET.INDEX', 'ITE']
  indexOf#obj: ['INT.CONST.-1']
  remove#int: ['DS.GET.INDEX']
  set#int_obj: ['DS.GET.INDEX']
  clear#0: ['INT.EQ', 'INT.LT', 'INT.LT', 'DS.CLEAR', 'DS.GET.INDEX']
  add#obj: [['INT.ADD'], ['DUP.ANY'], ['BOOL.AND'], 'DS.SIZE', 'DS.REMOVE.INDEX', 'DS.SIZE', [[[['DS.INSERT.AT.INDEX'], 'DS.GET.INDEX', 'DS.REMOVE.INDEX', 'BOOL.OR'], 'DS.INSERT.AT.INDEX', 'BOOL.AND'], 'DS.LAST_INDEX_OF', 'BOOL.CONST.True', ['INT.LT']]]
Gen 225: Fitness=0.036922, Acc=0.882, Complexity=0.011
  contains#obj: ['BOOL.AND', ['POP.ANY', 'INT.EQ', ['DS.INDEX_OF', 'BOOL.CONST.False'], 'INT.CONST.-1'], 'INT.LT', ['INT.CONST.-1'], 'BOOL.CONST.False', 'BOOL.CONST.False', 'INT.CONST.-1']
  add#int_obj: [['DS.INSERT.AT.INDEX'], ['DS.SIZE'], 'ITE', 'DS.GET.INDEX', 'DS.GET.INDEX']
  remove#obj: [['DS.INDEX_OF'], 'BOOL.CONST.False', 'INT.CONST.-1', 'DS.INDEX_OF']
  isEmpty#0: ['DS.SET.INDEX', 'INT.ADD', [[['DS.SIZE']], 'INT.CONST.0'], 'BOOL.AND', 'BOOL.CONST.True', 'INT.EQ', 'INT.ADD']
  lastIndexOf#obj: ['POP.ANY', 'DS.INDEX_OF', 'DS.LAST_INDEX_OF', 'INT.CONST.-1']
  size#0: ['DS.SIZE']
  get#int: [['DS.GET.INDEX']]
  indexOf#obj: ['DS.LAST_INDEX_OF']
  remove#int: ['DS.GET.INDEX']
  set#int_obj: ['DS.GET.INDEX']
  clear#0: ['INT.LT', 'DS.SET.INDEX', 'DS.GET.INDEX', 'DS.CLEAR']
  add#obj: [['INT.ADD'], ['DUP.ANY'], ['BOOL.AND'], 'DS.SIZE', 'DS.SIZE', 'DS.REMOVE.INDEX', [[[['DS.INSERT.AT.INDEX'], 'DS.GET.INDEX', 'DS.REMOVE.INDEX', 'BOOL.OR'], 'DS.INSERT.AT.INDEX', 'BOOL.AND'], 'DS.LAST_INDEX_OF', 'BOOL.CONST.True', ['INT.LT']]]
Gen 250: Fitness=0.034239, Acc=0.890, Complexity=0.012
  contains#obj: ['POP.ANY', 'BOOL.CONST.False', 'INT.LT', ['POP.ANY'], 'BOOL.CONST.False', ['INT.CONST.0'], 'INT.CONST.-1']
  add#int_obj: [['DS.INSERT.AT.INDEX'], ['DS.SIZE'], 'DS.GET.INDEX', 'DS.GET.INDEX']
  remove#obj: [['DS.INDEX_OF'], 'BOOL.CONST.False', 'INT.CONST.-1', 'DS.INDEX_OF']
  isEmpty#0: ['INT.CONST.-1', 'INT.ADD', [[['DS.SIZE']], 'INT.CONST.0'], 'BOOL.AND', 'BOOL.CONST.True', 'INT.EQ', 'INT.ADD', 'INT.CONST.1']
  lastIndexOf#obj: [['DS.INSERT.AT.INDEX'], 'BOOL.OR', 'DS.LAST_INDEX_OF', 'BOOL.NOT', 'INT.CONST.-1']
  size#0: ['DS.SIZE']
  get#int: ['BOOL.CONST.True', ['DS.GET.INDEX']]
  indexOf#obj: ['DS.LAST_INDEX_OF', 'INT.EQ']
  remove#int: ['DS.GET.INDEX']
  set#int_obj: ['BOOL.CONST.False', 'DS.GET.INDEX']
  clear#0: ['INT.LT', 'INT.SUB', 'DS.SET.INDEX', 'DS.GET.INDEX', 'DS.CLEAR']
  add#obj: [['INT.ADD'], 'BOOL.OR', ['DUP.ANY'], ['BOOL.AND'], 'DS.SIZE', 'DS.REMOVE.INDEX', 'DS.SIZE', [[[['DS.INSERT.AT.INDEX'], 'DS.GET.INDEX', ['ITE'], 'BOOL.OR'], 'DS.INSERT.AT.INDEX', 'BOOL.AND'], 'DS.LAST_INDEX_OF', 'BOOL.CONST.True', ['INT.LT']]]
Gen 275: Fitness=0.033403, Acc=0.889, Complexity=0.011
  contains#obj: ['POP.ANY', 'BOOL.CONST.False']
  add#int_obj: [['DS.INSERT.AT.INDEX'], ['DS.SIZE'], 'DS.GET.INDEX', 'DS.GET.INDEX']
  remove#obj: [['DS.INDEX_OF'], 'BOOL.CONST.False', 'INT.CONST.-1', 'DS.INDEX_OF']
  isEmpty#0: ['INT.CONST.-1', 'INT.ADD', [[['DS.SIZE']], 'INT.CONST.0'], 'BOOL.AND', 'BOOL.CONST.True', 'INT.EQ', 'INT.ADD', 'INT.CONST.1']
  lastIndexOf#obj: ['BOOL.OR', 'DS.LAST_INDEX_OF', 'DS.LAST_INDEX_OF', 'BOOL.NOT', 'INT.CONST.-1']
  size#0: ['DS.SIZE']
  get#int: ['BOOL.CONST.True', ['DS.GET.INDEX']]
  indexOf#obj: ['DS.INDEX_OF']
  remove#int: ['DS.GET.INDEX']
  set#int_obj: ['BOOL.CONST.False', 'DS.GET.INDEX', 'DS.GET.INDEX']
  clear#0: ['INT.LT', 'INT.SUB', 'DS.SET.INDEX', 'DS.GET.INDEX', 'DS.CLEAR']
  add#obj: [['INT.ADD'], 'BOOL.OR', ['DUP.ANY'], ['BOOL.AND'], 'DS.SIZE', ['DS.GET.INDEX'], 'DS.SIZE', [[[['DS.INSERT.AT.INDEX'], 'DS.GET.INDEX', ['ITE'], 'BOOL.OR'], 'DS.INSERT.AT.INDEX', 'BOOL.AND'], 'DS.LAST_INDEX_OF', 'BOOL.CONST.True', ['INT.LT']]]
Gen 300: Fitness=0.032590, Acc=0.892, Complexity=0.011
  contains#obj: ['POP.ANY', 'BOOL.CONST.False', ['INT.ADD'], ['POP.ANY'], 'BOOL.CONST.False', ['POP.ANY'], 'BOOL.CONST.False', ['BOOL.AND'], 'INT.CONST.-1']
  add#int_obj: [['DS.INSERT.AT.INDEX'], ['DS.SIZE'], 'DS.GET.INDEX', 'DS.GET.INDEX']
  remove#obj: [['DS.INDEX_OF'], 'BOOL.CONST.False', 'DS.GET.INDEX', 'INT.CONST.-1', 'DS.INDEX_OF']
  isEmpty#0: ['INT.CONST.-1', 'INT.ADD', [[['DS.SIZE']], 'INT.CONST.0'], 'BOOL.AND', 'INT.EQ', 'BOOL.OR']
  lastIndexOf#obj: [['DS.INSERT.AT.INDEX'], 'BOOL.OR', 'DS.LAST_INDEX_OF', 'BOOL.NOT', 'INT.CONST.-1']
  size#0: ['DS.SIZE']
  get#int: ['BOOL.CONST.False', ['DS.GET.INDEX']]
  indexOf#obj: ['DS.LAST_INDEX_OF', ['INT.CONST.-1']]
  remove#int: ['DS.GET.INDEX']
  set#int_obj: ['BOOL.CONST.False', 'DS.GET.INDEX']
  clear#0: ['DS.CLEAR']
  add#obj: ['BOOL.OR', ['BOOL.AND'], 'DS.SIZE', 'DS.SIZE', 'DS.REMOVE.INDEX', [[[['DS.INSERT.AT.INDEX'], 'DS.GET.INDEX', ['ITE'], 'BOOL.OR'], 'DS.INSERT.AT.INDEX', 'BOOL.AND'], 'DS.LAST_INDEX_OF', 'BOOL.CONST.True', [['INT.ADD']]]]
Gen 325: Fitness=0.027763, Acc=0.909, Complexity=0.011
  contains#obj: [['ITE'], 'BOOL.CONST.False', 'INT.LT', ['POP.ANY'], 'DS.SET.INDEX', ['POP.ANY'], 'BOOL.CONST.False', ['INT.CONST.0'], ['INT.ADD']]
  add#int_obj: [['DS.INSERT.AT.INDEX'], ['DS.SIZE'], 'DS.GET.INDEX', 'DS.GET.INDEX']
  remove#obj: [['DS.INDEX_OF'], 'BOOL.CONST.False', 'DS.GET.INDEX', 'INT.CONST.-1', 'DS.INDEX_OF']
  isEmpty#0: ['INT.CONST.-1', 'INT.ADD', [[['DS.SIZE']], 'INT.CONST.0'], 'BOOL.AND', 'INT.EQ', 'BOOL.OR']
  lastIndexOf#obj: [['DS.INSERT.AT.INDEX'], 'BOOL.OR', 'DS.LAST_INDEX_OF', 'BOOL.NOT', 'INT.CONST.-1']
  size#0: ['DS.SIZE']
  get#int: ['BOOL.CONST.False', ['DS.GET.INDEX']]
  indexOf#obj: ['DS.LAST_INDEX_OF', ['INT.CONST.-1']]
  remove#int: ['DS.GET.INDEX']
  set#int_obj: [[['DS.GET.INDEX'], 'INT.EQ'], 'DUP.ANY', 'DS.GET.INDEX']
  clear#0: ['DS.CLEAR']
  add#obj: [['BOOL.AND'], 'BOOL.OR', 'DS.SIZE', 'DS.REMOVE.INDEX', 'DS.SIZE', [[[['DS.INSERT.AT.INDEX'], 'DS.GET.INDEX', ['ITE'], 'BOOL.OR'], 'DS.INSERT.AT.INDEX', 'BOOL.AND'], 'DS.LAST_INDEX_OF', 'BOOL.CONST.True', [['INT.ADD']]]]
Gen 350: Fitness=0.027245, Acc=0.908, Complexity=0.011
  contains#obj: [['ITE'], 'BOOL.CONST.False', 'INT.LT', ['POP.ANY'], 'INT.EQ', ['POP.ANY'], 'BOOL.CONST.False', ['BOOL.OR']]
  add#int_obj: [['DS.INSERT.AT.INDEX'], ['DS.SIZE'], 'DS.GET.INDEX', 'DS.GET.INDEX']
  remove#obj: [['DS.LAST_INDEX_OF'], 'BOOL.CONST.False', ['DS.REMOVE.INDEX'], 'INT.CONST.-1', 'DS.INDEX_OF']
  isEmpty#0: ['INT.CONST.-1', 'INT.ADD', [[['DS.SIZE']], 'INT.CONST.0'], 'BOOL.AND', 'INT.EQ', 'BOOL.OR']
  lastIndexOf#obj: [['DS.INSERT.AT.INDEX'], 'BOOL.OR', 'DS.LAST_INDEX_OF', 'BOOL.NOT', 'INT.CONST.-1']
  size#0: ['DS.SIZE']
  get#int: ['BOOL.CONST.False', ['DS.GET.INDEX']]
  indexOf#obj: ['DS.LAST_INDEX_OF', ['INT.CONST.-1']]
  remove#int: ['DS.GET.INDEX']
  set#int_obj: [[['DS.GET.INDEX'], 'INT.EQ'], 'DUP.ANY', 'DS.GET.INDEX']
  clear#0: ['DS.CLEAR']
  add#obj: [['BOOL.AND'], 'BOOL.OR', 'DS.SIZE', 'DS.REMOVE.INDEX', 'DS.SIZE', [[[['DS.INSERT.AT.INDEX'], 'DS.GET.INDEX', ['ITE'], 'BOOL.OR'], 'DS.INSERT.AT.INDEX', 'BOOL.AND'], 'DS.LAST_INDEX_OF', 'BOOL.CONST.True', [['INT.ADD']]]]
Gen 375: Fitness=0.027141, Acc=0.908, Complexity=0.011
  contains#obj: [['ITE'], 'BOOL.CONST.False', 'INT.LT', ['POP.ANY'], 'INT.EQ', ['POP.ANY'], 'BOOL.CONST.False', ['BOOL.OR']]
  add#int_obj: [['DS.INSERT.AT.INDEX'], ['DS.SIZE'], 'DS.GET.INDEX', 'DS.GET.INDEX']
  remove#obj: [['DS.LAST_INDEX_OF'], 'BOOL.CONST.False', ['DS.REMOVE.INDEX'], 'INT.CONST.-1', 'DS.INDEX_OF']
  isEmpty#0: ['INT.CONST.-1', 'INT.ADD', [[['DS.SIZE']], 'INT.CONST.0'], 'BOOL.AND', 'INT.EQ', 'BOOL.OR']
  lastIndexOf#obj: ['DS.LAST_INDEX_OF', ['DS.INSERT.AT.INDEX'], 'BOOL.OR', 'BOOL.NOT', 'INT.CONST.-1']
  size#0: ['DS.SIZE']
  get#int: ['BOOL.CONST.False', ['DS.GET.INDEX']]
  indexOf#obj: ['POP.ANY', ['INT.CONST.-1']]
  remove#int: ['DS.GET.INDEX']
  set#int_obj: [[['DS.GET.INDEX'], 'INT.EQ'], 'DUP.ANY', 'DS.GET.INDEX']
  clear#0: ['DS.CLEAR']
  add#obj: ['DS.SIZE', 'BOOL.OR', 'DS.REMOVE.INDEX', 'DS.SIZE', [[[['DS.INSERT.AT.INDEX'], 'DS.GET.INDEX', ['ITE'], 'DS.INSERT.AT.INDEX'], 'DS.INSERT.AT.INDEX', 'BOOL.AND'], 'DS.LAST_INDEX_OF', 'BOOL.CONST.True', [[['INT.ADD']]]]]
Gen 400: Fitness=0.026746, Acc=0.910, Complexity=0.010
  contains#obj: [['ITE'], ['ITE'], 'ITE', 'POP.ANY', ['POP.ANY'], ['BOOL.OR'], 'BOOL.CONST.False']
  add#int_obj: [['DS.INSERT.AT.INDEX'], ['DS.SIZE'], 'DS.GET.INDEX', 'INT.CONST.0']
  remove#obj: [['DS.LAST_INDEX_OF'], 'BOOL.CONST.False', ['DS.REMOVE.INDEX'], 'INT.CONST.-1', 'DS.INDEX_OF']
  isEmpty#0: ['INT.CONST.-1', 'INT.ADD', [[['DS.SIZE']], 'INT.CONST.0'], 'BOOL.AND', 'INT.EQ', 'BOOL.OR']
  lastIndexOf#obj: ['BOOL.NOT', 'DS.LAST_INDEX_OF', 'INT.CONST.-1']
  size#0: ['DS.SIZE', 'DS.SIZE']
  get#int: ['INT.EQ', 'BOOL.CONST.False', ['DS.GET.INDEX']]
  indexOf#obj: ['DS.INDEX_OF']
  remove#int: ['DS.GET.INDEX']
  set#int_obj: [[['DS.GET.INDEX'], 'INT.EQ'], 'DUP.ANY', 'DS.GET.INDEX']
  clear#0: ['DS.INSERT.AT.INDEX', 'DS.CLEAR']
  add#obj: ['DS.SIZE', [[[['DS.INSERT.AT.INDEX'], 'DS.GET.INDEX', ['ITE'], 'DS.INSERT.AT.INDEX'], 'DS.INSERT.AT.INDEX', 'BOOL.AND'], 'DS.LAST_INDEX_OF', 'BOOL.CONST.True', [[['INT.ADD']]]]]
Gen 425: Fitness=0.026546, Acc=0.910, Complexity=0.009
  contains#obj: [['ITE'], ['ITE'], 'ITE', 'POP.ANY', ['POP.ANY'], ['BOOL.OR'], 'BOOL.CONST.False']
  add#int_obj: [['DS.INSERT.AT.INDEX'], ['DS.SIZE'], 'DS.GET.INDEX', 'INT.CONST.0']
  remove#obj: [['DS.LAST_INDEX_OF'], 'BOOL.CONST.False', ['DS.REMOVE.INDEX'], 'INT.CONST.-1', 'DS.INDEX_OF']
  isEmpty#0: ['INT.CONST.-1', 'INT.ADD', [[['DS.SIZE']], 'INT.CONST.0'], 'BOOL.AND', 'INT.EQ', 'BOOL.OR']
  lastIndexOf#obj: ['DS.LAST_INDEX_OF', 'INT.CONST.-1']
  size#0: [['DS.SIZE']]
  get#int: ['INT.EQ', 'BOOL.CONST.False', ['DS.GET.INDEX']]
  indexOf#obj: ['DS.INDEX_OF']
  remove#int: ['DS.GET.INDEX']
  set#int_obj: [[['DS.GET.INDEX'], 'INT.EQ'], 'DUP.ANY', 'DS.GET.INDEX']
  clear#0: ['DS.INSERT.AT.INDEX', 'DS.CLEAR']
  add#obj: ['DS.SIZE', [[[['DS.INSERT.AT.INDEX'], 'DS.GET.INDEX', ['ITE'], 'DS.INSERT.AT.INDEX'], 'DS.INSERT.AT.INDEX', 'BOOL.AND'], 'DS.LAST_INDEX_OF', 'BOOL.CONST.True', [[['INT.ADD']]]]]
Gen 450: Fitness=0.026066, Acc=0.911, Complexity=0.009
  contains#obj: [['ITE'], ['ITE'], 'ITE', ['POP.ANY'], 'BOOL.CONST.False']
  add#int_obj: [['DS.INSERT.AT.INDEX'], ['DS.SIZE'], 'DS.GET.INDEX', 'INT.CONST.0', 'INT.CONST.0']
  remove#obj: [['DS.LAST_INDEX_OF'], 'BOOL.CONST.False', ['DS.REMOVE.INDEX'], 'INT.CONST.-1', 'DS.INDEX_OF']
  isEmpty#0: ['INT.CONST.-1', 'INT.ADD', [[['DS.SIZE']], 'INT.CONST.0'], 'BOOL.AND', 'INT.EQ', 'BOOL.OR']
  lastIndexOf#obj: ['BOOL.NOT', 'DS.LAST_INDEX_OF', 'INT.CONST.-1']
  size#0: ['DS.SIZE']
  get#int: ['BOOL.CONST.False', 'BOOL.CONST.False', ['DS.GET.INDEX']]
  indexOf#obj: ['DS.INDEX_OF']
  remove#int: [[[['DS.GET.INDEX'], 'BOOL.CONST.False', 'BOOL.NOT']], [[[['BOOL.AND']]]]]
  set#int_obj: [[['DS.GET.INDEX'], 'INT.EQ'], 'DUP.ANY', 'DS.GET.INDEX']
  clear#0: ['DS.INSERT.AT.INDEX', 'DS.CLEAR']
  add#obj: ['DS.SIZE', ['BOOL.AND', 'DS.INSERT.AT.INDEX', 'BOOL.CONST.True', 'INT.CONST.1']]
Gen 475: Fitness=0.025939, Acc=0.911, Complexity=0.009
  contains#obj: [['ITE'], ['ITE'], 'ITE', ['POP.ANY'], 'BOOL.CONST.False']
  add#int_obj: [['DS.INSERT.AT.INDEX'], ['DS.SIZE'], 'DS.GET.INDEX', 'INT.CONST.-1', 'INT.CONST.0']
  remove#obj: ['DS.LAST_INDEX_OF', 'BOOL.CONST.False', ['DS.REMOVE.INDEX'], 'INT.EQ']
  isEmpty#0: ['INT.CONST.-1', 'INT.ADD', [[['DS.SIZE']], 'INT.CONST.0'], 'BOOL.AND', 'INT.EQ', 'BOOL.OR']
  lastIndexOf#obj: ['BOOL.NOT', 'DS.LAST_INDEX_OF', 'INT.CONST.-1']
  size#0: ['DS.SIZE']
  get#int: ['BOOL.CONST.False', 'BOOL.CONST.False', ['DS.GET.INDEX']]
  indexOf#obj: ['DS.INDEX_OF']
  remove#int: [[[['DS.GET.INDEX'], 'BOOL.CONST.False', 'BOOL.NOT']], [[[['BOOL.AND']]]]]
  set#int_obj: [[['DS.GET.INDEX'], 'INT.EQ'], 'DUP.ANY', 'DS.GET.INDEX']
  clear#0: ['DS.INSERT.AT.INDEX', 'DS.CLEAR']
  add#obj: ['DS.SIZE', ['BOOL.AND', 'DS.INSERT.AT.INDEX', 'BOOL.CONST.True', 'INT.CONST.1']]
Gen 500: Fitness=0.025648, Acc=0.911, Complexity=0.008
  contains#obj: [['ITE'], ['ITE'], 'ITE', ['POP.ANY'], 'BOOL.CONST.False']
  add#int_obj: [['DS.INSERT.AT.INDEX'], ['DS.SIZE'], 'DS.GET.INDEX']
  remove#obj: [['DS.LAST_INDEX_OF'], 'BOOL.CONST.False', ['DS.REMOVE.INDEX'], 'INT.CONST.-1', 'DS.INDEX_OF']
  isEmpty#0: ['INT.CONST.-1', 'DS.GET.INDEX', [[['DS.SIZE']], 'INT.CONST.0'], 'INT.EQ', 'BOOL.OR']
  lastIndexOf#obj: ['BOOL.NOT', 'DS.LAST_INDEX_OF', 'INT.CONST.-1']
  size#0: ['DS.SIZE']
  get#int: ['BOOL.CONST.False', 'BOOL.CONST.False', ['DS.GET.INDEX']]
  indexOf#obj: ['DS.INDEX_OF']
  remove#int: [[[['DS.GET.INDEX'], 'BOOL.CONST.False', 'BOOL.NOT']], [[[['BOOL.AND']]]]]
  set#int_obj: [[['DS.GET.INDEX'], 'INT.EQ'], 'DUP.ANY', 'DS.GET.INDEX']
  clear#0: ['DS.CLEAR']
  add#obj: ['DS.SIZE', ['BOOL.AND', 'DS.INSERT.AT.INDEX', 'BOOL.CONST.True', 'INT.CONST.1']]
Gen 525: Fitness=0.025548, Acc=0.911, Complexity=0.008
  contains#obj: [['ITE'], ['ITE'], 'ITE', ['POP.ANY'], 'BOOL.CONST.False']
  add#int_obj: [['DS.INSERT.AT.INDEX'], ['DS.SIZE'], 'DS.GET.INDEX']
  remove#obj: [['DS.LAST_INDEX_OF'], 'BOOL.CONST.False', ['DS.REMOVE.INDEX'], 'INT.CONST.-1', 'DS.INDEX_OF']
  isEmpty#0: ['INT.CONST.-1', 'DS.GET.INDEX', [[['DS.SIZE']], 'INT.CONST.0'], 'INT.EQ', 'BOOL.OR']
  lastIndexOf#obj: ['DS.LAST_INDEX_OF', 'BOOL.NOT', 'INT.CONST.-1']
  size#0: ['DS.SIZE']
  get#int: ['BOOL.CONST.False', ['DS.GET.INDEX']]
  indexOf#obj: ['DS.INDEX_OF']
  remove#int: [[[['DS.GET.INDEX'], 'BOOL.CONST.False', 'BOOL.NOT']], [[[['BOOL.AND']]]]]
  set#int_obj: [[['DS.GET.INDEX'], 'INT.EQ'], 'DUP.ANY', 'DS.GET.INDEX']
  clear#0: ['DS.CLEAR']
  add#obj: ['DS.SIZE', ['BOOL.AND', 'DS.INSERT.AT.INDEX', 'BOOL.CONST.True', 'INT.CONST.1']]
Gen 550: Fitness=0.025248, Acc=0.911, Complexity=0.007
  contains#obj: [['ITE'], ['ITE'], 'ITE', ['POP.ANY'], 'BOOL.CONST.False']
  add#int_obj: [['DS.INSERT.AT.INDEX'], ['DS.SIZE'], 'DS.GET.INDEX']
  remove#obj: [['DS.LAST_INDEX_OF'], 'BOOL.CONST.False', ['DS.REMOVE.INDEX'], 'INT.CONST.-1', 'DS.INDEX_OF']
  isEmpty#0: [['INT.CONST.0'], ['DS.SIZE'], 'INT.EQ', 'INT.CONST.0']
  lastIndexOf#obj: ['BOOL.NOT', 'DS.LAST_INDEX_OF', 'INT.CONST.-1']
  size#0: ['DS.SIZE']
  get#int: ['BOOL.CONST.False', ['DS.GET.INDEX']]
  indexOf#obj: ['DS.INDEX_OF']
  remove#int: [[[['DS.GET.INDEX'], 'BOOL.CONST.False', 'BOOL.NOT']], [[[['BOOL.AND']]]]]
  set#int_obj: ['DS.GET.INDEX', 'DUP.ANY', 'DS.GET.INDEX']
  clear#0: ['DS.CLEAR']
  add#obj: ['DS.SIZE', ['BOOL.AND', 'DS.INSERT.AT.INDEX', 'BOOL.CONST.True', 'INT.CONST.1']]
Gen 575: Fitness=0.025144, Acc=0.911, Complexity=0.007
  contains#obj: [['ITE'], 'ITE', ['POP.ANY'], 'BOOL.CONST.False']
  add#int_obj: [['DS.INSERT.AT.INDEX'], ['DS.SIZE'], 'DS.GET.INDEX']
  remove#obj: [['DS.LAST_INDEX_OF'], 'BOOL.CONST.False', ['DS.REMOVE.INDEX'], 'INT.CONST.-1', 'DS.INDEX_OF']
  isEmpty#0: [['INT.CONST.0'], ['DS.SIZE'], 'INT.EQ']
  lastIndexOf#obj: ['DS.INSERT.AT.INDEX', 'DS.LAST_INDEX_OF', 'INT.CONST.-1']
  size#0: ['DS.SIZE']
  get#int: ['BOOL.CONST.False', 'BOOL.CONST.False', ['DS.GET.INDEX']]
  indexOf#obj: ['DS.INDEX_OF']
  remove#int: [[[['DS.GET.INDEX'], 'BOOL.CONST.False', 'BOOL.NOT']], [[[['BOOL.AND']]]]]
  set#int_obj: ['DS.GET.INDEX', 'DUP.ANY', 'DS.GET.INDEX']
  clear#0: ['DS.CLEAR']
  add#obj: ['DS.SIZE', ['BOOL.AND', 'DS.INSERT.AT.INDEX', 'BOOL.CONST.True', 'INT.CONST.1']]
Gen 600: Fitness=0.024935, Acc=0.911, Complexity=0.007
  contains#obj: [['ITE'], 'ITE', ['POP.ANY'], 'BOOL.CONST.False']
  add#int_obj: [['DS.INSERT.AT.INDEX'], ['DS.SIZE'], 'DS.GET.INDEX']
  remove#obj: ['DS.INDEX_OF', 'BOOL.CONST.False', ['DS.REMOVE.INDEX'], 'BOOL.CONST.False']
  isEmpty#0: [['INT.CONST.0'], ['DS.SIZE'], 'INT.EQ']
  lastIndexOf#obj: ['DS.INSERT.AT.INDEX', 'DS.LAST_INDEX_OF', 'INT.CONST.-1']
  size#0: ['DS.SIZE']
  get#int: ['BOOL.CONST.False', ['DS.GET.INDEX']]
  indexOf#obj: ['DS.INDEX_OF']
  remove#int: [[[['DS.GET.INDEX'], 'BOOL.CONST.False', 'BOOL.NOT']], [[[['BOOL.AND']]]]]
  set#int_obj: ['DS.GET.INDEX', 'DUP.ANY', 'DS.GET.INDEX']
  clear#0: ['DS.CLEAR']
  add#obj: ['DS.SIZE', ['BOOL.AND', 'DS.INSERT.AT.INDEX', 'BOOL.CONST.True', 'INT.CONST.1']]
Gen 625: Fitness=0.024831, Acc=0.911, Complexity=0.007
  contains#obj: [['ITE'], 'ITE', ['POP.ANY'], 'BOOL.CONST.False']
  add#int_obj: [['DS.INSERT.AT.INDEX'], ['DS.SIZE'], 'DS.GET.INDEX']
  remove#obj: ['DS.INDEX_OF', 'BOOL.CONST.True', ['DS.REMOVE.INDEX'], 'BOOL.CONST.False']
  isEmpty#0: [['INT.CONST.0'], ['DS.SIZE'], 'INT.EQ']
  lastIndexOf#obj: ['DS.INSERT.AT.INDEX', 'DS.LAST_INDEX_OF', 'INT.CONST.-1']
  size#0: ['DS.SIZE']
  get#int: ['BOOL.CONST.False', ['DS.GET.INDEX']]
  indexOf#obj: ['DS.INDEX_OF']
  remove#int: [[[['DS.GET.INDEX'], 'BOOL.CONST.False', 'BOOL.NOT']], [[[['BOOL.AND']]]]]
  set#int_obj: ['DS.GET.INDEX', 'DUP.ANY', 'DS.GET.INDEX']
  clear#0: ['DS.CLEAR']
  add#obj: ['DS.SIZE', ['BOOL.AND', 'DS.INSERT.AT.INDEX', 'BOOL.CONST.True', 'INT.CONST.1']]
Gen 650: Fitness=0.024735, Acc=0.911, Complexity=0.006
  contains#obj: ['DS.LAST_INDEX_OF', ['POP.ANY'], 'BOOL.CONST.False']
  add#int_obj: [['DS.INSERT.AT.INDEX'], ['DS.SIZE'], 'DS.GET.INDEX']
  remove#obj: ['DS.INDEX_OF', ['BOOL.CONST.False'], ['DS.REMOVE.INDEX']]
  isEmpty#0: [['INT.CONST.0'], ['DS.SIZE'], 'INT.EQ']
  lastIndexOf#obj: ['DS.LAST_INDEX_OF', 'DS.INSERT.AT.INDEX', 'INT.CONST.-1']
  size#0: ['DS.SIZE']
  get#int: ['BOOL.CONST.False', ['DS.GET.INDEX']]
  indexOf#obj: ['DS.INDEX_OF']
  remove#int: [[[['DS.GET.INDEX'], 'BOOL.CONST.False', 'BOOL.NOT']], [[[['BOOL.AND']]]]]
  set#int_obj: ['DS.GET.INDEX', 'DUP.ANY', 'DS.GET.INDEX']
  clear#0: ['DS.CLEAR']
  add#obj: ['DS.SIZE', ['BOOL.AND', 'DS.INSERT.AT.INDEX', 'BOOL.CONST.True', 'INT.CONST.1']]
Gen 675: Fitness=0.024471, Acc=0.911, Complexity=0.007
  contains#obj: ['DS.LAST_INDEX_OF', ['POP.ANY'], 'BOOL.CONST.False']
  add#int_obj: [['DS.INSERT.AT.INDEX'], ['DS.SIZE'], 'DS.GET.INDEX']
  remove#obj: ['DS.INDEX_OF', ['BOOL.CONST.False'], ['DS.REMOVE.INDEX']]
  isEmpty#0: [['INT.CONST.0'], ['DS.SIZE'], 'INT.EQ']
  lastIndexOf#obj: ['DS.LAST_INDEX_OF', 'DS.INSERT.AT.INDEX', 'INT.CONST.-1']
  size#0: ['DS.SIZE']
  get#int: ['BOOL.CONST.False', ['DS.GET.INDEX']]
  indexOf#obj: ['DS.INDEX_OF']
  remove#int: [[[['DS.GET.INDEX'], 'BOOL.CONST.False', 'BOOL.NOT']], [[[['BOOL.AND']]]]]
  set#int_obj: ['BOOL.NOT', 'DS.GET.INDEX', 'DUP.ANY', 'DS.GET.INDEX']
  clear#0: ['DS.CLEAR']
  add#obj: ['DS.SIZE', ['BOOL.AND', 'DS.INSERT.AT.INDEX', 'BOOL.CONST.True', 'INT.CONST.1']]
Gen 700: Fitness=0.024371, Acc=0.911, Complexity=0.007
  contains#obj: ['DS.LAST_INDEX_OF', 'BOOL.CONST.False', ['POP.ANY']]
  add#int_obj: [['DS.INSERT.AT.INDEX'], ['DS.SIZE'], 'DS.GET.INDEX']
  remove#obj: ['DS.INDEX_OF', ['BOOL.CONST.False'], ['DS.REMOVE.INDEX']]
  isEmpty#0: [['INT.CONST.0'], ['DS.SIZE'], 'INT.EQ']
  lastIndexOf#obj: ['DS.LAST_INDEX_OF', 'DS.INSERT.AT.INDEX', 'INT.CONST.-1']
  size#0: ['DS.SIZE']
  get#int: ['BOOL.CONST.False', ['DS.GET.INDEX']]
  indexOf#obj: ['DS.INDEX_OF']
  remove#int: [[[['DS.GET.INDEX'], 'BOOL.CONST.False', 'BOOL.NOT']], [[[['BOOL.AND']]]]]
  set#int_obj: ['BOOL.CONST.False', 'DS.GET.INDEX', 'DUP.ANY', 'DS.GET.INDEX']
  clear#0: ['DS.CLEAR']
  add#obj: ['DS.SIZE', ['BOOL.AND', 'DS.INSERT.AT.INDEX', 'BOOL.CONST.True', 'INT.CONST.1']]
Gen 725: Fitness=0.024271, Acc=0.911, Complexity=0.006
  contains#obj: ['POP.ANY', 'BOOL.CONST.False']
  add#int_obj: [['DS.INSERT.AT.INDEX'], ['DS.SIZE'], 'DS.GET.INDEX']
  remove#obj: ['DS.INDEX_OF', ['BOOL.CONST.False'], ['DS.REMOVE.INDEX']]
  isEmpty#0: [['INT.CONST.0'], ['DS.SIZE'], 'INT.EQ']
  lastIndexOf#obj: ['DS.LAST_INDEX_OF', 'DS.INSERT.AT.INDEX', 'INT.CONST.-1']
  size#0: ['DS.SIZE']
  get#int: ['BOOL.CONST.False', ['DS.GET.INDEX']]
  indexOf#obj: ['DS.INDEX_OF']
  remove#int: [[[['DS.GET.INDEX'], 'BOOL.CONST.False', 'BOOL.NOT']], [[[['BOOL.AND']]]]]
  set#int_obj: ['BOOL.CONST.False', 'DS.GET.INDEX', 'DUP.ANY', 'DS.GET.INDEX']
  clear#0: ['DS.CLEAR']
  add#obj: ['DS.SIZE', ['BOOL.AND', 'DS.INSERT.AT.INDEX', 'BOOL.CONST.True', 'INT.CONST.1']]
Gen 750: Fitness=0.024184, Acc=0.911, Complexity=0.006
  contains#obj: ['DS.LAST_INDEX_OF', 'BOOL.CONST.False']
  add#int_obj: [['DS.INSERT.AT.INDEX'], ['DS.SIZE'], 'DS.GET.INDEX']
  remove#obj: ['DS.INDEX_OF', ['BOOL.CONST.False'], ['DS.REMOVE.INDEX']]
  isEmpty#0: [['INT.CONST.0'], ['DS.SIZE'], 'INT.EQ']
  lastIndexOf#obj: ['DS.LAST_INDEX_OF', 'INT.CONST.-1']
  size#0: ['DS.SIZE']
  get#int: ['BOOL.CONST.False', ['DS.GET.INDEX']]
  indexOf#obj: ['DS.INDEX_OF']
  remove#int: [[[['DS.GET.INDEX'], 'BOOL.CONST.False', 'BOOL.NOT']], [[[['BOOL.AND']]]]]
  set#int_obj: ['BOOL.CONST.False', 'DS.GET.INDEX', 'DUP.ANY', 'DS.GET.INDEX']
  clear#0: ['DS.CLEAR']
  add#obj: ['DS.SIZE', ['BOOL.AND', 'DS.INSERT.AT.INDEX', 'BOOL.CONST.True', 'INT.CONST.1']]
Gen 775: Fitness=0.023984, Acc=0.911, Complexity=0.006
  contains#obj: ['DS.LAST_INDEX_OF', 'BOOL.CONST.False']
  add#int_obj: [['DS.INSERT.AT.INDEX'], ['DS.SIZE'], 'DS.GET.INDEX']
  remove#obj: ['DS.INDEX_OF', ['BOOL.CONST.False'], ['DS.REMOVE.INDEX']]
  isEmpty#0: [['INT.CONST.0'], ['DS.SIZE'], 'INT.EQ']
  lastIndexOf#obj: ['DS.LAST_INDEX_OF', 'INT.CONST.-1']
  size#0: ['DS.SIZE']
  get#int: ['BOOL.CONST.False', ['DS.GET.INDEX']]
  indexOf#obj: ['DS.INDEX_OF']
  remove#int: ['BOOL.CONST.True', ['DS.GET.INDEX']]
  set#int_obj: ['BOOL.CONST.False', 'DS.GET.INDEX', 'DUP.ANY', 'DS.GET.INDEX']
  clear#0: ['DS.CLEAR']
  add#obj: ['DS.SIZE', ['BOOL.AND', 'DS.INSERT.AT.INDEX', 'BOOL.CONST.True', 'INT.CONST.1']]
Gen 800: Fitness=0.023975, Acc=0.911, Complexity=0.006
  contains#obj: ['POP.ANY', 'BOOL.CONST.False']
  add#int_obj: [['DS.INSERT.AT.INDEX'], ['DS.SIZE'], 'DS.GET.INDEX']
  remove#obj: ['DS.INDEX_OF', ['BOOL.CONST.False'], ['DS.REMOVE.INDEX']]
  isEmpty#0: [['INT.CONST.0'], ['DS.SIZE'], 'INT.EQ']
  lastIndexOf#obj: ['DS.LAST_INDEX_OF', 'INT.CONST.-1']
  size#0: ['DS.SIZE']
  get#int: ['BOOL.CONST.False', ['DS.GET.INDEX']]
  indexOf#obj: ['DS.INDEX_OF']
  remove#int: ['BOOL.CONST.True', ['DS.GET.INDEX']]
  set#int_obj: ['BOOL.CONST.False', 'DS.GET.INDEX', 'DUP.ANY', 'DS.GET.INDEX']
  clear#0: ['DS.CLEAR']
  add#obj: ['DS.SIZE', ['BOOL.AND', 'DS.INSERT.AT.INDEX', 'BOOL.CONST.True', 'INT.CONST.1']]
Gen 825: Fitness=0.023849, Acc=0.913, Complexity=0.006
  contains#obj: ['DS.LAST_INDEX_OF', 'BOOL.CONST.False', 'DS.GET.INDEX']
  add#int_obj: [['DS.INSERT.AT.INDEX'], ['DS.SIZE'], 'DS.GET.INDEX']
  remove#obj: ['DS.INDEX_OF', ['BOOL.CONST.False'], ['DS.REMOVE.INDEX']]
  isEmpty#0: [['INT.CONST.0'], ['DS.SIZE'], 'INT.EQ']
  lastIndexOf#obj: ['DS.LAST_INDEX_OF', 'INT.CONST.-1']
  size#0: ['DS.SIZE', 'INT.LT']
  get#int: ['BOOL.CONST.False', ['DS.GET.INDEX']]
  indexOf#obj: ['DS.INDEX_OF']
  remove#int: ['BOOL.CONST.True', ['DS.GET.INDEX']]
  set#int_obj: ['BOOL.CONST.False', 'DS.GET.INDEX', 'DUP.ANY', 'DS.GET.INDEX']
  clear#0: ['DS.CLEAR']
  add#obj: ['DS.SIZE', ['BOOL.AND', 'DS.INSERT.AT.INDEX', 'BOOL.CONST.True', 'INT.CONST.1']]
Gen 850: Fitness=0.023749, Acc=0.913, Complexity=0.006
  contains#obj: ['DS.LAST_INDEX_OF', 'BOOL.CONST.False', 'DS.GET.INDEX']
  add#int_obj: [['DS.INSERT.AT.INDEX'], ['DS.SIZE'], 'DS.GET.INDEX']
  remove#obj: ['DS.INDEX_OF', ['BOOL.CONST.False'], ['DS.REMOVE.INDEX']]
  isEmpty#0: [['INT.CONST.0'], ['DS.SIZE'], 'INT.EQ']
  lastIndexOf#obj: ['DS.LAST_INDEX_OF', 'INT.CONST.-1']
  size#0: ['DS.SIZE']
  get#int: ['BOOL.CONST.False', ['DS.GET.INDEX']]
  indexOf#obj: ['DS.INDEX_OF']
  remove#int: ['BOOL.CONST.True', ['DS.GET.INDEX']]
  set#int_obj: ['BOOL.CONST.False', 'DS.GET.INDEX', 'DUP.ANY', 'DS.GET.INDEX']
  clear#0: ['DS.CLEAR']
  add#obj: ['DS.SIZE', ['BOOL.AND', 'DS.INSERT.AT.INDEX', 'BOOL.CONST.True', 'INT.CONST.1']]
Gen 875: Fitness=0.023749, Acc=0.913, Complexity=0.006
  contains#obj: ['DS.LAST_INDEX_OF', 'BOOL.CONST.False', 'DS.GET.INDEX']
  add#int_obj: [['DS.INSERT.AT.INDEX'], ['DS.SIZE'], 'DS.GET.INDEX']
  remove#obj: ['DS.INDEX_OF', ['BOOL.CONST.False'], ['DS.REMOVE.INDEX']]
  isEmpty#0: [['INT.CONST.0'], ['DS.SIZE'], 'INT.EQ']
  lastIndexOf#obj: ['DS.LAST_INDEX_OF', 'INT.CONST.-1']
  size#0: ['DS.SIZE']
  get#int: ['BOOL.CONST.False', ['DS.GET.INDEX']]
  indexOf#obj: ['DS.INDEX_OF']
  remove#int: ['BOOL.CONST.True', ['DS.GET.INDEX']]
  set#int_obj: ['BOOL.CONST.False', 'DS.GET.INDEX', 'DUP.ANY', 'DS.GET.INDEX']
  clear#0: ['DS.CLEAR']
  add#obj: ['DS.SIZE', ['BOOL.AND', 'DS.INSERT.AT.INDEX', 'BOOL.CONST.True', 'INT.CONST.1']]
Gen 900: Fitness=0.023749, Acc=0.913, Complexity=0.006
  contains#obj: ['DS.LAST_INDEX_OF', 'BOOL.CONST.False', 'DS.GET.INDEX']
  add#int_obj: [['DS.INSERT.AT.INDEX'], ['DS.SIZE'], 'DS.GET.INDEX']
  remove#obj: ['DS.INDEX_OF', ['BOOL.CONST.False'], ['DS.REMOVE.INDEX']]
  isEmpty#0: [['INT.CONST.0'], ['DS.SIZE'], 'INT.EQ']
  lastIndexOf#obj: ['DS.LAST_INDEX_OF', 'INT.CONST.-1']
  size#0: ['DS.SIZE']
  get#int: ['BOOL.CONST.False', ['DS.GET.INDEX']]
  indexOf#obj: ['DS.INDEX_OF']
  remove#int: ['BOOL.CONST.True', ['DS.GET.INDEX']]
  set#int_obj: ['BOOL.CONST.False', 'DS.GET.INDEX', 'DUP.ANY', 'DS.GET.INDEX']
  clear#0: ['DS.CLEAR']
  add#obj: ['DS.SIZE', ['BOOL.AND', 'DS.INSERT.AT.INDEX', 'BOOL.CONST.True', 'INT.CONST.1']]
Gen 925: Fitness=0.023749, Acc=0.913, Complexity=0.006
  contains#obj: ['DS.LAST_INDEX_OF', 'BOOL.CONST.False', 'DS.GET.INDEX']
  add#int_obj: [['DS.INSERT.AT.INDEX'], ['DS.SIZE'], 'DS.GET.INDEX']
  remove#obj: ['DS.INDEX_OF', ['BOOL.CONST.False'], ['DS.REMOVE.INDEX']]
  isEmpty#0: [['INT.CONST.0'], ['DS.SIZE'], 'INT.EQ']
  lastIndexOf#obj: ['DS.LAST_INDEX_OF', 'INT.CONST.-1']
  size#0: ['DS.SIZE']
  get#int: ['BOOL.CONST.False', ['DS.GET.INDEX']]
  indexOf#obj: ['DS.INDEX_OF']
  remove#int: ['BOOL.CONST.True', ['DS.GET.INDEX']]
  set#int_obj: ['BOOL.CONST.False', 'DS.GET.INDEX', 'DUP.ANY', 'DS.GET.INDEX']
  clear#0: ['DS.CLEAR']
  add#obj: ['DS.SIZE', ['BOOL.AND', 'DS.INSERT.AT.INDEX', 'BOOL.CONST.True', 'INT.CONST.1']]
Stopping after 100 gens without improvement
Evolution completed in 2160.22 seconds
PushGP genome saved to: genomes/public_class_java_util_ArrayList_E__run5.json
Best genome saved to genomes/public_class_java_util_ArrayList_E__run5.json
